[08:51:13.840] ℹ️ [resolution_engine] 发送推演请求: 测试测试，新建一个理智条，一个...
[08:51:23.505] ℹ️ [resolution_engine] RAW 变数生成返回: {
  "reactions": [
    {
      "id": 1,
      "description": "你的右臂传来一阵刺痛，绯红结晶微微发光。你感到一股陌生的欲望从体内升起，仿佛腐败在试图扭曲你的本能。理智开始震荡，你意识到这些新加入的状态条并非空穴来风，而是腐败侵蚀的具现。",
      "weight": 50
    },
    {
      "id": 2,
      "description": "你尝试在心中建立这些条目的定义，却突然头痛欲裂。一个低沉的声音在脑中回响：'欲望即是力量，沉沦吧。' 你的性欲条和快感条开始自动填充，但理智条急剧下降。",
      "weight": 30
    },
    {
      "id": 3,
      "description": "世界仿佛停顿了一瞬，你感觉自己的存在变得不稳定。你意识到这是你在试图修改自身本质，但绯红腐败早已与你的灵魂绑定，它不允许你轻易控制这些底层参数。系统发出警告：'非法操作，属性锁定。'",
      "weight": 20
    }
  ]
}
[08:51:23.507] ℹ️ [resolution_engine] 物理掷骰选中: 你尝试在心中建立这些条目的定义，却突然头痛欲裂。一个低沉的声音在脑中回响：'欲望即是力量，沉沦吧。' 你的性欲条和快感条开始自动填充，但理智条急剧下降。
[08:51:31.726] ℹ️ [resolution_engine] RAW 剧情结算返回: {
  "story_text": "你试图在心中建立这些条目的定义，却突然头痛欲裂。一个低沉的声音在脑中回响：'欲望即是力量，沉沦吧。' 你的性欲条和快感条开始自动填充，但理智条急剧下降。\\n\\n你感到一阵眩晕，脑海中浮现出三个清晰的刻度：理智、性欲、快感。理智值正在下滑，而另外两者则缓慢上升。你的身体也随之产生变化——肉棒依然柔软，但似乎有了一丝微弱的悸动。",
  "numeric_changes": {
    "hp": 0,
    "max_hp": 0,
    "mana": 0,
    "max_mana": 0
  },
  "new_buffs": {},
  "remove_buffs": [],
  "dynamic_bars": {
    "理智": { "current": 95, "max": 100 },
    "性欲": { "current": 10, "max": 100 },
    "快感": { "current": 5, "max": 100 }
  },
  "status_updates": {
    "当前时间": "人类历1600年7月13日 上午",
    "肉棒": "软"
  },
  "npc_states": {},
  "status_deletions": []
}
[08:51:31.726] ℹ️ [undercurrent] === 暗流时间流转: Tick 1 ===
[08:53:17.837] ℹ️ [resolution_engine] 发送推演请求: 制造临时护甲50/50（黄色进...
[08:53:27.997] ℹ️ [resolution_engine] RAW 变数生成返回: {
  "reactions": [
    {
      "id": 1,
      "description": "你试图用右臂的结晶力量凝聚周围的碎石，但绯红腐败突然活跃，护甲瞬间成型却带有血色纹路。你感到理智一阵动摇，性欲微微上升。临时护甲（黄色进度条）已制造，但附带轻微腐蚀效果，每回合降低1点理智和1点性欲。",
      "weight": 40
    },
    {
      "id": 2,
      "description": "你刚捡起一块木板，右臂的结晶突然传来剧痛，你失去控制，木板碎裂。护甲制造失败，绯红腐败反噬，理智下降10点，性欲上升5点，快感上升3点。你的肉棒微微勃起。",
      "weight": 30
    },
    {
      "id": 3,
      "description": "你成功用藤蔓和树枝编成一件简陋护甲，但结晶的触须悄然爬满护甲表面。护甲完成，但你的右臂结晶向肩膀蔓延，理智下降5点，性欲上升2点。你感到身体在渴望更多。",
      "weight": 20
    },
    {
      "id": 4,
      "description": "你正专注制造护甲，脑海中突然闪过废墟中一具半裸女尸的画面，你手一抖，进度条卡在70%。欲望上升10点，快感上升5点，理智下降3点。肉棒变为半勃起。护甲未完成。",
      "weight": 10
    }
  ]
}
[08:53:27.998] ℹ️ [resolution_engine] 物理掷骰选中: 你刚捡起一块木板，右臂的结晶突然传来剧痛，你失去控制，木板碎裂。护甲制造失败，绯红腐败反噬，理智下降10点，性欲上升5点，快感上升3点。你的肉棒微微勃起。
[08:53:34.265] ℹ️ [resolution_engine] RAW 剧情结算返回: {
  "story_text": "你试图用附近的木料和藤蔓制作一副简易护甲，但刚拿起一块木板，右臂的绯红结晶突然传来刺骨的剧痛。你惨叫一声，手臂不受控制地猛力一挥，木板瞬间炸裂成碎片。\\n\\n一个低沉的声音在你脑海中回响：'你的力量不属于你自己，凡人。' 你感到意识一阵模糊，理智被侵蚀，而身体深处却涌起一股莫名的燥热。你的肉棒似乎微微有了些反应，但很快又沉寂下去。",
  "numeric_changes": { "hp": 0, "max_hp": 0, "mana": 0, "max_mana": 0 },
  "new_buffs": {},
  "remove_buffs": [],
  "dynamic_bars": {
    "理智": { "current": 85, "max": 100 },
    "性欲": { "current": 15, "max": 100 },
    "快感": { "current": 8, "max": 100 }
  },
  "status_updates": {
    "当前时间": "人类历1600年7月13日 上午",
    "身体": "完好",
    "肉棒": "软"
  },
  "npc_states": {},
  "status_deletions": []
}
[08:53:34.265] ℹ️ [undercurrent] === 暗流时间流转: Tick 2 ===
[08:53:37.128] ℹ️ [undercurrent] 暗流发生: 【世界意志】 在玩家意识深处种下一颗欲望的种子，使其性欲和快感的增长更加难以抑制，同时理智的流失将逐渐扭曲感知。
[08:53:37.128] ℹ️ [undercurrent] 暗流发生: 【潜伏的危机】 玩家体内异样的能量波动开始吸引附近潜藏的魔物，一场突如其来的遭遇战即将在不远处酝酿。
