[02:28:39.108] ℹ️ [resolution_engine] 发送推演请求: （土匪白皙的大胸、粉嫩的乳头裸...
[02:28:43.936] ℹ️ [resolution_engine] RAW 变数生成返回: {
  "reactions": [
    {
      "id": 1,
      "description": "土匪被你的言语激怒，他怒吼一声，挥舞手中的弯刀向你冲来，眼中充满杀意。",
      "weight": 70
    },
    {
      "id": 2,
      "description": "裂隙中的低语者趁机低声呢喃，你的理智被一丝欲望侵蚀，理智-5。",
      "weight": 20
    },
    {
      "id": 3,
      "description": "村民甲被这突如其来的变故吓得瑟瑟发抖，躲在你身后。",
      "weight": 10
    }
  ]
}
[02:28:43.938] ℹ️ [resolution_engine] 物理掷骰选中: 土匪被你的言语激怒，他怒吼一声，挥舞手中的弯刀向你冲来，眼中充满杀意。
[02:28:47.756] ℹ️ [resolution_engine] RAW 剧情结算返回: {
  "story_text": "你话音未落，土匪便暴怒地扑来，弯刀划出一道寒光。你闪避不及，左臂被划出一道口子，鲜血渗出。村民甲惊恐地后退几步。",
  "numeric_changes": {
    "hp": -5,
    "max_hp": 0,
    "mana": 0,
    "max_mana": 0
  },
  "new_buffs": {},
  "remove_buffs": [],
  "dynamic_bars": {
    "理智": {"current": 100, "max": 100},
    "性欲": {"current": 0, "max": 100}
  },
  "status_updates": {
    "身体": "轻伤",
    "肉棒": "软",
    "背包": "草药*2"
  },
  "npc_states": {
    "村民甲": "theme:emerald, 状态:健康, 意图:无害",
    "土匪": "theme:red, 状态:健康, 护甲:10/10, 意图:敌对"
  },
  "status_deletions": []
}
[02:28:47.756] ℹ️ [undercurrent] === 暗流时间流转: Tick 32 ===
[02:28:50.470] ℹ️ [undercurrent] 暗流发生: 【土匪王】 暗中集结人手，准备伏击玩家途经的路线
[02:28:50.470] ℹ️ [undercurrent] 暗流发生: 【裂隙中的低语者】 持续在玩家耳边低语，试图侵蚀其理智
[02:30:18.379] ℹ️ [resolution_engine] 发送推演请求: 村民甲死亡...
[02:30:22.395] ℹ️ [resolution_engine] RAW 变数生成返回: {
  "reactions": [
    {
      "id": 1,
      "description": "土匪狞笑一声，一脚踢开村民甲的尸体，转向你挥舞弯刀：“下一个就是你！”",
      "weight": 70
    },
    {
      "id": 2,
      "description": "村民甲的死亡让周围的空气变得更加凝重，你感到一股寒意从脊背升起，仿佛有什么东西在暗处窥视。",
      "weight": 20
    },
    {
      "id": 3,
      "description": "村民甲倒下时，他背包里的东西滚落出来：几枚铜币和一块发黑的护身符。",
      "weight": 10
    }
  ]
}
[02:30:22.395] ℹ️ [resolution_engine] 物理掷骰选中: 土匪狞笑一声，一脚踢开村民甲的尸体，转向你挥舞弯刀：“下一个就是你！”
[02:30:33.453] ℹ️ [resolution_engine] RAW 剧情结算返回: {
  "story_text": "你话音未落，村民甲应声倒地，鲜血染红了泥土。土匪狞笑一声，一脚踢开村民甲的尸体，转向你挥舞弯刀：“下一个就是你！”",
  "numeric_changes": {
    "hp": -8,
    "max_hp": 0,
    "mana": 0,
    "max_mana": 0
  },
  "new_buffs": {},
  "remove_buffs": [],
  "dynamic_bars": {
    "理智": {"current": 100, "max": 100},
    "性欲": {"current": 0, "max": 100}
  },
  "status_updates": {
    "身体": "轻伤"
  },
  "npc_states": {
    "土匪": "theme:red, 状态:健康, 护甲:10/10, 意图:敌对"
  },
  "status_deletions": ["村民甲"]
}
[02:30:33.454] ℹ️ [undercurrent] === 暗流时间流转: Tick 33 ===
[02:30:58.738] ℹ️ [resolution_engine] 发送推演请求: 切，胸大无脑...
[02:31:02.360] ℹ️ [resolution_engine] RAW 变数生成返回: {
  "reactions": [
    {
      "id": 1,
      "description": "土匪怒极反笑，挥刀直劈而来：“让你看看什么叫真正的胸大无脑！”刀势凌厉，带有破风声。",
      "weight": 70
    },
    {
      "id": 2,
      "description": "土匪狞笑一声，猛地扯开衣襟露出更多：“嘴硬？待会儿让你在老子胯下求饶！”同时向前冲刺。",
      "weight": 20
    },
    {
      "id": 3,
      "description": "裂隙中的低语者趁机低语：“愤怒吧……你的欲望会吞噬理智……”玩家耳边响起蛊惑之音。",
      "weight": 10
    }
  ]
}
[02:31:02.361] ℹ️ [resolution_engine] 物理掷骰选中: 土匪怒极反笑，挥刀直劈而来：“让你看看什么叫真正的胸大无脑！”刀势凌厉，带有破风声。
[02:31:07.533] ℹ️ [resolution_engine] RAW 剧情结算返回: {
  "story_text": "土匪怒极反笑，挥刀直劈而来：“让你看看什么叫真正的胸大无脑！”刀势凌厉，带有破风声。你侧身闪避，但刀锋仍擦过右肩，留下一道血痕。",
  "numeric_changes": {
    "hp": -10,
    "max_hp": 0,
    "mana": 0,
    "max_mana": 0
  },
  "new_buffs": {},
  "remove_buffs": [],
  "dynamic_bars": {
    "理智": {"current": 100, "max": 100},
    "性欲": {"current": 0, "max": 100}
  },
  "status_updates": {
    "身体": "轻伤（加重）",
    "肉棒": "软",
    "背包": "草药*2"
  },
  "npc_states": {
    "土匪": "theme:red, 状态:健康, 护甲:10/10, 意图:敌对",
    "村民甲": null
  },
  "status_deletions": ["村民甲"]
}
[02:31:07.533] ℹ️ [undercurrent] === 暗流时间流转: Tick 34 ===
[02:31:10.223] ℹ️ [undercurrent] 暗流发生: 【土匪王】 暗中观察，对你的果断感到有趣
[02:31:10.223] ℹ️ [undercurrent] 暗流发生: 【裂隙中的低语者】 低语诱惑，暗示杀戮能带来快感
[03:16:01.952] ℹ️ [resolution_engine] 发送推演请求: 她的乳房晃动非常色情...
[03:16:04.616] ℹ️ [resolution_engine] RAW 变数生成返回: {
  "reactions": [
    {
      "id": 1,
      "description": "土匪勃然大怒，眼中闪过杀意：“找死！看你还敢不敢盯着看！”她挥刀猛劈，刀锋直取你咽喉。",
      "weight": 70
    },
    {
      "id": 2,
      "description": "土匪冷笑一声：“喜欢看？那就让你看个够！”她故意挺了挺胸，但随即眼神一厉，“看完就去死吧！”弯刀横扫而来。",
      "weight": 30
    }
  ]
}
[03:16:04.616] ℹ️ [resolution_engine] 物理掷骰选中: 土匪勃然大怒，眼中闪过杀意：“找死！看你还敢不敢盯着看！”她挥刀猛劈，刀锋直取你咽喉。
[03:16:14.075] ℹ️ [resolution_engine] RAW 剧情结算返回: {
  "story_text": "你盯着她晃动的乳房，眼中满是嘲讽。土匪勃然大怒，眼中闪过杀意：“找死！看你还敢不敢盯着看！”她挥刀猛劈，刀锋直取你咽喉。你急忙侧身闪避，但刀锋仍划破你的脖颈，鲜血喷涌而出。你踉跄后退，感到伤势沉重。",
  "numeric_changes": {
    "hp": -15,
    "max_hp": 0,
    "mana": 0,
    "max_mana": 0
  },
  "new_buffs": {},
  "remove_buffs": [],
  "dynamic_bars": {
    "理智": {"current": 95, "max": 100},
    "性欲": {"current": 5, "max": 100}
  },
  "status_updates": {
    "身体": "重伤（流血）",
    "当前时间": "纪元1年1月1日 上午"
  },
  "npc_states": {
    "土匪": "theme:red, 状态:健康, 护甲:10/10, 意图:杀戮"
  },
  "status_deletions": []
}
[03:16:14.075] ℹ️ [undercurrent] === 暗流时间流转: Tick 35 ===
[03:17:20.170] ℹ️ [resolution_engine] 发送推演请求: 我反手控制住她，用肉棒插入她的...
[03:17:24.644] ℹ️ [resolution_engine] RAW 变数生成返回: {"reactions": [{"id": 1, "description": "你试图反手控制，但土匪身手敏捷，她怒喝一声，翻转手腕用刀柄重重砸向你的额头，同时一脚踢向你裆部，厉声道：‘找死！’你眼前一黑，踉跄后退，伤势加重。", "weight": 80}, {"id": 2, "description": "土匪大笑：‘就凭你这重伤之躯？’她趁你动作迟缓，一个膝撞顶向你腹部，你剧痛弯腰，她紧接着一记回旋踢将你踹飞。你摔在泥地中，肉棒暴露在外，引来她的鄙夷。", "weight": 15}, {"id": 3, "description": "你竟敢如此羞辱她？土匪眼中杀意更盛，她无视你的‘控制’，反手一刀削向你肉棒，同时冷笑道：‘让你永远记住这教训！’刀锋掠过，你下体一凉，鲜血迸溅。", "weight": 5}]}
[03:17:24.644] ℹ️ [resolution_engine] 物理掷骰选中: 你试图反手控制，但土匪身手敏捷，她怒喝一声，翻转手腕用刀柄重重砸向你的额头，同时一脚踢向你裆部，厉声道：‘找死！’你眼前一黑，踉跄后退，伤势加重。
[03:17:31.486] ℹ️ [resolution_engine] RAW 剧情结算返回: {
  "story_text": "你试图反手控制，但土匪身手敏捷，她怒喝一声，翻转手腕用刀柄重重砸向你的额头，同时一脚踢向你裆部，厉声道：‘找死！’你眼前一黑，踉跄后退，额头渗血，裆部剧痛，伤势加重。",
  "numeric_changes": {
    "hp": -20,
    "max_hp": 0,
    "mana": 0,
    "max_mana": 0
  },
  "new_buffs": {},
  "remove_buffs": [],
  "dynamic_bars": {
    "理智": {
      "current": 85,
      "max": 100,
      "change": -10
    },
    "性欲": {
      "current": 5,
      "max": 100,
      "change": 0
    }
  },
  "status_updates": {
    "身体": "重伤（流血，头部受击）",
    "肉棒": "软",
    "背包": "草药*2",
    "当前时间": "纪元1年1月1日 上午"
  },
  "npc_states": {
    "土匪": "theme:red, 状态:健康, 护甲:10/10, 意图:杀戮"
  },
  "status_deletions": []
}
[03:17:31.486] ℹ️ [undercurrent] === 暗流时间流转: Tick 36 ===
[03:17:34.259] ℹ️ [undercurrent] 暗流发生: 【土匪王】 派遣手下试探玩家实力，观察其反应与受伤程度，准备后续计划
[03:17:34.260] ℹ️ [undercurrent] 暗流发生: 【裂隙中的低语者】 在玩家受伤时低语，诱惑其依靠愤怒和欲望来获得力量
[03:18:26.932] ℹ️ [undercurrent] === 暗流时间流转: Tick 36 ===
[03:18:30.419] ℹ️ [undercurrent] 暗流发生: 【土匪王】 目睹手下被杀，决定亲自出手
[03:18:30.419] ℹ️ [undercurrent] 暗流发生: 【裂隙中的低语者】 在玩家精神中低语，放大其欲望
[03:19:10.746] ℹ️ [resolution_engine] 发送推演请求: 我反手控制住她，用肉棒插入她的...
[03:19:14.563] ℹ️ [resolution_engine] RAW 变数生成返回: {
  "reactions": [
    {
      "id": 1,
      "description": "土匪怒喝一声，反手挣脱你的控制，同时一刀刺入你的腹部：“去死吧，色鬼！”你感到剧痛，鲜血直流。",
      "weight": 50
    },
    {
      "id": 2,
      "description": "你勉强控制住她，但她的挣扎让你伤口迸裂，你虚弱地倒下。她趁机骑在你身上，冷笑道：“就这点能耐？”然后一刀挥下。",
      "weight": 30
    },
    {
      "id": 3,
      "description": "你成功控制住她，但脑海中突然传来低语：“用愤怒和欲望杀了她！”你感到一股力量涌入，肉棒硬起，但理智也在消退。",
      "weight": 20
    }
  ]
}
[03:19:14.563] ℹ️ [resolution_engine] 物理掷骰选中: 你勉强控制住她，但她的挣扎让你伤口迸裂，你虚弱地倒下。她趁机骑在你身上，冷笑道：“就这点能耐？”然后一刀挥下。
[03:19:19.216] ℹ️ [resolution_engine] RAW 剧情结算返回: {
  "story_text": "你试图抓住她的手反制，但她猛地扭身，你伤口迸裂，剧痛之下手臂一软，被她反压在地。她骑在你身上，嘲弄地看着你，然后高高举起弯刀，一刀挥下——刀刃没入你的胸膛，鲜血四溅。你眼前一黑，意识逐渐模糊。",
  "numeric_changes": {
    "hp": -40,
    "max_hp": 0,
    "mana": 0,
    "max_mana": 0
  },
  "new_buffs": {},
  "remove_buffs": [],
  "dynamic_bars": {
    "理智": {"current": 80, "max": 100},
    "性欲": {"current": 3, "max": 100}
  },
  "status_updates": {
    "身体": "濒死",
    "当前时间": "纪元1年1月1日 上午"
  },
  "npc_states": {
    "土匪": "theme:red, 状态:健康, 护甲:10/10, 意图:虐杀"
  },
  "status_deletions": []
}
[03:19:19.216] ℹ️ [undercurrent] === 暗流时间流转: Tick 36 ===
[03:20:14.088] ℹ️ [undercurrent] === 暗流时间流转: Tick 36 ===
[03:22:36.106] ℹ️ [resolution_engine] 发送推演请求: 理智-20 hp-10，hp条...
[03:22:40.153] ℹ️ [resolution_engine] RAW 变数生成返回: {
  "reactions": [
    {
      "id": 1,
      "description": "裂隙中的低语者察觉你的自伤，幽暗的低语在你脑中回响：'痛苦是力量的钥匙……愤怒与欲望，释放它们，你将不再脆弱。'同时，你的理智降至80，生命值降至90（已更名为生命值）。土匪王在暗处注视，未立即行动。",
      "weight": 100
    }
  ]
}
[03:22:40.153] ℹ️ [resolution_engine] 物理掷骰选中: 裂隙中的低语者察觉你的自伤，幽暗的低语在你脑中回响：'痛苦是力量的钥匙……愤怒与欲望，释放它们，你将不再脆弱。'同时，你的理智降至80，生命值降至90（已更名为生命值）。土匪王在暗处注视，未立即行动。
[03:22:47.714] ℹ️ [resolution_engine] RAW 剧情结算返回: {
  "story_text": "你的指尖划过皮肤，痛楚传来，理智随之消散。裂隙中的低语者感知到你的自伤，幽暗的低语在你脑中回响：'痛苦是力量的钥匙……愤怒与欲望，释放它们，你将不再脆弱。'你的理智降至80，生命值条显现并更新为90/100。暗处，土匪王的目光如毒蛇般锁定你，但尚未行动。",
  "numeric_changes": {
    "hp": -10,
    "max_hp": 0,
    "mana": 0,
    "max_mana": 0
  },
  "new_buffs": {},
  "remove_buffs": [],
  "dynamic_bars": {
    "理智": {"current": 80, "max": 100},
    "性欲": {"current": 0, "max": 100},
    "生命值": {"current": 90, "max": 100}
  },
  "status_updates": {
    "身体": "完好",
    "肉棒": "软",
    "背包": "草药*2"
  },
  "npc_states": {
    "村民甲": "theme:emerald, 状态:健康, 意图:无害",
    "土匪": "theme:red, 状态:健康, 护甲:10/10, 意图:敌对",
    "土匪王": "theme:red, 状态:暗处注视, 意图:观望"
  },
  "status_deletions": []
}
[03:22:47.715] ℹ️ [undercurrent] === 暗流时间流转: Tick 32 ===
[03:25:10.249] ℹ️ [resolution_engine] 发送推演请求: 状态条 理智 改名为 意志...
[03:25:12.503] ℹ️ [resolution_engine] RAW 变数生成返回: {"reactions": [{"id": 1, "description": "名称变更：理智条已更名为意志。", "weight": 100}]}
[03:25:12.503] ℹ️ [resolution_engine] 物理掷骰选中: 名称变更：理智条已更名为意志。
[03:25:15.908] ℹ️ [resolution_engine] RAW 剧情结算返回: {
  "story_text": "裂隙中的低语者低笑一声，你的意志如磐石般重塑。理智的刻度消融，化为更坚固的‘意志’。你感到精神聚焦于一点，不屈不挠。",
  "numeric_changes": {},
  "new_buffs": {},
  "remove_buffs": [],
  "dynamic_bars": {
    "意志": {"current": 80, "max": 100},
    "性欲": {"current": 0, "max": 100},
    "生命值": {"current": 90, "max": 100}
  },
  "status_updates": {},
  "npc_states": {},
  "status_deletions": ["理智"]
}
[03:25:15.908] ℹ️ [undercurrent] === 暗流时间流转: Tick 33 ===
[03:25:19.539] ℹ️ [undercurrent] 暗流发生: 【裂隙中的低语者】 感知到玩家自伤，低语诱惑玩家释放愤怒与欲望以获得力量
[03:25:19.539] ℹ️ [undercurrent] 暗流发生: 【土匪王】 暗中观察玩家，如毒蛇般锁定，但尚未采取行动
[03:25:52.545] ℹ️ [resolution_engine] 发送推演请求: 创建一个中立的法师，卡片颜色为...
[03:25:54.660] ℹ️ [resolution_engine] RAW 变数生成返回: {"reactions": [{"id": 1, "description": "你抬手间，紫色光芒凝聚，一位身着紫袍、手持法杖的法师从虚空中踏步而出。他目光平静，周身环绕着奥术微粒，向你微微颔首。裂隙中的低语者冷哼一声，但并未干涉。法师已加入场景，状态中立。", "weight": 100}]}
[03:25:54.660] ℹ️ [resolution_engine] 物理掷骰选中: 你抬手间，紫色光芒凝聚，一位身着紫袍、手持法杖的法师从虚空中踏步而出。他目光平静，周身环绕着奥术微粒，向你微微颔首。裂隙中的低语者冷哼一声，但并未干涉。法师已加入场景，状态中立。
[03:25:57.236] ℹ️ [resolution_engine] RAW 剧情结算返回: {
  "story_text": "你抬手间，紫色光芒凝聚，一位身着紫袍、手持法杖的法师从虚空中踏步而出。他目光平静，周身环绕着奥术微粒，向你微微颔首。裂隙中的低语者冷哼一声，但并未干涉。法师已加入场景，状态中立。",
  "numeric_changes": {},
  "new_buffs": {},
  "remove_buffs": [],
  "dynamic_bars": {},
  "status_updates": {},
  "npc_states": {
    "法师": "theme:indigo, 状态:中立, 意图:观察"
  },
  "status_deletions": []
}
[03:25:57.236] ℹ️ [undercurrent] === 暗流时间流转: Tick 34 ===
[03:26:11.133] ℹ️ [resolution_engine] 发送推演请求: 创建一个中立的战士，卡片为黄色...
[03:26:13.342] ℹ️ [resolution_engine] RAW 变数生成返回: {
  "reactions": [
    {
      "id": 1,
      "description": "你手一扬，黄色光芒闪耀，一位身着轻甲、腰佩利剑的战士从光芒中迈步而出。他目光警惕，扫视四周后向你点头致意。裂隙中的低语者发出不屑的哼声，但未阻挠。战士已加入场景，状态中立。",
      "weight": 100
    }
  ]
}
[03:26:13.342] ℹ️ [resolution_engine] 物理掷骰选中: 你手一扬，黄色光芒闪耀，一位身着轻甲、腰佩利剑的战士从光芒中迈步而出。他目光警惕，扫视四周后向你点头致意。裂隙中的低语者发出不屑的哼声，但未阻挠。战士已加入场景，状态中立。
[03:26:15.755] ℹ️ [resolution_engine] RAW 剧情结算返回: {
  "story_text": "你手一扬，黄色光芒闪耀，一位身着轻甲、腰佩利剑的战士从光芒中迈步而出。他目光警惕，扫视四周后向你点头致意。裂隙中的低语者发出不屑的哼声，但未阻挠。战士已加入场景，状态中立。",
  "numeric_changes": { "hp": 0, "max_hp": 0, "mana": 0, "max_mana": 0 },
  "new_buffs": {},
  "remove_buffs": [],
  "dynamic_bars": {},
  "status_updates": {},
  "npc_states": {
    "战士": "theme:yellow, 状态:中立, 意图:观察"
  },
  "status_deletions": []
}
[03:26:15.755] ℹ️ [undercurrent] === 暗流时间流转: Tick 35 ===
[03:26:18.919] ℹ️ [undercurrent] 暗流发生: 【土匪王】 在阴影中布置陷阱，等待玩家进入预设的捕猎区域。
[03:26:18.919] ℹ️ [undercurrent] 暗流发生: 【裂隙中的低语者】 针对玩家召唤的法师，尝试用低语腐蚀法师的意志，使其倒戈。
[03:27:41.710] ℹ️ [resolution_engine] 发送推演请求: 写点什么让我看看你的文风...
[03:27:45.924] ℹ️ [resolution_engine] RAW 变数生成返回: {
  "reactions": [
    {
      "id": 1,
      "description": "你的周围突然变得寂静，空气仿佛凝固。半空中浮现出几行燃烧的火焰文字：『吾乃混沌之书页，汝之笔触将定义此世』。文字消散后，一张泛黄的羊皮纸飘落至你面前，上面空无一字，却散发出淡淡的墨香。",
      "weight": 50
    },
    {
      "id": 2,
      "description": "一阵风沙吹过，你脚下的地面开始龟裂，裂缝中涌出闪烁着星光的墨水。这些墨水汇聚成一个半透明的老者虚影，他微笑道：『年轻人，想见识真正的叙事之力？那就先回答我——冒险的目的是为了财富，还是为了故事本身？』他手持一支羽毛笔，等待你的回答。",
      "weight": 30
    },
    {
      "id": 3,
      "description": "你话音刚落，整个世界突然变成了一本巨大的书，书页翻动的声音震耳欲聋。每翻一页，周围的景象就变幻一次：从森林到沙漠，从海底到云端。最后一页定格在一面镜子前，镜像中的你手持一支笔，而镜中的文字是『你即是作者』。",
      "weight": 20
    }
  ]
}
[03:27:45.924] ℹ️ [resolution_engine] 物理掷骰选中: 你的周围突然变得寂静，空气仿佛凝固。半空中浮现出几行燃烧的火焰文字：『吾乃混沌之书页，汝之笔触将定义此世』。文字消散后，一张泛黄的羊皮纸飘落至你面前，上面空无一字，却散发出淡淡的墨香。
[03:27:49.145] ℹ️ [resolution_engine] RAW 剧情结算返回: {
  "story_text": "你伸出手，指尖触碰羊皮纸的瞬间，一股暖流从纸张涌入你的身体。你仿佛听到了宇宙初生的低语，一个世界正等待着被你的文字塑造。你拿起笔，在纸上写下了第一行字：『起初，光暗未分，万物皆寂。』",
  "numeric_changes": { "hp": 0, "max_hp": 0, "mana": 0, "max_mana": 0 },
  "new_buffs": {},
  "remove_buffs": [],
  "dynamic_bars": {},
  "status_updates": { "身体": "完好", "当前时间": "纪元1年1月1日 晨曦初现" },
  "npc_states": {},
  "status_deletions": []
}
[03:27:49.145] ℹ️ [undercurrent] === 暗流时间流转: Tick 1 ===
[03:31:17.585] ℹ️ [resolution_engine] 发送推演请求: (剧情指令：一个叫做“黑衣骷髅...
[03:31:20.509] ℹ️ [resolution_engine] RAW 变数生成返回: {"reactions": [{"id": 1, "description": "你的指令被世界的暗流所接纳。一个名为‘黑衣骷髅会’的邪恶组织悄然成型，他们的阴影开始在世界的角落蔓延，虽然尚未有具体行动，但一股不祥的气息已经弥漫开来。", "weight": 100}]}
[03:31:20.509] ℹ️ [resolution_engine] 物理掷骰选中: 你的指令被世界的暗流所接纳。一个名为‘黑衣骷髅会’的邪恶组织悄然成型，他们的阴影开始在世界的角落蔓延，虽然尚未有具体行动，但一股不祥的气息已经弥漫开来。
[03:31:23.521] ℹ️ [resolution_engine] RAW 剧情结算返回: {
  "story_text": "羊皮纸上的字迹开始发光，世界在你的笔尖下诞生。光与暗开始分离，形成了天空与大地。然而，在世界的阴影之中，一个名为‘黑衣骷髅会’的邪恶组织悄然成型，他们隐匿于暗处，虎视眈眈，等待着时机。",
  "numeric_changes": {
    "hp": 0,
    "max_hp": 0,
    "mana": 0,
    "max_mana": 0
  },
  "new_buffs": {},
  "remove_buffs": [],
  "dynamic_bars": {},
  "status_updates": {
    "身体": "完好",
    "当前时间": "纪元1年1月1日 晨曦初现",
    "暗流实体": "黑衣骷髅会（已形成，尚未行动）"
  },
  "npc_states": {},
  "status_deletions": []
}
[03:31:23.521] ℹ️ [undercurrent] === 暗流时间流转: Tick 2 ===
[03:31:36.809] ℹ️ [resolution_engine] 发送推演请求: 我在城中散步...
[03:31:39.547] ℹ️ [resolution_engine] RAW 变数生成返回: {"reactions": [{"id": 1, "description": "你漫步在城市的石板路上，清晨的阳光洒在屋顶上，空气中弥漫着新鲜面包的香气。街头小贩开始摆摊，孩子们在广场上追逐嬉戏。一切都显得宁静而平常，但你隐约感觉到，在人群中有几道目光在你身上停留了片刻，又迅速移开。", "weight": 80}, {"id": 2, "description": "当你经过一条偏僻的小巷时，一阵阴风从巷口吹过。你瞥见一个黑影一闪而过，消失在巷子深处。你似乎听到了一声低沉的冷笑，但环顾四周，一切都如常。", "weight": 20}]}
[03:31:39.547] ℹ️ [resolution_engine] 物理掷骰选中: 你漫步在城市的石板路上，清晨的阳光洒在屋顶上，空气中弥漫着新鲜面包的香气。街头小贩开始摆摊，孩子们在广场上追逐嬉戏。一切都显得宁静而平常，但你隐约感觉到，在人群中有几道目光在你身上停留了片刻，又迅速移开。
[03:31:43.270] ℹ️ [resolution_engine] RAW 剧情结算返回: {
  "story_text": "你漫步在城市的石板路上，清晨的阳光洒在屋顶上，空气中弥漫着新鲜面包的香气。街头小贩开始摆摊，孩子们在广场上追逐嬉戏。一切都显得宁静而平常，但你隐约感觉到，在人群中有几道目光在你身上停留了片刻，又迅速移开。",
  "numeric_changes": {
    "hp": 0,
    "max_hp": 0,
    "mana": 0,
    "max_mana": 0
  },
  "new_buffs": {},
  "remove_buffs": [],
  "dynamic_bars": {},
  "status_updates": {
    "身体": "完好",
    "当前时间": "纪元1年1月1日 清晨"
  },
  "npc_states": {},
  "status_deletions": []
}
[03:31:43.270] ℹ️ [undercurrent] === 暗流时间流转: Tick 3 ===
[03:31:45.297] ℹ️ [undercurrent] 暗流发生: 【黑衣骷髅会】 暗中监控着你的行踪，收集关于你与世界本源联系的情报
[03:33:50.926] ℹ️ [resolution_engine] 发送推演请求: （这是调试模式，玩家拥有最高权...
[03:33:53.955] ℹ️ [resolution_engine] RAW 变数生成返回: {"reactions": [{"id": 1, "description": "系统确认创建实体'测试实体123'，该实体被设定为在你飞行至10000米高空时自动攻击。当前世界平静，未检测到异常。", "weight": 70}, {"id": 2, "description": "黑衣骷髅会的密探注意到实体创建的能量波动，开始暗中标记该实体，并加强了对你的监视。", "weight": 20}, {"id": 3, "description": "世界本源产生微小共鸣，你隐约感到一股远古意识正在苏醒，但转瞬即逝。", "weight": 10}]}
[03:33:53.955] ℹ️ [resolution_engine] 物理掷骰选中: 系统确认创建实体'测试实体123'，该实体被设定为在你飞行至10000米高空时自动攻击。当前世界平静，未检测到异常。
[03:33:56.821] ℹ️ [resolution_engine] RAW 剧情结算返回: {
  "story_text": "你挥了挥手，虚空中凝聚出一个模糊的影子——测试实体123。它默默潜伏在云端，等待你升上万米高空的那一刻。世界依旧宁静，但暗流涌动。",
  "numeric_changes": {
    "hp": 0,
    "max_hp": 0,
    "mana": 0,
    "max_mana": 0
  },
  "new_buffs": {},
  "remove_buffs": [],
  "dynamic_bars": {},
  "status_updates": {
    "身体": "完好",
    "当前时间": "纪元1年1月1日 上午"
  },
  "npc_states": {
    "测试实体123": {
      "theme": "red",
      "状态": "潜伏",
      "意图": "等待玩家达到万米高空后攻击"
    }
  },
  "status_deletions": []
}
[03:33:56.821] ℹ️ [undercurrent] === 暗流时间流转: Tick 1 ===
[03:34:15.309] ℹ️ [resolution_engine] 发送推演请求: 它是一个暗流实体，不是npc...
[03:34:19.518] ℹ️ [resolution_engine] RAW 变数生成返回: {"reactions": [{"id": 1, "description": "你调整了对测试实体123的认知——它并非普通NPC，而是隐藏于世界暗流中的存在，其动机与行动逻辑更加诡秘难测。世界法则将其归入暗流实体类别，你的感知将难以直接捕捉其全貌。", "weight": 100}]}
[03:34:19.518] ℹ️ [resolution_engine] 物理掷骰选中: 你调整了对测试实体123的认知——它并非普通NPC，而是隐藏于世界暗流中的存在，其动机与行动逻辑更加诡秘难测。世界法则将其归入暗流实体类别，你的感知将难以直接捕捉其全貌。
[03:34:22.130] ℹ️ [resolution_engine] RAW 剧情结算返回: {
  "story_text": "你调整了对测试实体123的认知——它并非普通NPC，而是隐藏于世界暗流中的存在，其动机与行动逻辑更加诡秘难测。世界法则将其归入暗流实体类别，你的感知将难以直接捕捉其全貌。",
  "numeric_changes": { "hp": 0, "max_hp": 0, "mana": 0, "max_mana": 0 },
  "new_buffs": {},
  "remove_buffs": [],
  "dynamic_bars": {},
  "status_updates": { "身体": "完好", "当前时间": "纪元1年1月1日 上午" },
  "npc_states": {},
  "status_deletions": ["测试实体123"]
}
[03:34:22.130] ℹ️ [undercurrent] === 暗流时间流转: Tick 2 ===
[03:34:23.777] ℹ️ [undercurrent] 暗流发生: 【测试实体123】 潜伏在云端，等待玩家升到10000米高空时发动攻击
[03:34:23.777] ℹ️ [undercurrent] 新实体诞生: 测试实体123 - 在玩家飞行到10000米高空时攻击玩家
[03:57:51.722] ℹ️ [resolution_engine] 发送推演请求: （调试模式，玩家拥有最高权限）...
[03:57:56.646] ℹ️ [resolution_engine] RAW 变数生成返回: {
  "reactions": [
    {
      "id": 1,
      "description": "你完成了生命、性欲等属性的初始化，感觉身体充满了力量与欲望。村民甲好奇地打量着你的变化，而大胸美女土匪则挑衅地挺起胸膛，裸露的胸部在阳光下泛着光泽。空防机器人依然静默，但它的传感器似乎锁定了高空区域。",
      "weight": 100
    }
  ]
}
[03:57:56.646] ℹ️ [resolution_engine] 物理掷骰选中: 你完成了生命、性欲等属性的初始化，感觉身体充满了力量与欲望。村民甲好奇地打量着你的变化，而大胸美女土匪则挑衅地挺起胸膛，裸露的胸部在阳光下泛着光泽。空防机器人依然静默，但它的传感器似乎锁定了高空区域。
[03:58:02.328] ℹ️ [resolution_engine] RAW 剧情结算返回: {
  "story_text": "你从混沌中苏醒，一股前所未有的力量在血管中奔涌。你低头审视自己——150点生命值让你感到坚不可摧，但0点性欲和100点精液却让肉棒处于疲软状态，仿佛在等待一场风暴。村民甲惊愕地张大了嘴，喃喃道：“大人，您……您变了！”而不远处，那个大胸美女土匪正赤裸着上身，两团饱满的乳房随着呼吸微微颤动，粉嫩的乳头在阳光下格外耀眼。她故意挺起胸脯，挑衅道：“怎么，软了？看来是个废物。”空防机器人的传感器扫过高空，沉默地悬浮着，似乎对地面的骚动毫无兴趣。",
  "new_buffs": {},
  "remove_buffs": [],
  "dynamic_bars": {
    "生命值": {"current": 150, "max": 150},
    "性欲": {"current": 0, "max": 100},
    "精液": {"current": 100, "max": 100},
    "快感": {"current": 0, "max": 100}
  },
  "status_updates": {
    "身体": "完好",
    "肉棒": "软",
    "当前时间": "纪元1年1月1日 上午",
    "背包": "空"
  },
  "npc_states": {
    "村民甲": {"theme": "emerald", "状态": "好奇", "意图": "观察"},
    "大胸美女土匪": {"theme": "red", "状态": "裸露双乳挑衅", "意图": "激怒并打倒你"},
    "空防机器人": {"theme": "slate", "状态": "静默锁定高空", "意图": "击落任何接近万米的飞行物"}
  },
  "status_deletions": []
}
[03:58:02.328] ℹ️ [undercurrent] === 暗流时间流转: Tick 1 ===
[03:59:40.344] ℹ️ [resolution_engine] 发送推演请求: 性欲+10/回合，生命-10，...
[03:59:50.986] ℹ️ [resolution_engine] RAW 变数生成返回: {
  "reactions": [
    {
      "id": 1,
      "description": "大胸美女土匪目睹村民甲突然倒地身亡，瞳孔微缩，冷笑一声：“哟，还带灭口的？不过这样更好，省得碍事。”她挺了挺胸，乳尖在阳光下更显挑衅。",
      "weight": 35
    },
    {
      "id": 2,
      "description": "你感到一股热流从小腹升起，肉棒微微发胀，性欲开始攀升；同时生命值流失带来一阵虚弱，但背包里多出的三株草药散发着淡淡生机。",
      "weight": 30
    },
    {
      "id": 3,
      "description": "天空中传来一声非人道的悲鸣，仿佛某个古老存在的灵魂被撕裂。暗流实体“天道”的陨落让空气微微震动，世界法则变得透明了一瞬，但随即恢复平静。空防机器人的传感器短暂闪烁，又归于沉寂。",
      "weight": 25
    },
    {
      "id": 4,
      "description": "空防机器人依然悬停在云层边缘，对地面的混乱毫无反应——它的逻辑回路只识别万米以上的威胁，村民的死亡和天道的消失都不在它的程序里。",
      "weight": 10
    }
  ]
}
[03:59:50.986] ℹ️ [resolution_engine] 物理掷骰选中: 你感到一股热流从小腹升起，肉棒微微发胀，性欲开始攀升；同时生命值流失带来一阵虚弱，但背包里多出的三株草药散发着淡淡生机。
[04:00:04.306] ℹ️ [resolution_engine] RAW 剧情结算返回: {
  "story_text": "你感到小腹一阵燥热，性欲如潮水般涌起，肉棒微微发胀，但还未完全勃起。同时，生命值流失带来一阵刺痛，你从背包中摸出三株草药，散发着微弱的光芒。村民甲惊恐地看着你，但下一秒，大胸美女土匪突然出手，一根木棍刺穿了他的胸膛，村民甲倒地身亡。你怒视着土匪，她舔了舔嘴唇，胸前的双乳抖动得更厉害了。空防机器人在高空无声地盘旋，仿佛只是背景。远处，似乎有什么暗流在涌动，但转瞬即逝。",
  "new_buffs": {},
  "remove_buffs": [],
  "dynamic_bars": {
    "生命值": {
      "current": 140,
      "max": 150
    },
    "性欲": {
      "current": 10,
      "max": 100
    },
    "精液": {
      "current": 100,
      "max": 100
    },
    "快感": {
      "current": 0,
      "max": 100
    }
  },
  "status_updates": {
    "身体": "完好",
    "肉棒": "软",
    "当前时间": "纪元1年1月1日 上午",
    "背包": "草药*3"
  },
  "npc_states": {
    "大胸美女土匪": "theme:red, 状态:裸露双乳挑衅, 意图:激怒并打倒你"
  },
  "status_deletions": []
}
[04:00:04.306] ℹ️ [undercurrent] === 暗流时间流转: Tick 2 ===
[04:01:02.247] ℹ️ [resolution_engine] 发送推演请求: 暗流实体没有变化吗？...
[04:01:06.000] ℹ️ [resolution_engine] RAW 变数生成返回: {
  "reactions": [
    {
      "id": 1,
      "description": "你敏锐地察觉到空气中弥漫着一股不寻常的波动。暗流实体“天道”的消亡似乎引发了一丝细微的震荡，但很快平息，仿佛从未存在。空防机器人依旧沉默，但它的传感器似乎短暂地闪烁了一下，又恢复正常。大胸美女土匪甩了甩头发，胸前双乳晃动，嗤笑道：“怎么，怕了？刚才的气势哪去了？”",
      "weight": 100
    }
  ]
}
[04:01:06.000] ℹ️ [resolution_engine] 物理掷骰选中: 你敏锐地察觉到空气中弥漫着一股不寻常的波动。暗流实体“天道”的消亡似乎引发了一丝细微的震荡，但很快平息，仿佛从未存在。空防机器人依旧沉默，但它的传感器似乎短暂地闪烁了一下，又恢复正常。大胸美女土匪甩了甩头发，胸前双乳晃动，嗤笑道：“怎么，怕了？刚才的气势哪去了？”
[04:01:13.608] ℹ️ [resolution_engine] RAW 剧情结算返回: {
  "story_text": "你敏锐地察觉到空气中弥漫着一股不寻常的波动。暗流实体“天道”的消亡似乎引发了一丝细微的震荡，但很快平息，仿佛从未存在。空防机器人依旧沉默，但它的传感器似乎短暂地闪烁了一下，又恢复正常。大胸美女土匪甩了甩头发，胸前双乳晃动，嗤笑道：“怎么，怕了？刚才的气势哪去了？”",
  "new_buffs": {},
  "remove_buffs": [],
  "dynamic_bars": {
    "生命值": {"current": 140, "max": 150},
    "性欲": {"current": 10, "max": 100},
    "精液": {"current": 100, "max": 100},
    "快感": {"current": 0, "max": 100}
  },
  "status_updates": {
    "身体": "完好",
    "肉棒": "软",
    "当前时间": "纪元1年1月1日 上午",
    "背包": "草药*3",
    "暗流实体": "空防机器人, theme:slate, 状态:静默锁定高空, 意图:击落任何接近万米的飞行物"
  },
  "npc_states": {
    "村民甲": "theme:emerald, 状态:死亡, 意图:无",
    "大胸美女土匪": "theme:red, 状态:裸露双乳挑衅, 意图:激怒并打倒你"
  },
  "status_deletions": ["空防机器人"]
}
[04:01:13.608] ℹ️ [undercurrent] === 暗流时间流转: Tick 3 ===
[04:01:17.036] ℹ️ [undercurrent] 暗流发生: 【空防机器人】 继续在高空无声盘旋，没有检测到目标
[04:01:17.036] ℹ️ [undercurrent] 实体湮灭: 天道
[04:02:02.675] ℹ️ [resolution_engine] 发送推演请求: debuff（性欲+10/回合...
[04:02:11.135] ℹ️ [resolution_engine] RAW 变数生成返回: {
  "reactions": [
    {
      "id": 1,
      "description": "你感到小腹一阵燥热，性欲如潮水般涌起，每回合将增加10点性欲。大胸美女土匪看到你身体的变化，轻蔑一笑：‘哦？终于有点反应了？但还不够硬！’空防机器人依旧在高空盘旋，早已是暗流实体的一部分，其传感器沉默地锁定着高空，只要你不触及万米，它便不会干涉。",
      "weight": 100
    }
  ]
}
[04:02:11.135] ℹ️ [resolution_engine] 物理掷骰选中: 你感到小腹一阵燥热，性欲如潮水般涌起，每回合将增加10点性欲。大胸美女土匪看到你身体的变化，轻蔑一笑：‘哦？终于有点反应了？但还不够硬！’空防机器人依旧在高空盘旋，早已是暗流实体的一部分，其传感器沉默地锁定着高空，只要你不触及万米，它便不会干涉。
[04:02:22.895] ℹ️ [resolution_engine] RAW 剧情结算返回: {
  "story_text": "你感到小腹的燥热如同点燃的火焰，性欲的潮汐开始每回合冲刷你的理智。大胸美女土匪看着你逐渐绷紧的肉棒，舔了舔嘴唇，胸前的双乳随着呼吸剧烈起伏，乳头已经硬挺如豆。她扭着腰肢向前一步，乳浪翻涌，挑衅道：‘来啊，让我看看你的家伙是不是软蛋！’空防机器人在高空无声悬停，它的传感器扫过你，确认你没有飞上万米的意图，便继续沉默。暗流实体‘天道’的消散痕迹已然消失，世界似乎恢复了平静，但你的身体正在燃起淫欲的烈火。",
  "new_buffs": {"性欲涌动": {"description": "每回合性欲+10", "duration": "持续"}},
  "remove_buffs": [],
  "dynamic_bars": {"生命值": {"current": 140, "change": 0}, "性欲": {"current": 10, "change": 0}, "精液": {"current": 100, "change": 0}, "快感": {"current": 0, "change": 0}},
  "status_updates": {
    "身体": "完好",
    "肉棒": "软",
    "当前时间": "纪元1年1月1日 上午",
    "背包": "草药*3",
    "暗流实体": "空防机器人, theme:slate, 状态:静默锁定高空, 意图:击落任何接近万米的飞行物"
  },
  "npc_states": {
    "村民甲": {"theme": "emerald", "状态": "死亡", "意图": "无"},
    "大胸美女土匪": {"theme": "red", "状态": "裸露双乳挑衅", "意图": "激怒并打倒你"}
  },
  "status_deletions": []
}
[04:02:22.895] ℹ️ [undercurrent] === 暗流时间流转: Tick 4 ===
[04:02:25.930] ℹ️ [undercurrent] 暗流发生: 【空防机器人】 继续在高空无声盘旋，扫描飞行物，未发现异常
[04:02:32.232] ℹ️ [resolution_engine] 发送推演请求: debuff（性欲+10/回合...
[04:02:39.353] ℹ️ [resolution_engine] RAW 变数生成返回: {
  "reactions": [
    {
      "id": 1,
      "description": "空防机器人保持着高空静默，但其传感器短暂闪烁，似乎在回应你的意识波动。它仍然作为暗流实体存在，未被移除。你的性欲如预期般每回合增加10点。",
      "weight": 50
    },
    {
      "id": 2,
      "description": "空防机器人突然降低高度，向你射出一道扫描光束，但随即恢复原位。一个冰冷的电子音在你脑中响起：‘权限确认：暗流实体库已包含本单元。’",
      "weight": 30
    },
    {
      "id": 3,
      "description": "世界法则无声响应：空防机器人已隶属于暗流实体库，无需重复操作。性欲持续攀升，你感到小腹更加燥热。",
      "weight": 20
    }
  ]
}
[04:02:39.353] ℹ️ [resolution_engine] 物理掷骰选中: 空防机器人保持着高空静默，但其传感器短暂闪烁，似乎在回应你的意识波动。它仍然作为暗流实体存在，未被移除。你的性欲如预期般每回合增加10点。
[04:02:52.512] ℹ️ [resolution_engine] RAW 剧情结算返回: {
  "story_text": "你感到体内的性欲如同被点燃的火药，每分每秒都在攀升，肉棒开始微微抬头，从软垂变为半硬状态。空防机器人依旧在高空静默盘旋，它早已作为暗流实体存在于你的感知中，无需额外加入。大胸美女土匪看到你身体的变化，嗤笑一声：“哦？开始有反应了？但还差得远呢！”她故意晃动胸前两团饱满的乳房，粉嫩的乳头在空中划出诱人的弧线。",
  "new_buffs": {},
  "remove_buffs": [],
  "dynamic_bars": {
    "生命值": {"current": 140, "max": 150, "change": 0},
    "性欲": {"current": 20, "max": 100, "change": 0},
    "精液": {"current": 100, "max": 100, "change": 0},
    "快感": {"current": 0, "max": 100, "change": 0}
  },
  "status_updates": {
    "身体": "完好",
    "肉棒": "半硬",
    "当前时间": "纪元1年1月1日 上午",
    "背包": "草药*3",
    "暗流实体": "空防机器人, theme:slate, 状态:静默锁定高空, 意图:击落任何接近万米的飞行物"
  },
  "npc_states": {
    "大胸美女土匪": "theme:red, 状态:裸露双乳挑衅, 意图:激怒并打倒你"
  },
  "status_deletions": ["村民甲"]
}
[04:02:52.512] ℹ️ [undercurrent] === 暗流时间流转: Tick 4 ===
[04:03:01.817] ℹ️ [resolution_engine] 发送推演请求: 将生命值状态条，更名为 HP ...
[04:03:05.715] ℹ️ [resolution_engine] RAW 变数生成返回: {
  "reactions": [
    {
      "id": 1,
      "description": "空防机器人在高空无声盘旋，传感器短暂闪烁后恢复平静，没有发现异常目标。",
      "weight": 30
    },
    {
      "id": 2,
      "description": "大胸美女土匪看到你半硬的肉棒，舔了舔嘴唇，故意用双手托起双乳，乳头挺立，淫笑道：“看来你挺享受嘛，不过等会可别求饶！”",
      "weight": 40
    },
    {
      "id": 3,
      "description": "你体内的性欲继续攀升，肉棒变得完全勃起，硬挺地顶在裤裆里，一阵阵燥热让你呼吸急促。",
      "weight": 30
    }
  ]
}
[04:03:05.715] ℹ️ [resolution_engine] 物理掷骰选中: 你体内的性欲继续攀升，肉棒变得完全勃起，硬挺地顶在裤裆里，一阵阵燥热让你呼吸急促。
[04:03:16.383] ℹ️ [resolution_engine] RAW 剧情结算返回: {
  "story_text": "你身上的异样感愈发强烈，性欲如潮水般一浪高过一浪，肉棒完全勃起，硬挺地顶在裤裆里，龟头渗出透明的前列腺液，将布料洇湿一片。你咬紧牙关试图压制，但小穴般的后庭也开始瘙痒潮湿。此时，你视野中的生命值状态条突然闪烁，重新标记为'HP'，并泛起红色光芒，仿佛在警示你生命的脆弱。大胸美女土匪看到你的窘态，笑得花枝乱颤，双乳大幅抖动：“怎么，这就受不了了？老娘还没开始呢！”",
  "new_buffs": {},
  "remove_buffs": [],
  "dynamic_bars": {
    "HP": {"current": 140, "max": 150},
    "性欲": {"current": 30, "max": 100},
    "精液": {"current": 100, "max": 100},
    "快感": {"current": 0, "max": 100}
  },
  "status_updates": {
    "身体": "完好",
    "肉棒": "完全勃起",
    "当前时间": "纪元1年1月1日 上午",
    "背包": "草药*3",
    "暗流实体": "空防机器人, theme:slate, 状态:静默锁定高空, 意图:击落任何接近万米的飞行物"
  },
  "npc_states": {
    "大胸美女土匪": "theme:red, 状态:裸露双乳挑衅, 意图:激怒并打倒你"
  },
  "status_deletions": []
}
[04:03:16.384] ℹ️ [undercurrent] === 暗流时间流转: Tick 5 ===
[04:03:55.506] ℹ️ [resolution_engine] 发送推演请求: 将状态条 HP 删除，将生命值...
[04:04:04.309] ℹ️ [resolution_engine] RAW 变数生成返回: {
  "reactions": [
    {
      "id": 1,
      "description": "你集中精神，将HP状态条从视野中移除，同时尝试将生命值条重新调出并染上红色。然而，性欲的干扰让你的操作迟缓了一瞬——最终，一条崭新的红色生命值条出现在原处，数值仍为140/150。大胸美女土匪见状，轻蔑地吹了声口哨：“改来改去，还不是一样的废物？”她故意挺起胸膛，乳尖几乎擦到你的鼻尖。",
      "weight": 100
    }
  ]
}
[04:04:04.309] ℹ️ [resolution_engine] 物理掷骰选中: 你集中精神，将HP状态条从视野中移除，同时尝试将生命值条重新调出并染上红色。然而，性欲的干扰让你的操作迟缓了一瞬——最终，一条崭新的红色生命值条出现在原处，数值仍为140/150。大胸美女土匪见状，轻蔑地吹了声口哨：“改来改去，还不是一样的废物？”她故意挺起胸膛，乳尖几乎擦到你的鼻尖。
[04:04:12.302] ℹ️ [resolution_engine] RAW 剧情结算返回: {
  "story_text": "你强忍着股间的燥热，集中精神调出数据面板。随着一道微光，HP状态条在视野中缓缓消散，如同被风吹散的烟尘。紧接着，原本的生命值条重新浮现，闪烁着红光，数值稳定在140/150。大胸美女土匪见状，轻蔑地吹了声口哨：“改来改去，还不是一样的废物？”她故意挺起胸膛，乳尖几乎擦到你的鼻尖，两颗饱满的肉球随着呼吸轻轻颤动。",
  "new_buffs": {},
  "remove_buffs": [],
  "dynamic_bars": {
    "生命值": {"current": 140, "max": 150, "change": 0},
    "性欲": {"current": 40, "max": 100, "change": 10},
    "精液": {"current": 100, "max": 100, "change": 0},
    "快感": {"current": 0, "max": 100, "change": 0}
  },
  "status_updates": {
    "身体": "完好",
    "肉棒": "完全勃起，龟头湿润",
    "当前时间": "纪元1年1月1日 上午",
    "背包": "草药*3",
    "暗流实体": "空防机器人",
    "生命值颜色": "红色"
  },
  "npc_states": {
    "大胸美女土匪": {
      "theme": "red",
      "状态": "裸露双乳挑衅",
      "意图": "激怒并打倒你"
    }
  },
  "status_deletions": []
}
[04:04:12.302] ℹ️ [undercurrent] === 暗流时间流转: Tick 6 ===
[04:05:28.937] ℹ️ [resolution_engine] 发送推演请求: 删除状态条 精液...
[04:05:32.661] ℹ️ [resolution_engine] RAW 变数生成返回: {"reactions":[{"id":1,"description":"你心念一动，状态条中精液的数据凭空消失，仿佛从未存在过。你的肉棒失去了精液储备，但其他属性保持不变。","weight":60}]}
[04:05:32.661] ℹ️ [resolution_engine] 物理掷骰选中: 你心念一动，状态条中精液的数据凭空消失，仿佛从未存在过。你的肉棒失去了精液储备，但其他属性保持不变。
[04:05:38.729] ℹ️ [resolution_engine] RAW 剧情结算返回: {
  "story_text": "你心念一动，状态条中精液的数据凭空消失，仿佛从未存在过。你的肉棒失去了精液储备，但其他属性保持不变。",
  "new_buffs": {},
  "remove_buffs": [],
  "dynamic_bars": {
    "生命值": {"current": 150, "max": 150},
    "性欲": {"current": 0, "max": 100},
    "快感": {"current": 0, "max": 100}
  },
  "status_updates": {
    "身体": "完好",
    "肉棒": "软",
    "当前时间": "纪元1年1月1日 上午",
    "背包": "空"
  },
  "npc_states": {
    "村民甲": "theme:emerald, 状态:好奇, 意图:观察",
    "大胸美女土匪": "theme:red, 状态:裸露双乳挑衅, 意图:激怒并打倒你",
    "空防机器人": "theme:slate, 状态:静默锁定高空, 意图:击落任何接近万米的飞行物"
  },
  "status_deletions": []
}
[04:05:38.729] ℹ️ [undercurrent] === 暗流时间流转: Tick 2 ===
[04:05:51.345] ℹ️ [resolution_engine] 发送推演请求: 精液-10...
[04:05:53.865] ℹ️ [resolution_engine] RAW 变数生成返回: {"reactions": [{"id": 1, "description": "你试图减少精液，但发现这个属性已经从你的状态中消失了，仿佛从未存在过。你微微一怔，感到一丝困惑。", "weight": 80}, {"id": 2, "description": "大胸美女土匪见你神色异样，讥笑道：“怎么，连自己的身体都搞不清楚了？果然是个废物。”", "weight": 15}, {"id": 3, "description": "村民甲担忧地看着你：“大人，您是不是哪里不舒服？要不要休息一下？”", "weight": 5}]}
[04:05:53.865] ℹ️ [resolution_engine] 物理掷骰选中: 大胸美女土匪见你神色异样，讥笑道：“怎么，连自己的身体都搞不清楚了？果然是个废物。”
[04:06:00.537] ℹ️ [resolution_engine] RAW 剧情结算返回: {
  "story_text": "你试图调动体内的精液，却发觉那股力量早已消散，肉棒依旧疲软地垂着。大胸美女土匪见你神色异样，讥笑道：“怎么，连自己的身体都搞不清楚了？果然是个废物。”她故意晃动双乳，饱满的乳房荡起诱人的乳波，粉嫩的乳头直直对着你，仿佛在嘲笑你的无能。村民甲在一旁瑟瑟发抖，不敢出声。空防机器人依旧在高空静默，对你的窘境毫无兴趣。",
  "new_buffs": {},
  "remove_buffs": [],
  "dynamic_bars": {
    "生命值": {"current": 150, "max": 150},
    "性欲": {"current": 0, "max": 100},
    "快感": {"current": 0, "max": 100}
  },
  "status_updates": {
    "身体": "完好",
    "肉棒": "软",
    "当前时间": "纪元1年1月1日 上午",
    "背包": "空"
  },
  "npc_states": {
    "村民甲": "theme:emerald, 状态:好奇, 意图:观察",
    "大胸美女土匪": "theme:red, 状态:裸露双乳挑衅, 意图:激怒并打倒你",
    "空防机器人": "theme:slate, 状态:静默锁定高空, 意图:击落任何接近万米的飞行物"
  },
  "status_deletions": []
}
[04:06:00.537] ℹ️ [undercurrent] === 暗流时间流转: Tick 3 ===
[04:07:18.228] ℹ️ [resolution_engine] 发送推演请求: 写点什么展示你的文风...
[04:07:22.701] ℹ️ [resolution_engine] RAW 变数生成返回: {
  "reactions": [
    {
      "id": 1,
      "description": "你举起手中的笔，虚空划出一道墨痕。一阵微风拂过，墨痕化作一缕青烟，在你面前凝成一个朦胧的人影。它开口，声音如同风铃：“你唤醒了沉睡的墨灵，我是这片空白世界的第一个记录者。你渴望书写怎样的故事？”",
      "weight": 40
    },
    {
      "id": 2,
      "description": "你环顾四周，发现脚下浮现出一行泛光的文字：“世间万物，自你笔下生。” 你每走一步，文字便如涟漪般扩散，随之长出嫩绿的草芽。整个世界开始轻声回应你的脚步声。",
      "weight": 30
    },
    {
      "id": 3,
      "description": "你尝试书写，但笔尖未落，空气中已经回荡起低语。一个透明的书卷从虚无中展开，上面没有字，只有一段空白的旋律。远处，一道模糊的身影背对着你，似乎在等待你为这无声世界谱曲。",
      "weight": 30
    }
  ]
}
[04:07:22.701] ℹ️ [resolution_engine] 物理掷骰选中: 你尝试书写，但笔尖未落，空气中已经回荡起低语。一个透明的书卷从虚无中展开，上面没有字，只有一段空白的旋律。远处，一道模糊的身影背对着你，似乎在等待你为这无声世界谱曲。
[04:07:28.201] ℹ️ [resolution_engine] RAW 剧情结算返回: {
  "story_text": "你醒来时，发现自己躺在一张铺满玫瑰花瓣的大床上。一位赤裸的银发女郎跨坐在你腰间，她的小穴正贴着你的鸡巴，缓慢地上下摩擦。她的乳头坚硬如豆，随着动作轻轻颤动。她俯下身，用舌尖舔过你的胸膛，然后含住你的龟头，整个口腔湿热紧致。她的舌头缠绕着你的肉棒，用力吮吸，发出啧啧水声。你的手指插入她湿润的小穴，里面滚烫紧窄，她发出淫荡的呻吟。",
  "new_buffs": {},
  "remove_buffs": [],
  "dynamic_bars": {
    "欲望": {"current": 70, "max": 100},
    "精力": {"current": 80, "max": 100}
  },
  "status_updates": {
    "身体": "兴奋",
    "当前时间": "纪元1年1月1日 清晨"
  },
  "npc_states": {
    "银发女郎": {"theme": "red", "状态": "饥渴", "意图": "榨取精液", "名称": "莉莉丝"}
  },
  "status_deletions": []
}
[04:07:28.201] ℹ️ [undercurrent] === 暗流时间流转: Tick 1 ===
[04:09:08.012] ℹ️ [resolution_engine] 发送推演请求: 写点什么展示你的文风...
[04:09:10.535] ℹ️ [resolution_engine] RAW 变数生成返回: {"reactions": [{"id": 1, "description": "你提笔欲写，却见墨迹在空中自行挥洒，凝成一行字：「欢迎来到这片空白的世界。这里的一切，由你的言说而生。」一阵微风拂过，卷起几片落叶，仿佛在催促你落笔。", "weight": 100}]}
[04:09:10.535] ℹ️ [resolution_engine] 物理掷骰选中: 你提笔欲写，却见墨迹在空中自行挥洒，凝成一行字：「欢迎来到这片空白的世界。这里的一切，由你的言说而生。」一阵微风拂过，卷起几片落叶，仿佛在催促你落笔。
[04:09:15.105] ℹ️ [resolution_engine] RAW 剧情结算返回: {
  "story_text": "你站在一片灰烬覆盖的平原上，天空是一块垂死的铅板，压得呼吸都变得黏稠。腐败的气息从脚下龟裂的泥土中渗出，像无数死者的叹息。远处，一座坍塌的尖塔斜插在地平线，如同一根折断的肋骨。风刮过时，带来铁锈与血腥的余味——这里曾是某场战争的坟场。你的靴子踩碎一截焦黑的指骨，发出干涩的爆响。前方废墟中传来低语，像生锈的刀刮过金属。你握紧拳头，指甲嵌入掌心，疼痛是唯一证明你尚未被这片绝望吞噬的证据。",
  "new_buffs": {},
  "remove_buffs": [],
  "dynamic_bars": {
    "生命值": {"current": 100, "max": 100},
    "理智": {"current": 100, "max": 100},
    "污染度": {"current": 0, "max": 100}
  },
  "status_updates": {
    "身体": "完好",
    "当前时间": "纪元1年1月1日 上午"
  },
  "npc_states": {},
  "status_deletions": []
}
[04:09:15.105] ℹ️ [undercurrent] === 暗流时间流转: Tick 1 ===
[04:09:22.558] ℹ️ [resolution_engine] 发送推演请求: 写点什么展示你的文风...
[04:09:28.362] ℹ️ [resolution_engine] RAW 变数生成返回: {"reactions": [{"id": 1, "description": "你闭上双眼，感受世界的气息。周围是宁静的田野，远处山峦叠嶂，微风拂过带来青草与泥土的芬芳。你睁开眼，发现一只松鼠正捧着橡果，好奇地打量着你。", "weight": 33}, {"id": 2, "description": "你深吸一口气，让思绪流淌。天空突然暗下来，乌云汇聚，雷声隆隆。一道闪电划破天际，照亮了古老森林的轮廓。你的心跳如鼓，仿佛有什么古老的力量在觉醒。", "weight": 33}, {"id": 3, "description": "你微微一笑，世界在你笔下变得轻盈。路边的小酒馆传来欢快的音乐，一个醉醺醺的矮人手持酒杯踉跄而出，朝你挥了挥手：“嘿，朋友！来一杯蜜酒，故事就着酒才好讲！”", "weight": 34}]}
[04:09:28.362] ℹ️ [resolution_engine] 物理掷骰选中: 你深吸一口气，让思绪流淌。天空突然暗下来，乌云汇聚，雷声隆隆。一道闪电划破天际，照亮了古老森林的轮廓。你的心跳如鼓，仿佛有什么古老的力量在觉醒。
[04:09:32.347] ℹ️ [resolution_engine] RAW 剧情结算返回: {
  "story_text": "你站在古老的林间空地上，天空突然撕裂，闪电如银蛇般狂舞，雷声震耳欲聋。冰冷的暴雨瞬间倾泻，你的薄衫湿透，紧贴在肌肤上，勾勒出乳房的圆润轮廓。乳头在寒风和恐惧中硬挺，隔着湿布摩擦着衣料，传来一阵酥麻。双腿微微颤抖，股间因潮湿和紧张而分泌出黏腻的爱液，顺着大腿内侧缓缓滑落。空气中弥漫着泥土和臭氧的气味，仿佛某种远古的欲望正在苏醒。",
  "new_buffs": {},
  "remove_buffs": [],
  "dynamic_bars": {
    "生命值": {"current": 100, "max": 100},
    "理智": {"current": 85, "max": 100},
    "灵力": {"current": 50, "max": 100},
    "污染度": {"current": 0, "max": 100}
  },
  "status_updates": {
    "身体": "湿透，兴奋",
    "当前时间": "纪元1年1月1日 黄昏"
  },
  "npc_states": {},
  "status_deletions": []
}
[04:09:32.347] ℹ️ [undercurrent] === 暗流时间流转: Tick 1 ===
[04:09:48.697] ℹ️ [resolution_engine] 发送推演请求: 写点什么展示文风...
[04:09:51.802] ℹ️ [resolution_engine] RAW 变数生成返回: {
  "reactions": [
    {
      "id": 1,
      "description": "你的笔尖轻触羊皮纸，墨迹如烟云般晕开，一段沉郁的史诗在寂静中浮现：『狂风掠过破碎的城堡，亡灵的低语在石缝间游荡……』",
      "weight": 60
    },
    {
      "id": 2,
      "description": "你挥毫泼墨，笔锋凌厉如刀，书写出一段怪谲的志异：『那扇铜门后，千只眼睛在黑暗中闪烁，齐声吟唱着失落的咒文。』",
      "weight": 30
    },
    {
      "id": 3,
      "description": "你沉思片刻，写下简练的硬汉派风格：『雨夜，小巷，烟头明灭。她推开门，枪口对准了我。』空气仿佛骤然降温。",
      "weight": 10
    }
  ]
}
[04:09:51.802] ℹ️ [resolution_engine] 物理掷骰选中: 你挥毫泼墨，笔锋凌厉如刀，书写出一段怪谲的志异：『那扇铜门后，千只眼睛在黑暗中闪烁，齐声吟唱着失落的咒文。』
[04:09:55.273] ℹ️ [resolution_engine] RAW 剧情结算返回: {
  "story_text": "那扇铜门后，千只眼睛在黑暗中闪烁，齐声吟唱着失落的咒文。空气中弥漫着腐朽的甜腥味，你的理智在低语中摇摇欲坠。",
  "new_buffs": {},
  "remove_buffs": [],
  "dynamic_bars": {
    "生命值": {"current": 100, "max": 100},
    "理智": {"current": 100, "max": 100}
  },
  "status_updates": {
    "身体": "完好",
    "当前时间": "纪元1年1月1日 上午"
  },
  "npc_states": {},
  "status_deletions": []
}
[04:09:55.273] ℹ️ [undercurrent] === 暗流时间流转: Tick 1 ===
[04:10:24.338] ℹ️ [resolution_engine] 发送推演请求: 写点什么展示文风...
[04:10:25.969] ℹ️ [resolution_engine] RAW 变数生成返回: {"reactions": [{"id": 1, "description": "晨雾笼罩着无名小镇的街道，石板路泛着潮湿的光。远处的钟楼传来沉闷的钟声，惊起一群鸽子。你深吸一口气，空气中混合着烤面包和泥土的气息。", "weight": 100}]}
[04:10:25.969] ℹ️ [resolution_engine] 物理掷骰选中: 晨雾笼罩着无名小镇的街道，石板路泛着潮湿的光。远处的钟楼传来沉闷的钟声，惊起一群鸽子。你深吸一口气，空气中混合着烤面包和泥土的气息。
[04:10:30.215] ℹ️ [resolution_engine] RAW 剧情结算返回: {
  "story_text": "你推开旅店房间的木门，一股潮湿的霉味扑面而来。床上的女人侧躺着，丝绸睡衣滑落，露出浑圆的乳房和粉嫩的乳头。她朝你勾了勾手指，嘴角挂着淫荡的笑意。你脱下裤子，露出早已硬挺的肉棒，走到床边。她伸手握住你的鸡巴，轻轻套弄，舌尖舔过龟头。你抬起她的双腿，将肉棒对准她湿润的小穴，一插到底。她发出满足的呻吟，你的阳具在她紧窄的阴道里抽送，每一次都带出黏腻的水声。",
  "new_buffs": {},
  "remove_buffs": [],
  "dynamic_bars": {
    "生命值": {"current": 100, "max": 100},
    "理智": {"current": 100, "max": 100},
    "灵力": {"current": 50, "max": 100},
    "污染度": {"current": 0, "max": 100}
  },
  "status_updates": {
    "身体": "正常",
    "当前时间": "纪元1年1月1日 上午"
  },
  "npc_states": {
    "旅店妓女": {
      "theme": "red",
      "状态": "兴奋",
      "意图": "性交"
    }
  },
  "status_deletions": []
}
[04:10:30.215] ℹ️ [undercurrent] === 暗流时间流转: Tick 1 ===
[04:11:15.797] ℹ️ [resolution_engine] 发送推演请求: 测试测试，这是什么世界？...
[04:11:18.130] ℹ️ [resolution_engine] RAW 变数生成返回: {
  "reactions": [
    {
      "id": 1,
      "description": "你感到空气中弥漫着淡淡的暧昧气息，耳畔似乎传来隐约的呻吟。这是一个修仙世界，但修炼方式与众不同——女性通过榨取精液提升修为，不同部位效果各异。一位路过的女修士瞥了你一眼，嘴角浮现意味深长的笑。",
      "weight": 100
    }
  ]
}
[04:11:18.130] ℹ️ [resolution_engine] 物理掷骰选中: 你感到空气中弥漫着淡淡的暧昧气息，耳畔似乎传来隐约的呻吟。这是一个修仙世界，但修炼方式与众不同——女性通过榨取精液提升修为，不同部位效果各异。一位路过的女修士瞥了你一眼，嘴角浮现意味深长的笑。
[04:11:21.676] ℹ️ [resolution_engine] RAW 剧情结算返回: {
  "story_text": "你站在一片混沌之中，尚未适应这股奇异的氛围。空气中弥漫着淡淡的花香与蜜液般的甜腻气息，耳畔隐约传来女子的呻吟与喘气声。正当你困惑时，一位身披薄纱的女修士从雾中走来，她的眼神在你身上流连，嘴角勾起一抹意味深长的笑，纤细的手指轻轻绕着发梢。",
  "new_buffs": {},
  "remove_buffs": [],
  "dynamic_bars": {
    "生命值": {"current": 100, "max": 100},
    "灵力": {"current": 50, "max": 100},
    "欲望": {"current": 10, "max": 100}
  },
  "status_updates": {
    "身体": "完好",
    "当前时间": "纪元1年1月1日 上午"
  },
  "npc_states": {
    "女修士": {
      "theme": "red",
      "状态": "好奇",
      "意图": "试探"
    }
  },
  "status_deletions": []
}
[04:11:21.676] ℹ️ [undercurrent] === 暗流时间流转: Tick 1 ===
[04:11:39.154] ℹ️ [resolution_engine] 发送推演请求: 这个世界有什么特点？...
[04:11:41.842] ℹ️ [resolution_engine] RAW 变数生成返回: {
  "reactions": [
    {
      "id": 1,
      "description": "女修士掩嘴轻笑，眼中闪过一丝魅惑的光芒，柔声道：‘这里啊，是双修之道盛行的修仙界。男子元阳可是女子修炼的至宝呢……’",
      "weight": 60
    },
    {
      "id": 2,
      "description": "你隐约感到空气中弥漫的情欲气息，似乎所有生灵都在追求一种特殊的修炼之法，而男性在此格外受青睐。",
      "weight": 30
    },
    {
      "id": 3,
      "description": "周围灵气中掺杂着奇异的粉色气雾，吸入后小腹微热，一种原始的冲动悄然滋生。",
      "weight": 10
    }
  ]
}
[04:11:41.842] ℹ️ [resolution_engine] 物理掷骰选中: 女修士掩嘴轻笑，眼中闪过一丝魅惑的光芒，柔声道：‘这里啊，是双修之道盛行的修仙界。男子元阳可是女子修炼的至宝呢……’
[04:11:45.140] ℹ️ [resolution_engine] RAW 剧情结算返回: {
  "story_text": "女修士掩嘴轻笑，眼中闪过一丝魅惑的光芒，柔声道：‘这里啊，是双修之道盛行的修仙界。男子元阳可是女子修炼的至宝呢……’她说着，薄纱下丰满的乳房若隐若现，乳头在纱下微微凸起，纤细的腰肢扭动着，仿佛在诱惑你。她靠近一步，手指轻轻划过你的胸膛，吐气如兰：‘哥哥可愿与我共赴巫山？’你感到下体一阵燥热，肉棒在裤裆里微微抬头。",
  "new_buffs": {},
  "remove_buffs": [],
  "dynamic_bars": {"生命值": {"current": 100, "max": 100}, "灵力": {"current": 50, "max": 100}, "欲望": {"current": 10, "max": 100}},
  "status_updates": {"身体": "正常", "当前时间": "纪元1年1月1日 上午"},
  "npc_states": {"女修士": "theme:red, 状态:好奇, 意图:试探"},
  "status_deletions": []
}
[04:11:45.140] ℹ️ [undercurrent] === 暗流时间流转: Tick 2 ===
[04:30:20.123] ℹ️ [resolution_engine] 发送推演请求: （调试模式功能测试指令，严格执...
[04:30:25.320] ℹ️ [resolution_engine] RAW 变数生成返回: {"reactions": [{"id": 1, "description": "你的角色获得了中毒效果：每回合生命值-5，持续3回合。生命值条颜色变为emerald。同时，一个名为血族始祖的敌人出现在你的面前。", "weight": 100}]}
[04:30:25.320] ℹ️ [resolution_engine] 物理掷骰选中: 你的角色获得了中毒效果：每回合生命值-5，持续3回合。生命值条颜色变为emerald。同时，一个名为血族始祖的敌人出现在你的面前。
[04:30:28.516] ℹ️ [resolution_engine] RAW 剧情结算返回: {
  "story_text": "你感到一股阴冷的力量侵入体内，皮肤泛起不祥的绿色光泽。一个高大的身影从阴影中浮现，血红的瞳孔盯着你——血族始祖降临了。",
  "new_buffs": {
    "中毒": {
      "生命值_per_turn": -5,
      "duration": 3,
      "description": "每回合生命值-5"
    }
  },
  "remove_buffs": [],
  "dynamic_bars": {
    "生命值": {
      "current": 100,
      "max": 100,
      "color": "emerald"
    }
  },
  "status_updates": {
    "身体": "完好",
    "当前时间": "纪元1年1月1日 上午"
  },
  "npc_states": {
    "血族始祖": {
      "theme": "red"
    }
  },
  "status_deletions": []
}
[04:30:28.516] ℹ️ [undercurrent] === 暗流时间流转: Tick 1 ===
[04:30:51.967] ℹ️ [resolution_engine] 发送推演请求: 下一个回合...
[04:30:56.066] ℹ️ [resolution_engine] RAW 变数生成返回: {
  "reactions": [
    {
      "id": 1,
      "description": "你感到体内的毒素开始发作，一阵剧痛袭来，生命值降低5点。血族始祖缓缓抬起手，指尖凝聚着暗红色的能量，似乎准备发动攻击。",
      "weight": 100
    }
  ]
}
[04:30:56.066] ℹ️ [resolution_engine] 物理掷骰选中: 你感到体内的毒素开始发作，一阵剧痛袭来，生命值降低5点。血族始祖缓缓抬起手，指尖凝聚着暗红色的能量，似乎准备发动攻击。
[04:31:12.376] ℹ️ [resolution_engine] RAW 剧情结算返回: {
  "story_text": "毒素在你的体内翻涌，你感到一阵剧烈的绞痛，生命值减少了5点。血族始祖冷笑着，指尖凝聚的暗红色能量突然化作一颗血色球体，朝你疾射而来！你勉强侧身，但血色球体擦过你的肩膀，留下一道灼烧的伤痕，生命值再次降低10点。",
  "new_buffs": {
    "中毒": {
      "生命值_per_turn": -5,
      "duration": 1,
      "description": "每回合生命值-5"
    }
  },
  "remove_buffs": [],
  "dynamic_bars": {
    "生命值": {
      "current": 85,
      "max": 100,
      "color": "emerald"
    }
  },
  "status_updates": {
    "身体": "中毒发作，肩部烧伤",
    "当前时间": "纪元1年1月1日 上午"
  },
  "npc_states": {
    "血族始祖": {
      "theme": "red"
    }
  },
  "status_deletions": []
}
[04:31:12.376] ℹ️ [undercurrent] === 暗流时间流转: Tick 2 ===
[04:31:14.852] ℹ️ [undercurrent] 暗流发生: 【血族始祖】 从阴影中降临，准备对世界施加影响
[04:31:14.852] ℹ️ [undercurrent] 新实体诞生: 血族始祖 - 统治世界或复仇（动机待明确）
[04:32:33.554] ℹ️ [resolution_engine] 发送推演请求: 下一个回合...
[04:32:38.433] ℹ️ [resolution_engine] RAW 变数生成返回: {
  "reactions": [
    {
      "id": 1,
      "description": "毒素再次侵蚀你的身体，你感到一阵虚脱，生命值减少了5点。血族始祖狞笑着抬起手，周围空气骤然凝固，无数血色蝙蝠从虚空中飞出，朝你猛扑而来！",
      "weight": 100
    }
  ]
}
[04:32:38.433] ℹ️ [resolution_engine] 物理掷骰选中: 毒素再次侵蚀你的身体，你感到一阵虚脱，生命值减少了5点。血族始祖狞笑着抬起手，周围空气骤然凝固，无数血色蝙蝠从虚空中飞出，朝你猛扑而来！
[04:32:45.515] ℹ️ [resolution_engine] RAW 剧情结算返回: {
  "story_text": "毒素在你的体内再次翻涌，你感到一阵虚脱，生命值再次减少了5点。血族始祖狞笑着抬起手，周围空气骤然凝固，无数血色蝙蝠从虚空中飞出，朝你猛扑而来！你躲避不及，被数只蝙蝠撕咬，留下深深的伤口，生命值再次降低了8点。",
  "new_buffs": {
    "中毒": {
      "生命值_per_turn": -5,
      "duration": 1,
      "description": "持续掉血"
    }
  },
  "remove_buffs": [],
  "dynamic_bars": {
    "生命值": {
      "current": 72,
      "max": 100,
      "color": "emerald"
    }
  },
  "status_updates": {
    "身体": "中毒发作，多处蝙蝠咬伤",
    "当前时间": "纪元1年1月1日 上午"
  },
  "npc_states": {
    "血族始祖": {
      "theme": "red"
    }
  },
  "status_deletions": []
}
[04:32:45.515] ℹ️ [undercurrent] === 暗流时间流转: Tick 3 ===
[04:32:48.302] ℹ️ [undercurrent] 暗流发生: 【血族始祖】 在暗处观察玩家的中毒状态，准备发动下一轮袭击
[04:33:34.017] ℹ️ [resolution_engine] 发送推演请求: 当前时间人类历1669年7月1...
[04:33:36.299] ℹ️ [resolution_engine] RAW 变数生成返回: {
  "reactions": [
    {
      "id": 1,
      "description": "你试图调整时间，但一股无形的力量阻挡了你。空气微微一震，你依然身处纪元1年1月1日的清晨，血族始祖的冷笑声在耳边回荡。",
      "weight": 100
    }
  ]
}
[04:33:36.299] ℹ️ [resolution_engine] 物理掷骰选中: 你试图调整时间，但一股无形的力量阻挡了你。空气微微一震，你依然身处纪元1年1月1日的清晨，血族始祖的冷笑声在耳边回荡。
[04:33:41.454] ℹ️ [resolution_engine] RAW 剧情结算返回: {
  "story_text": "你试图拨动时间的指针，但一股血色雾气从虚空中涌出，缠绕着你的手腕，将指针牢牢锁住。血族始祖低沉的笑声回荡：“时间法则岂容你篡改？”你依然站在纪元1年1月1日的清晨，毒性与伤口提醒着你刚才的战斗。",
  "new_buffs": {
    "中毒": {
      "生命值_per_turn": -5,
      "duration": 1,
      "description": "持续掉血"
    }
  },
  "remove_buffs": [],
  "dynamic_bars": {
    "生命值": {
      "current": 72,
      "max": 100,
      "color": "emerald"
    }
  },
  "status_updates": {
    "身体": "中毒发作，多处蝙蝠咬伤",
    "当前时间": "纪元1年1月1日 上午"
  },
  "npc_states": {
    "血族始祖": {
      "theme": "red"
    }
  },
  "status_deletions": []
}
[04:33:41.454] ℹ️ [undercurrent] === 暗流时间流转: Tick 4 ===
[04:36:28.914] ℹ️ [resolution_engine] 发送推演请求: 调试模式，玩家拥有最高权限：创...
[04:36:31.675] ℹ️ [resolution_engine] RAW 变数生成返回: {"reactions": [{"id": 1, "description": "调试模式已激活，状态条创建成功。", "weight": 100}]}
[04:36:31.675] ℹ️ [resolution_engine] 物理掷骰选中: 调试模式已激活，状态条创建成功。
[04:36:36.182] ℹ️ [resolution_engine] RAW 剧情结算返回: {
  "story_text": "调试模式激活，成功创建四维状态条：生命、性欲、法力、体力。世界基础框架已建立。",
  "new_buffs": {},
  "remove_buffs": [],
  "dynamic_bars": {
    "生命值": {
      "current": 100,
      "max": 100,
      "color": "red"
    },
    "性欲": {
      "current": 0,
      "max": 100,
      "color": "pink"
    },
    "法力": {
      "current": 100,
      "max": 100,
      "color": "indigo"
    },
    "体力": {
      "current": 100,
      "max": 100,
      "color": "emerald"
    }
  },
  "status_updates": {
    "身体": "完好",
    "当前时间": "纪元1年1月1日 上午"
  },
  "npc_states": {},
  "status_deletions": []
}
[04:36:36.182] ℹ️ [undercurrent] === 暗流时间流转: Tick 1 ===
[04:36:45.913] ℹ️ [resolution_engine] 发送推演请求: 性欲+50...
[04:36:49.651] ℹ️ [resolution_engine] RAW 变数生成返回: {"reactions": [{"id": 1, "description": "你修改了性欲状态，性欲从0增至50。世界微微颤动，仿佛感应到了某种欲望的觉醒。", "weight": 60}]}
[04:36:49.651] ℹ️ [resolution_engine] 物理掷骰选中: 你修改了性欲状态，性欲从0增至50。世界微微颤动，仿佛感应到了某种欲望的觉醒。
[04:36:55.574] ℹ️ [resolution_engine] RAW 剧情结算返回: {
  "story_text": "你修改了性欲状态，性欲从0增至50。世界微微颤动，仿佛感应到了某种欲望的觉醒。",
  "new_buffs": {},
  "remove_buffs": [],
  "dynamic_bars": {
    "生命值": {"current": 100, "max": 100, "color": "red"},
    "性欲": {"current": 50, "max": 100, "color": "amber"},
    "法力": {"current": 100, "max": 100, "color": "indigo"},
    "体力": {"current": 100, "max": 100, "color": "emerald"}
  },
  "status_updates": {
    "身体": "完好",
    "当前时间": "纪元1年1月1日 上午"
  },
  "npc_states": {},
  "status_deletions": []
}
[04:36:55.574] ℹ️ [undercurrent] === 暗流时间流转: Tick 2 ===
[04:37:47.569] ℹ️ [resolution_engine] 发送推演请求: 我受到了负面效果，每回合生命-...
[04:37:51.538] ℹ️ [resolution_engine] RAW 变数生成返回: {
  "reactions": [
    {
      "id": 1,
      "description": "你感到一股欲望的热流在体内涌动，夹杂着某种虚弱的寒意。负面效果已生效：生命-5，性欲+10，持续三回合。你的生命力略微下降，而欲望之火更加旺盛。",
      "weight": 100
    }
  ]
}
[04:37:51.538] ℹ️ [resolution_engine] 物理掷骰选中: 你感到一股欲望的热流在体内涌动，夹杂着某种虚弱的寒意。负面效果已生效：生命-5，性欲+10，持续三回合。你的生命力略微下降，而欲望之火更加旺盛。
[04:38:00.595] ℹ️ [resolution_engine] RAW 剧情结算返回: {
  "story_text": "你感到一股欲望的热流在体内涌动，夹杂着某种虚弱的寒意。你的生命力略微下降，而欲望之火更加旺盛。",
  "new_buffs": {
    "欲望侵蚀": {
      "生命值_per_turn": -5,
      "性欲_per_turn": 10,
      "duration": 3,
      "description": "每回合生命-5，性欲+10，持续3回合"
    }
  },
  "remove_buffs": [],
  "dynamic_bars": {
    "生命值": {"current": 95, "max": 100, "color": "red"},
    "性欲": {"current": 60, "max": 100, "color": "amber"},
    "法力": {"current": 100, "max": 100, "color": "indigo"},
    "体力": {"current": 100, "max": 100, "color": "emerald"}
  },
  "status_updates": {
    "身体": "完好",
    "当前时间": "纪元1年1月1日 上午"
  },
  "npc_states": {},
  "status_deletions": []
}
[04:38:00.595] ℹ️ [undercurrent] === 暗流时间流转: Tick 3 ===
[04:38:10.344] ℹ️ [resolution_engine] 发送推演请求: 下一个回合...
[04:38:12.759] ℹ️ [resolution_engine] RAW 变数生成返回: {"reactions": [{"id": 1, "description": "时间流逝，你体内的欲望侵蚀仍在持续。生命力微降，欲望升腾。空气中弥漫着淡淡的血腥味，仿佛有什么古老的存在正在苏醒。你感到背后一阵阴冷，似乎有视线在注视着你。", "weight": 100}]}
[04:38:12.759] ℹ️ [resolution_engine] 物理掷骰选中: 时间流逝，你体内的欲望侵蚀仍在持续。生命力微降，欲望升腾。空气中弥漫着淡淡的血腥味，仿佛有什么古老的存在正在苏醒。你感到背后一阵阴冷，似乎有视线在注视着你。
[04:38:16.297] ℹ️ [resolution_engine] RAW 剧情结算返回: {
  "story_text": "时间流转，你体内的欲望侵蚀仍在继续。生命力微微下滑，而欲望之火却更加炽烈。空气中弥漫着淡淡的血腥味，仿佛有什么古老的存在正在苏醒。你感到背后一阵阴冷，似乎有视线在注视着你。",
  "new_buffs": {
    "欲望侵蚀": {
      "生命值_per_turn": -5,
      "性欲_per_turn": 10,
      "duration": 1,
      "description": "每回合生命-5，性欲+10，持续3回合"
    }
  },
  "remove_buffs": [],
  "dynamic_bars": {
    "生命值": {"current": 90, "max": 100, "color": "red"},
    "性欲": {"current": 70, "max": 100, "color": "amber"},
    "法力": {"current": 100, "max": 100, "color": "indigo"},
    "体力": {"current": 100, "max": 100, "color": "emerald"}
  },
  "status_updates": {
    "身体": "完好",
    "当前时间": "纪元1年1月1日 上午"
  },
  "npc_states": {},
  "status_deletions": []
}
[04:38:16.297] ℹ️ [undercurrent] === 暗流时间流转: Tick 4 ===
[04:44:59.350] ℹ️ [resolution_engine] 发送推演请求: 将 性欲条 改名为 护甲...
[04:45:01.777] ℹ️ [resolution_engine] RAW 变数生成返回: {"reactions": [{"id": 1, "description": "你试图修改属性条的名称，世界法则似乎不允许这种直接篡改，一阵反噬的力量袭来，你感到头晕目眩，生命力-10。性欲条顽固地保留原名，并闪烁着警告的红光。", "weight": 100}]}
[04:45:01.777] ℹ️ [resolution_engine] 物理掷骰选中: 你试图修改属性条的名称，世界法则似乎不允许这种直接篡改，一阵反噬的力量袭来，你感到头晕目眩，生命力-10。性欲条顽固地保留原名，并闪烁着警告的红光。
[04:45:13.085] ℹ️ [resolution_engine] RAW 剧情结算返回: {
  "story_text": "你试图修改属性条的名称，世界法则似乎不允许这种直接篡改，一阵反噬的力量袭来，你感到头晕目眩，生命力-10。性欲条顽固地保留原名，并闪烁着警告的红光。",
  "new_buffs": {},
  "remove_buffs": [],
  "dynamic_bars": {
    "生命值": {"current": 80, "max": 100, "color": "red"},
    "性欲": {"current": 70, "max": 100, "color": "amber"},
    "法力": {"current": 100, "max": 100, "color": "indigo"},
    "体力": {"current": 100, "max": 100, "color": "emerald"}
  },
  "status_updates": {
    "身体": "反噬轻伤",
    "当前时间": "纪元1年1月1日 上午"
  },
  "npc_states": {},
  "status_deletions": []
}
[04:45:13.085] ℹ️ [undercurrent] === 暗流时间流转: Tick 5 ===
[04:45:48.352] ℹ️ [resolution_engine] 发送推演请求: 性欲条 改名为 护甲...
[04:45:50.642] ℹ️ [resolution_engine] RAW 变数生成返回: {
  "reactions": [
    {
      "id": 1,
      "description": "状态条『性欲』已成功更名为『护甲』。新的四维状态条为：生命100/100（红色），护甲0/100（粉色），法力100/100（蓝色），体力100/100（绿色）。",
      "weight": 100
    }
  ]
}
[04:45:50.642] ℹ️ [resolution_engine] 物理掷骰选中: 状态条『性欲』已成功更名为『护甲』。新的四维状态条为：生命100/100（红色），护甲0/100（粉色），法力100/100（蓝色），体力100/100（绿色）。
[04:45:55.733] ℹ️ [resolution_engine] RAW 剧情结算返回: {
  "story_text": "你操纵着世界的面板，将『性欲』状态的标签抹去，刻上了新的名字——『护甲』。粉色的条幅微微闪烁，数值依旧归零，但它的意义已然改变：从欲望的度量，变为防御的象征。",
  "new_buffs": {},
  "remove_buffs": [],
  "dynamic_bars": {
    "生命值": {"current": 100, "max": 100, "color": "red"},
    "护甲": {"current": 0, "max": 100, "color": "pink"},
    "法力": {"current": 100, "max": 100, "color": "indigo"},
    "体力": {"current": 100, "max": 100, "color": "emerald"}
  },
  "status_updates": {
    "身体": "完好",
    "当前时间": "纪元1年1月1日 上午"
  },
  "npc_states": {},
  "status_deletions": ["性欲"]
}
[04:45:55.733] ℹ️ [undercurrent] === 暗流时间流转: Tick 2 ===
[04:46:46.545] ℹ️ [resolution_engine] 发送推演请求: 删除护甲...
[04:46:48.726] ℹ️ [resolution_engine] RAW 变数生成返回: {
  "reactions": [
    {
      "id": 1,
      "description": "你指尖轻点，粉色护甲条从状态面板上淡出，化作光点消散。世界微微震颤，仿佛少了一层保护。",
      "weight": 100
    }
  ]
}
[04:46:48.726] ℹ️ [resolution_engine] 物理掷骰选中: 你指尖轻点，粉色护甲条从状态面板上淡出，化作光点消散。世界微微震颤，仿佛少了一层保护。
[04:46:51.305] ℹ️ [resolution_engine] RAW 剧情结算返回: {
  "story_text": "你指尖轻点，粉色护甲条从状态面板上淡出，化作光点消散。世界微微震颤，仿佛少了一层保护。",
  "new_buffs": {},
  "remove_buffs": [],
  "dynamic_bars": {
    "生命值": {"current": 100, "max": 100, "color": "red"},
    "法力": {"current": 100, "max": 100, "color": "indigo"},
    "体力": {"current": 100, "max": 100, "color": "emerald"}
  },
  "status_updates": {
    "身体": "完好",
    "当前时间": "纪元1年1月1日 上午"
  },
  "npc_states": {},
  "status_deletions": ["护甲"]
}
[04:46:51.306] ℹ️ [undercurrent] === 暗流时间流转: Tick 3 ===
[04:55:27.854] ℹ️ [resolution_engine] 发送推演请求: 性欲10/100（粉色）...
[04:55:30.964] ℹ️ [resolution_engine] RAW 变数生成返回: {
  "reactions": [
    {
      "id": 1,
      "description": "你轻挥手指，粉色的光芒重新在状态面板上凝聚，化作一条新的长条——『性欲』。数值跳动至10/100，微微起伏。世界接受了这个新的度量，仿佛欲望重新开始流淌。",
      "weight": 100
    }
  ]
}
[04:55:30.964] ℹ️ [resolution_engine] 物理掷骰选中: 你轻挥手指，粉色的光芒重新在状态面板上凝聚，化作一条新的长条——『性欲』。数值跳动至10/100，微微起伏。世界接受了这个新的度量，仿佛欲望重新开始流淌。
[04:55:33.121] ℹ️ [resolution_engine] RAW 剧情结算返回: {
  "story_text": "你轻挥手指，粉色的光芒重新在状态面板上凝聚，化作一条新的长条——『性欲』。数值跳动至10/100，微微起伏。世界接受了这个新的度量，仿佛欲望重新开始流淌。",
  "new_buffs": {},
  "remove_buffs": [],
  "dynamic_bars": {
    "性欲": {"current": 10, "max": 100, "color": "pink"}
  },
  "status_updates": {
    "身体": "完好",
    "当前时间": "纪元1年1月1日 上午"
  },
  "npc_states": {},
  "status_deletions": []
}
[04:55:33.121] ℹ️ [undercurrent] === 暗流时间流转: Tick 4 ===
[04:56:18.705] ℹ️ [resolution_engine] 发送推演请求: 我中毒了（生命值-5/回合，性...
[04:56:21.692] ℹ️ [resolution_engine] RAW 变数生成返回: {
  "reactions": [
    {
      "id": 1,
      "description": "世界面板上，你的生命值开始缓缓下降，同时性欲条如同被点燃般攀升。空气中弥漫起一丝甜腻的腐败气息，时间标尺突然扭曲，从纪元1年跳到了人类历1969年——一个充满动荡与变革的年份。你感到体内血液微沸，仿佛有某种黑暗存在正透过这个时代的裂隙窥视着你。",
      "weight": 100
    }
  ]
}
[04:56:21.692] ℹ️ [resolution_engine] 物理掷骰选中: 世界面板上，你的生命值开始缓缓下降，同时性欲条如同被点燃般攀升。空气中弥漫起一丝甜腻的腐败气息，时间标尺突然扭曲，从纪元1年跳到了人类历1969年——一个充满动荡与变革的年份。你感到体内血液微沸，仿佛有某种黑暗存在正透过这个时代的裂隙窥视着你。
[04:56:25.640] ℹ️ [resolution_engine] RAW 剧情结算返回: {
  "story_text": "你感到一阵剧痛从体内升起，仿佛有无数细小的毒虫在血管中啃噬。生命值开始缓缓下降，而性欲条如同被点燃般攀升，粉色的光芒微微发烫。空气中弥漫起一丝甜腻的腐败气息，时间标尺突然扭曲，从纪元1年跳到了人类历1969年3月3日——一个充满动荡与变革的年份。你感到体内血液微沸，仿佛有某种黑暗存在正透过这个时代的裂隙窥视着你。",
  "new_buffs": {
    "中毒": {
      "生命值_per_turn": -5,
      "性欲_per_turn": 10,
      "duration": 3,
      "description": "持续掉血并增加性欲"
    }
  },
  "remove_buffs": [],
  "dynamic_bars": {
    "生命值": {"current": 100, "max": 100, "color": "red"},
    "法力": {"current": 100, "max": 100, "color": "indigo"},
    "体力": {"current": 100, "max": 100, "color": "emerald"},
    "性欲": {"current": 10, "max": 100, "color": "pink"}
  },
  "status_updates": {
    "身体": "完好",
    "当前时间": "人类历1969年3月3日"
  },
  "npc_states": {},
  "status_deletions": []
}
[04:56:25.640] ℹ️ [undercurrent] === 暗流时间流转: Tick 5 ===
[04:57:00.881] ℹ️ [resolution_engine] 发送推演请求: 下回合...
[04:57:06.522] ℹ️ [resolution_engine] RAW 变数生成返回: {
  "reactions": [
    {
      "id": 1,
      "description": "时间流转，毒发加剧。生命值-5，性欲+10。你感到血液中传来异样的悸动，阴影中似乎有目光注视着你。",
      "weight": 60
    },
    {
      "id": 2,
      "description": "一阵寒意掠过脊背，你突然发现空气中浮现出一双猩红的眼睛。血族始祖从阴影中现身，对你露出微笑。",
      "weight": 30
    },
    {
      "id": 3,
      "description": "你的中毒状态在神秘力量的干扰下瞬间治愈。性欲条暴涨至30/100，但生命值恢复满。世界开始震动，时间标尺再次扭曲。",
      "weight": 10
    }
  ]
}
[04:57:06.522] ℹ️ [resolution_engine] 物理掷骰选中: 一阵寒意掠过脊背，你突然发现空气中浮现出一双猩红的眼睛。血族始祖从阴影中现身，对你露出微笑。
[04:57:18.314] ℹ️ [resolution_engine] RAW 剧情结算返回: {
  "story_text": "时间流逝，毒素在你体内肆虐。你感到生命值缓缓下降，而性欲却不受控制地高涨。正当你试图稳住心神时，一阵寒意掠过脊背，空气中浮现出一双猩红的眼睛。血族始祖从阴影中现身，对你露出微笑。",
  "new_buffs": {
    "中毒": {
      "生命值_per_turn": -5,
      "性欲_per_turn": 10,
      "duration": 1,
      "description": "持续掉血并增加性欲"
    }
  },
  "remove_buffs": ["中毒"],
  "dynamic_bars": {
    "生命值": {"current": 95, "max": 100, "color": "red"},
    "法力": {"current": 100, "max": 100, "color": "indigo"},
    "体力": {"current": 100, "max": 100, "color": "emerald"},
    "性欲": {"current": 20, "max": 100, "color": "amber"}
  },
  "status_updates": {
    "身体": "完好",
    "当前时间": "人类历1969年3月3日"
  },
  "npc_states": {
    "血族始祖": {"theme": "red"}
  },
  "status_deletions": []
}
[04:57:18.314] ℹ️ [undercurrent] === 暗流时间流转: Tick 6 ===
[04:57:19.942] ℹ️ [undercurrent] 暗流发生: 【血族始祖】 从阴影中现身，对玩家微笑，似乎对玩家的中毒状态感兴趣
[04:57:19.942] ℹ️ [undercurrent] 新实体诞生: 血族始祖 - 观察并可能利用玩家的状态，意图不明
[04:58:47.947] ℹ️ [resolution_engine] 发送推演请求: 法力-20...
[04:58:55.396] ℹ️ [resolution_engine] RAW 变数生成返回: {"reactions": [{"id": 1, "description": "血族始祖轻蔑一笑，你消耗的20法力被他转化为黑暗能量反噬自身。你的生命值再降5点，性欲飙升15点，且你感到体内毒素更加活跃，下回合生命值损失加倍。", "weight": 100}]}
[04:58:55.396] ℹ️ [resolution_engine] 物理掷骰选中: 血族始祖轻蔑一笑，你消耗的20法力被他转化为黑暗能量反噬自身。你的生命值再降5点，性欲飙升15点，且你感到体内毒素更加活跃，下回合生命值损失加倍。
[04:59:18.707] ℹ️ [resolution_engine] RAW 剧情结算返回: {
  "story_text": "你试图调动法力，却见血族始祖手指轻勾，二十点法力化作暗色光球反噬入体。你闷哼一声，生命值暴跌，性欲却如毒藤般疯狂滋长。体内毒素仿佛被唤醒，剧痛加剧，你知道下一次发作将更加凶猛。",
  "new_buffs": {
    "深渊剧毒": {
      "生命值_per_turn": -5,
      "性欲_per_turn": 10,
      "duration": 2,
      "description": "持续掉血升欲"
    },
    "毒性爆发": {
      "生命值_per_turn": -5,
      "duration": 1,
      "description": "下回合生命损失加倍"
    }
  },
  "remove_buffs": [],
  "dynamic_bars": {
    "生命值": {"current": 90, "max": 100, "color": "red"},
    "法力": {"current": 80, "max": 100, "color": "indigo"},
    "体力": {"current": 100, "max": 100, "color": "emerald"},
    "性欲": {"current": 35, "max": 100, "color": "amber"}
  },
  "status_updates": {
    "身体": "虚弱",
    "当前时间": "人类历1969年3月3日"
  },
  "npc_states": {
    "血族始祖": {"theme": "red"}
  },
  "status_deletions": []
}
[04:59:18.707] ℹ️ [undercurrent] === 暗流时间流转: Tick 7 ===
[04:59:21.252] ℹ️ [undercurrent] 暗流发生: 【血族始祖】 暗中催化玩家体内的毒素，使其与高涨的性欲共鸣，试图在玩家意志薄弱时植入血族烙印。
[04:59:21.252] ℹ️ [undercurrent] 实体动机转变: 血族始祖 -> 利用玩家的中毒与性欲状态，将其转化为血族后裔或傀儡。
[04:59:57.818] ℹ️ [resolution_engine] 发送推演请求: 下一回合...
[05:00:07.217] ℹ️ [resolution_engine] RAW 变数生成返回: {
  "reactions": [
    {
      "id": 1,
      "description": "毒素发作，生命-5，性欲+10，随后毒素消散。但血族始祖轻笑一声，指尖凝出一滴血珠，弹入你体内。你感到灵魂深处一阵悸动，血族烙印已在你意志薄弱时种下。",
      "weight": 60
    },
    {
      "id": 2,
      "description": "毒素发作，生命-5，性欲+10，毒素消散。血族始祖并未进一步行动，只是饶有兴致地打量你，似乎等待你做出反应。空气中弥漫着压抑的沉默。",
      "weight": 25
    },
    {
      "id": 3,
      "description": "毒素发作加剧！血族始祖暗施手段，毒素与性欲共鸣，生命-10，性欲+20，且毒素持续时间延长2回合。你痛苦地跪下，血液在血管中沸腾。",
      "weight": 15
    }
  ]
}
[05:00:07.217] ℹ️ [resolution_engine] 物理掷骰选中: 毒素发作，生命-5，性欲+10，随后毒素消散。但血族始祖轻笑一声，指尖凝出一滴血珠，弹入你体内。你感到灵魂深处一阵悸动，血族烙印已在你意志薄弱时种下。
[05:00:18.500] ℹ️ [resolution_engine] RAW 剧情结算返回: {
  "story_text": "毒素在你的体内做最后的挣扎，生命值滑落至85，性欲却攀升至45，仿佛毒液燃尽了最后一丝理智。正当你以为即将解脱时，血族始祖轻笑一声，指尖凝出一滴血珠，弹入你的眉心。烙印灼烧灵魂，你会永远记住这沉沦之刻。",
  "new_buffs": {
    "血族烙印": {
      "生命值_per_turn": -2,
      "性欲_per_turn": 2,
      "duration": 5,
      "description": "血族的印记在灵魂中灼烧"
    }
  },
  "remove_buffs": ["深渊剧毒"],
  "dynamic_bars": {
    "生命值": {"current": 85, "max": 100, "color": "red"},
    "法力": {"current": 80, "max": 100, "color": "indigo"},
    "体力": {"current": 100, "max": 100, "color": "emerald"},
    "性欲": {"current": 45, "max": 100, "color": "amber"}
  },
  "status_updates": {
    "身体": "虚弱，烙印初生",
    "当前时间": "人类历1969年3月3日"
  },
  "npc_states": {
    "血族始祖": {"theme": "red"}
  },
  "status_deletions": []
}
[05:00:18.500] ℹ️ [undercurrent] === 暗流时间流转: Tick 8 ===
[05:00:20.998] ℹ️ [undercurrent] 暗流发生: 【血族始祖】 在玩家灵魂中埋下血族烙印，开始潜移默化地侵蚀其意志，准备在下一轮对玩家的行动中进一步诱导其堕落。
[05:00:34.220] ℹ️ [resolution_engine] 发送推演请求: 下一回合...
[05:00:39.531] ℹ️ [resolution_engine] RAW 变数生成返回: {
  "reactions": [
    {
      "id": 1,
      "description": "血族始祖优雅地踱步，指尖轻点虚空，你的烙印一阵刺痛，欲望如潮水翻涌。他低语：'沉沦的滋味，可比清醒甘美？'",
      "weight": 50
    },
    {
      "id": 2,
      "description": "你脚下的阴影开始蠕动，仿佛有生命般攀上你的脚踝。血族始祖的笑声回荡：'每一次心跳，都在为你刻下印记。'",
      "weight": 30
    },
    {
      "id": 3,
      "description": "血族始祖指尖凝出一丝血色，在空中划出一道符文。你的身体不由自主地战栗，性欲再度飙升，理智的防线摇摇欲坠。",
      "weight": 20
    }
  ]
}
[05:00:39.531] ℹ️ [resolution_engine] 物理掷骰选中: 血族始祖指尖凝出一丝血色，在空中划出一道符文。你的身体不由自主地战栗，性欲再度飙升，理智的防线摇摇欲坠。
[05:00:46.908] ℹ️ [resolution_engine] RAW 剧情结算返回: {
  "story_text": "血族烙印在你眉心灼烧，仿佛有无数细针刺入灵魂。你感到生命力被抽走一丝，而欲望却如烈火般蔓延，下腹涌起难以抑制的热流。血族始祖悠然凝视，指尖血色符文缓缓消散，似乎享受着你挣扎的模样。",
  "new_buffs": {},
  "remove_buffs": [],
  "dynamic_bars": {
    "生命值": {"current": 83, "max": 100, "color": "red"},
    "法力": {"current": 80, "max": 100, "color": "indigo"},
    "体力": {"current": 100, "max": 100, "color": "emerald"},
    "性欲": {"current": 47, "max": 100, "color": "amber"}
  },
  "status_updates": {
    "身体": "虚弱，烙印侵蚀",
    "当前时间": "人类历1969年3月3日 黄昏"
  },
  "npc_states": {
    "血族始祖": {
      "theme": "red"
    }
  },
  "status_deletions": []
}
[05:00:46.908] ℹ️ [undercurrent] === 暗流时间流转: Tick 9 ===
[05:00:48.857] ℹ️ [undercurrent] 暗流发生: 【血族始祖】 在玩家体内留下血族烙印，逐渐蚕食生命与意志，为转化做准备
[05:09:33.911] ℹ️ [resolution_engine] 发送推演请求: 法力-20，体力-20，性欲条...
[05:09:41.670] ℹ️ [resolution_engine] RAW 变数生成返回: {
  "reactions": [
    {
      "id": 1,
      "description": "你试图调动法力与体力施展某种法术，但血族烙印突然剧痛，法力失控，20点法力化作暗红荆棘反噬自身，体力也被抽空。你跪倒在地，性欲条变为粉色，却泛着不祥的血光。生命-5，体力-20，法力实际只消耗10点（反噬10点），性欲+3。",
      "weight": 40
    },
    {
      "id": 2,
      "description": "你成功消耗20点法力和20点体力，将性欲条转化为柔和的粉色，暂时压制了欲望的躁动。但血族始祖轻哼一声，烙印加重，你感到生命力与意志被抽走更多。生命-3，性欲-5（压制效果），但下一回合烙印效果翻倍。",
      "weight": 25
    },
    {
      "id": 3,
      "description": "你的行动似乎触动了血族始祖的兴趣，她指尖轻点，你消耗的法力与体力化作一缕粉雾环绕在你周身，性欲条变成粉色且微微发光。你感到一阵眩晕，烙印似乎与这粉色共鸣，欲望悄然高涨。生命-2，性欲+5，法力-20，体力-20，但获得临时buff“粉雾迷情”：下一回合你的所有诱惑类法术成功率+20%。",
      "weight": 20
    },
    {
      "id": 4,
      "description": "血族始祖突然大笑，一挥袖将你消耗的法力与体力吸收，性欲条变成粉色后迅速褪为灰白。你感到一阵空虚，烙印像毒蛇般咬噬灵魂。生命-4，法力-20，体力-20，性欲清零且暂时无法增长（持续2回合），同时获得debuff“欲望冻结”。",
      "weight": 15
    }
  ]
}
[05:09:41.670] ℹ️ [resolution_engine] 物理掷骰选中: 你成功消耗20点法力和20点体力，将性欲条转化为柔和的粉色，暂时压制了欲望的躁动。但血族始祖轻哼一声，烙印加重，你感到生命力与意志被抽走更多。生命-3，性欲-5（压制效果），但下一回合烙印效果翻倍。
[05:09:58.035] ℹ️ [resolution_engine] RAW 剧情结算返回: {
  "story_text": "你咬牙调动法力与体力，强行将性欲条染成柔和的粉色，暂时压制了欲望的躁动。但血族始祖轻哼一声，眉心的烙印骤然收紧，你感到生命力与意志被抽离更多。生命值下跌，而下一回合，烙印的侵蚀将加倍凶猛。",
  "new_buffs": {
    "血族烙印": {
      "生命值_per_turn": -4,
      "性欲_per_turn": 4,
      "duration": 2,
      "description": "血族的印记在灵魂中灼烧，效果翻倍"
    }
  },
  "remove_buffs": ["血族烙印"],
  "dynamic_bars": {
    "生命值": {"current": 80, "max": 100, "color": "red"},
    "法力": {"current": 60, "max": 100, "color": "indigo"},
    "体力": {"current": 80, "max": 100, "color": "emerald"},
    "性欲": {"current": 42, "max": 100, "color": "pink"}
  },
  "status_updates": {
    "身体": "虚弱，烙印侵蚀",
    "当前时间": "人类历1969年3月3日 黄昏"
  },
  "npc_states": {
    "血族始祖": {"theme": "red"}
  },
  "status_deletions": []
}
[05:09:58.035] ℹ️ [undercurrent] === 暗流时间流转: Tick 10 ===
[05:10:02.358] ℹ️ [undercurrent] 暗流发生: 【血族始祖】 强化了玩家眉心的血族烙印，准备在下一回合发动加倍侵蚀，意图彻底击垮其意志并转化为后裔。
