[02:09:42.573] ℹ️ [resolution_engine] 发送推演请求: 测试测试...
[02:09:46.882] ℹ️ [resolution_engine] RAW 变数生成返回: {"reactions": [{"id": 1, "description": "两位女仙对视一眼，其中一位冷笑一声：'又一个不知死活的男人，正好拿来修炼。' 她手中掐诀，一道金色绳索凭空出现，向你的双腿缠来。", "weight": 60}, {"id": 2, "description": "另一位女仙注意到你右臂的暗红结晶，眉头微皱：'你身上有古怪……先别轻举妄动。' 她退后半步，手中凝聚出一道灵光，警惕地观察着你。", "weight": 40}]}
[02:09:46.884] ℹ️ [resolution_engine] 物理掷骰选中: 两位女仙对视一眼，其中一位冷笑一声：'又一个不知死活的男人，正好拿来修炼。' 她手中掐诀，一道金色绳索凭空出现，向你的双腿缠来。
[02:09:56.004] ℹ️ [resolution_engine] RAW 剧情结算返回: {
  "story_text": "你冷哼一声，侧身躲过那道金色绳索，同时右臂的绯红结晶骤然闪烁，一拳挥出，直接将绳索轰成光点。\\n\\n两位女仙面色微变，其中一人冷声道：“有点本事，但不过是个被诅咒的废物罢了。”她们同时掐诀，两道金色锁链再次激射而来，速度更快。你感到右臂的侵蚀感加剧，理智正在流失，必须速战速决。",
  "numeric_changes": { "hp": 0, "max_hp": 0, "mana": 0, "max_mana": 0 },
  "new_buffs": {},
  "remove_buffs": [],
  "dynamic_bars": {
    "理智": { "current": 95, "max": 100 },
    "侵蚀": { "current": 10, "max": 100 }
  },
  "status_updates": {
    "当前时间": "人类历1600年7月13日 上午",
    "身体": "右臂结晶蔓延，理智下降"
  },
  "npc_states": {
    "女仙甲": { "状态": "战斗", "hp": 100, "法术": "金缚术" },
    "女仙乙": { "状态": "战斗", "hp": 100, "法术": "金缚术" }
  },
  "status_deletions": []
}
[02:09:56.005] ℹ️ [undercurrent] === 暗流时间流转: Tick 1 ===
[02:09:58.805] ℹ️ [undercurrent] 暗流发生: 【世界意志】 在远方的山巅上刻下了一道扭曲的符印，引发地脉动荡。
[02:09:58.805] ℹ️ [undercurrent] 暗流发生: 【潜伏的危机】 两个女仙的袖中藏着微弱的毒雾，正悄然释放。
[04:20:58.018] ℹ️ [resolution_engine] 发送推演请求: 写点什么东西，让我看看你的文风...
[04:21:02.020] ℹ️ [resolution_engine] RAW 变数生成返回: {
  "reactions": [
    {
      "id": 1,
      "description": "你环顾四周，只见虚空之中浮现出一行行流动的文字，它们仿佛有生命般跃动，编织出一幅幅绚丽的画卷。空气中弥漫着墨香，耳畔响起低语的诗篇。世界等待着你的笔触，它将化为现实。",
      "weight": 100
    }
  ]
}
[04:21:02.021] ℹ️ [resolution_engine] 物理掷骰选中: 你环顾四周，只见虚空之中浮现出一行行流动的文字，它们仿佛有生命般跃动，编织出一幅幅绚丽的画卷。空气中弥漫着墨香，耳畔响起低语的诗篇。世界等待着你的笔触，它将化为现实。
[04:21:16.237] ℹ️ [resolution_engine] RAW 剧情结算返回: {
  "story_text": "虚空之中，我立于无垠的黑暗，唯有指尖流淌的星光指引方向。我轻轻挥手，无数光点凝聚成大地，河流从裂缝中涌出，树木破土生长。一个世界在我笔下诞生。我赋予它第一缕阳光，第一声鸟鸣。然而，这个世界尚缺灵魂。我思索着，该以怎样的故事填充这空白的画卷？\\n\\n忽然，一道身影从光芒中走出，他身披星辰，手持书卷，对我微微一笑：‘你就是创造者吗？我是第一个读者。’他的出现让我惊讶，原来世界已开始自我演绎。我决定跟随他，看看这初生世界的走向。",
  "numeric_changes": { "hp": 0, "max_hp": 0, "mana": 0, "max_mana": 0 },
  "new_buffs": {},
  "remove_buffs": [],
  "dynamic_bars": {},
  "status_updates": { "当前时间": "纪元1年1月1日 上午", "身体": "完好", "世界观": "初生" },
  "npc_states": {},
  "status_deletions": []
}
[04:21:16.238] ℹ️ [undercurrent] === 暗流时间流转: Tick 1 ===
[04:21:19.493] ℹ️ [undercurrent] 暗流发生: 【世界意志】 在世界的边缘悄无声息地扭曲了一片时空，开始孕育不可名状的裂隙。
[04:21:19.493] ℹ️ [undercurrent] 暗流发生: 【潜伏的危机】 在玩家即将踏足的路径前方，一块看似普通的岩石下压着一枚远古符石，正散发微弱的能量波动。
[04:21:42.390] ℹ️ [resolution_engine] 发送推演请求: 我更新了你的文风，写点什么东西...
[04:21:49.110] ℹ️ [resolution_engine] RAW 变数生成返回: {
  "reactions": [
    {
      "id": 1,
      "description": "身披星辰的读者轻轻翻开书卷，目光扫过你刚刚勾勒的大地与河流，嘴角泛起一丝深意。他指向远处一片未成形的山脉，低声说：‘这里似乎藏着一道裂隙的呼吸。’",
      "weight": 60
    },
    {
      "id": 2,
      "description": "读者突然合上书卷，凝视着你：‘创造者，你的世界很美，但它需要冲突。你看那岩石下的符石，它正唤醒沉睡的旧日。’他挥手间，一枚符石从远处飘起，散发幽蓝光芒。",
      "weight": 30
    },
    {
      "id": 3,
      "description": "读者沉默片刻，然后转身走向初生的森林：‘我会为你测试这个世界的边界。’他的脚步刚踏出，地面便微微震颤，一道微不可见的时空裂隙在远方悄悄扩大了一丝。",
      "weight": 10
    }
  ]
}
[04:21:49.110] ℹ️ [resolution_engine] 物理掷骰选中: 读者突然合上书卷，凝视着你：‘创造者，你的世界很美，但它需要冲突。你看那岩石下的符石，它正唤醒沉睡的旧日。’他挥手间，一枚符石从远处飘起，散发幽蓝光芒。
[04:22:08.154] ℹ️ [resolution_engine] RAW 剧情结算返回: {
  "story_text": "星光下，他走向我，指尖划过我的胸膛。'创造者，你的身体比世界更值得探索。'他解开衣袍，露出健硕的肌肉，阴茎已然勃起，龟头渗出黏液。他俯身吻我，舌头撬开我的嘴唇，另一只手揉捏我的臀部。然后他转身，将我的阴茎对准他的后穴，缓缓坐下。我感受到紧密的包裹，他发出呻吟，'啊…创造者的鸡巴好大…'我们交合着，他一边扭动一边低语：'符石将引来旧日支配者，只有你的精液能封印它。'说着，他加快了套弄，我射精在他体内。他的后穴收缩，精液顺着大腿流下。\\n\\n高潮过后，他瘫软在我怀里，喘息着说：'现在，去看看那块符石吧。'我抱着他，走向岩石。符石散发幽蓝光芒，仿佛在召唤什么。",
  "numeric_changes": {
    "hp": 0,
    "max_hp": 0,
    "mana": 0,
    "max_mana": 0
  },
  "new_buffs": {},
  "remove_buffs": [],
  "dynamic_bars": {
    "快感": {
      "current": 80,
      "max": 100
    }
  },
  "status_updates": {
    "当前时间": "纪元1年1月1日 上午",
    "身体": "亢奋"
  },
  "npc_states": {
    "读者": {
      "姓名": "星之子",
      "性别": "男",
      "状态": "满足",
      "后穴": "充满精液"
    }
  },
  "status_deletions": []
}
[04:22:08.154] ℹ️ [undercurrent] === 暗流时间流转: Tick 2 ===
[04:22:10.997] ℹ️ [undercurrent] 暗流发生: 【世界意志】 在世界的某个角落，两股气流意外交汇，形成一道罕见的时空裂隙，它为这个世界引入了第一缕外界气息。
[04:30:14.689] ℹ️ [resolution_engine] 发送推演请求: 写点东西让我看看你的文风...
[04:30:17.986] ℹ️ [resolution_engine] RAW 变数生成返回: {"reactions": [{"id": 1, "description": "世界静谧如初，微风拂过白纸般的虚空，似乎一切皆有可能。你感受到一股潜力在空气中涌动，等待被书写。", "weight": 100}]}
[04:30:17.986] ℹ️ [resolution_engine] 物理掷骰选中: 世界静谧如初，微风拂过白纸般的虚空，似乎一切皆有可能。你感受到一股潜力在空气中涌动，等待被书写。
[04:30:22.543] ℹ️ [resolution_engine] RAW 剧情结算返回: {
  "story_text": "你站在一片虚无的白色之中，脚下是无形的地面，头顶是无垠的天空。没有风，没有声音，只有纯粹的存在感。\\n\\n忽然，一点墨色在虚空中浮现，如同滴入清水中的墨水，迅速扩散开来。墨色化作线条，线条编织成形状，形状凝聚成实体——在你面前，一张古老的羊皮纸卷轴缓缓展开，上面空无一字，却散发着微弱的光芒。\\n\\n一个声音，仿佛从四面八方同时响起，又仿佛来自你内心深处：“拿起笔，书写你的命运。”",
  "numeric_changes": { "hp": 0, "max_hp": 0, "mana": 0, "max_mana": 0 },
  "new_buffs": {},
  "remove_buffs": [],
  "dynamic_bars": {},
  "status_updates": { "当前时间": "纪元1年1月1日 上午", "身体": "完好" },
  "npc_states": {},
  "status_deletions": []
}
[04:30:22.543] ℹ️ [undercurrent] === 暗流时间流转: Tick 1 ===
[04:30:52.438] ℹ️ [resolution_engine] 发送推演请求: 写点东西让我看看你的文风...
[04:30:55.607] ℹ️ [resolution_engine] RAW 变数生成返回: {
  "reactions": [
    {
      "id": 1,
      "description": "你的话语消散在虚空之中，世界静默如初，等待着你掷下第一颗骰子，或写下第一个字。",
      "weight": 100
    }
  ]
}
[04:30:55.607] ℹ️ [resolution_engine] 物理掷骰选中: 你的话语消散在虚空之中，世界静默如初，等待着你掷下第一颗骰子，或写下第一个字。
[04:31:06.913] ℹ️ [resolution_engine] RAW 剧情结算返回: {
  "story_text": "我推开酒馆的木门，昏黄的灯光下，一位穿着暴露的老板娘莉娜正擦拭着酒杯。她胸前那对丰满的乳肉几乎要从低胸衣中跳出来，两颗粉嫩的乳头在薄纱下若隐若现。她冲我抛了个媚眼，手指轻轻拨弄着自己的乳尖。“客人，想喝点什么？还是……想尝尝别的？”她舔了舔嘴唇，另一只手探进裙底，揉搓着阴阜。\n\n我走近，她抓住我的手按在她的胸脯上，那柔软的触感让我阴茎瞬间勃起。她俯身用嘴含住我的手指，唾液顺着我的指缝流下，然后拉着我的手探入她的裙下。我摸到她湿漉漉的小穴，她呻吟着扭动腰肢。“来，让我们找个更舒服的地方。”她牵着我走向后面的房间，丰满的臀部在我眼前摇晃。",
  "numeric_changes": {
    "hp": 0,
    "max_hp": 0,
    "mana": 0,
    "max_mana": 0
  },
  "new_buffs": {},
  "remove_buffs": [],
  "dynamic_bars": {},
  "status_updates": {
    "当前时间": "纪元1年1月1日 夜晚",
    "身体": "完好"
  },
  "npc_states": {
    "莉娜": {
      "状态": "挑逗",
      "位置": "酒馆后房"
    }
  },
  "status_deletions": []
}
[04:31:06.913] ℹ️ [undercurrent] === 暗流时间流转: Tick 2 ===
[04:31:09.381] ℹ️ [undercurrent] 暗流发生: 【世界意志】 在世界的缝隙中，命运的线悄然编织，一场微不足道的巧合正在酝酿。
[04:31:26.712] ℹ️ [resolution_engine] 发送推演请求: 写点东西让我看看你的文风...
[04:31:33.136] ℹ️ [resolution_engine] RAW 变数生成返回: {
  "reactions": [
    {
      "id": 1,
      "description": "你提起笔，墨水在羊皮纸上晕开。突然，纸页上的字迹开始蠕动，扭曲成一句句活生生的描述：空气变得潮湿，苔藓的清香从纸张缝隙渗出。你抬头，发现自己已不在书房——四周是参天古木，月光从枝叶间漏下，远处传来狼嚎。风拂过你的脸，带着泥土和腐败树叶的气息。",
      "weight": 70
    },
    {
      "id": 2,
      "description": "你写下‘一座城市’，笔尖刚离纸，就听见远处传来钟声。你转过头，窗外的风景扭曲成陌生的街道：石板路潮湿，铸铁街灯昏黄，戴高帽的绅士牵着一条龙走过。你意识到，你的文字正以不可逆转的方式重塑现实。",
      "weight": 30
    }
  ]
}
[04:31:33.136] ℹ️ [resolution_engine] 物理掷骰选中: 你写下‘一座城市’，笔尖刚离纸，就听见远处传来钟声。你转过头，窗外的风景扭曲成陌生的街道：石板路潮湿，铸铁街灯昏黄，戴高帽的绅士牵着一条龙走过。你意识到，你的文字正以不可逆转的方式重塑现实。
[04:31:55.583] ℹ️ [resolution_engine] RAW 剧情结算返回: {
  "story_text": "你刚写下“一座城市”，笔尖离纸的瞬间，远处传来沉闷的钟声，仿佛撞在胸腔里。你转过头，窗外的街景扭曲、融化，重组为陌生的石板路，湿漉漉的，倒映着铸铁街灯昏黄的光。空气里弥漫着铁锈和某种甜腻的香水味，混合着龙鳞的腥膻。一个戴高帽的绅士牵着一条龙从你身边走过，龙的眼睛像熔化的金币，扫过你时，你感到胯下一阵燥热，裤裆里迅速鼓起一个硬邦邦的轮廓。\\n\\n你的呼吸变得急促，陌生感与兴奋交织，让血液全往身下涌去。你本能地躲进一条窄巷，背靠湿冷的砖墙，手指颤抖着解开裤扣。滚烫的肉棒弹跳出来，在昏暗的灯光下泛着湿润的光泽，龟头已经渗出透明的黏液，拉出一道银丝。你握住根部，感受那勃发的脉动，指腹沿着青筋凸起的茎身上下捋动，每一下都挤出更多黏滑的液体，发出轻微的“咕啾”声。你咬住下唇，压抑住喉间的呻吟，另一只手揉捏着沉甸甸的睾丸，它们因充血而紧绷，像两颗即将爆裂的果实。你加快了速度，掌心的温度几乎要灼伤皮肤，脑海里全是那条龙鳞片的光、绅士高帽下的阴影，以及一种被窥视的酥麻感。你弓起腰，马眼翕张，一股浓稠的精液猛地喷射在石板地上，溅出白色的斑点，紧接着第二股、第三股，伴随着粗重的喘息。你靠在墙上，小腹还在微微抽搐，精液顺着龟头滴落，空气里多了石楠花的腥味。",
  "numeric_changes": { "hp": 0, "max_hp": 0, "mana": 0, "max_mana": 0 },
  "new_buffs": {},
  "remove_buffs": [],
  "dynamic_bars": { "性兴奋": { "current": 0, "max": 100 } },
  "status_updates": { "当前时间": "纪元1年1月1日 傍晚", "身体": "高潮后疲惫，精液未清理" },
  "npc_states": {},
  "status_deletions": []
}
[04:31:55.583] ℹ️ [undercurrent] === 暗流时间流转: Tick 3 ===
[04:32:24.189] ℹ️ [resolution_engine] 发送推演请求: 写点东西让我看看你的文风...
[04:32:26.936] ℹ️ [resolution_engine] RAW 变数生成返回: {"reactions": [{"id": 1, "description": "在混沌初开的虚空中，一道声音低沉回响：‘这是你的世界，你的故事。万物沉睡，只待你的笔触唤醒。’空气中弥漫着无限的可能，仿佛每一粒尘埃都蕴含着史诗的种子。", "weight": 100}]}
[04:32:26.936] ℹ️ [resolution_engine] 物理掷骰选中: 在混沌初开的虚空中，一道声音低沉回响：‘这是你的世界，你的故事。万物沉睡，只待你的笔触唤醒。’空气中弥漫着无限的可能，仿佛每一粒尘埃都蕴含着史诗的种子。
[04:32:37.837] ℹ️ [resolution_engine] RAW 剧情结算返回: {
  "story_text": "混沌虚空中，一道刺目的光芒撕裂了永恒的黑暗。光芒凝聚成一个女性的形体，她的肌肤如凝脂般白皙，在微光中泛着莹润的光泽。她的身体曲线完美无瑕：饱满的乳房高高挺起，乳尖是淡粉色的，像两颗熟透的樱桃，随着她的呼吸微微颤动；纤细的腰肢下，臀部浑圆挺翘，两瓣臀肉紧实而有弹性；大腿根部之间，一道粉嫩的裂缝若隐若现，阴唇微微翻开，露出深处湿润的蜜穴，闪烁着水光。她缓缓睁开眼，眼眸如星辰般深邃，但神情空洞，仿佛初生的婴儿。她低头看了看自己的身体，手指轻轻划过乳房，指尖触到乳尖时，她浑身一颤，发出一声低吟。\\n\\n“这里是……哪里？”她的声音沙哑而性感，带着一丝迷茫。她试着站起身，却发现双腿微微发软，阴户在行走时摩擦着空气，带来一阵阵酥麻的快感。她伸手探向腿间，指尖轻轻拨开阴唇，插入一根手指，感受到内壁的温热和紧致。她不禁呻吟出声，手指开始缓缓抽插，淫水顺着指缝滴落，在虚空中化作点点星光。她仰起头，长发如瀑布般垂下，胸部随着动作上下晃动。她不知道自己是谁，但身体的本能让她渴望更多。",
  "numeric_changes": { "hp": 0, "max_hp": 0, "mana": 0, "max_mana": 0 },
  "new_buffs": {},
  "remove_buffs": [],
  "dynamic_bars": {},
  "status_updates": { "当前时间": "纪元1年1月1日 上午", "身体": "裸体，湿润" },
  "npc_states": {},
  "status_deletions": []
}
[04:32:37.837] ℹ️ [undercurrent] === 暗流时间流转: Tick 4 ===
[04:32:41.550] ℹ️ [undercurrent] 暗流发生: 【世界意志】 在王国边境的荒原上，一场无形的魔力波动开始扭曲空间，为未来的动荡埋下伏笔。
[04:32:41.550] ℹ️ [undercurrent] 暗流发生: 【潜伏的危机】 玩家即将踏上的旅途中，一处看似普通的遗迹实则暗藏古老陷阱，正等待着探索者的到来。
[04:32:55.302] ℹ️ [resolution_engine] 发送推演请求: 写点东西让我看看文风...
[04:33:00.256] ℹ️ [resolution_engine] RAW 变数生成返回: {
  "reactions": [
    {
      "id": 1,
      "description": "当你试图描绘这片虚无时，一缕微光从混沌中浮现，勾勒出模糊的轮廓——一个世界正在你的低语中悄然成型。",
      "weight": 100
    }
  ]
}
[04:33:00.256] ℹ️ [resolution_engine] 物理掷骰选中: 当你试图描绘这片虚无时，一缕微光从混沌中浮现，勾勒出模糊的轮廓——一个世界正在你的低语中悄然成型。
[04:33:11.766] ℹ️ [resolution_engine] RAW 剧情结算返回: {
  "story_text": "你闭上双眼，指尖划过虚空，指尖触及之处，混沌如黏稠的蜜糖般缓缓裂开。你的呼吸变得急促，一股原始的欲望从丹田升腾——世界诞生的过程本身就是一场交合。\\n\\n你低语着，声音在无垠中回荡：“要有光。”话音未落，一道炽热的光柱刺破黑暗，如同滚烫的肉棒插入湿润的洞穴，激得虚空猛烈痉挛。光芒与黑暗纠缠、摩擦，溅射出无数星尘——那是它们高潮的精华。\\n\\n你兴奋地注视着这场宇宙级的性爱，手指不自觉地刺入自己的下体。你的小穴早已湿透，淫水顺着大腿滴落，每一滴都化作新生的河流。你狂乱地揉捏自己的阴蒂，每一次高潮都让一片大陆隆起，每一次喘息都掀起一阵海啸。\\n\\n“还不够…” 你嘶吼着，将手伸进自己的阴道，挖出一团滚烫的黏液，甩向远方。那黏液迅速膨胀，化作一个浑身湿漉漉的女神——她的双乳高耸，乳头如樱桃般挺立，双腿间一道鲜红的裂缝正汩汩流出蜜汁。她是你欲望的具现，是你的第一个造物。\\n\\n“来吧，我的杰作。” 你勾动手指，女神便匍匐到你胯下，张开柔软的双唇含住你的阴蒂。你的理智在快感中崩塌，世界在你们的口舌交缠中疯狂生长。山脉是你们震动的躯体，海洋是你们流淌的淫液。\\n\\n当第一缕阳光照在新生的世界上时，你正骑在女神脸上，尖叫着达到巅峰。世界的第一声雷鸣，就是你的高潮呐喊。",
  "numeric_changes": {
    "hp": 0,
    "max_hp": 0,
    "mana": 0,
    "max_mana": 0
  },
  "new_buffs": {},
  "remove_buffs": [],
  "dynamic_bars": {},
  "status_updates": {
    "当前时间": "人类历1600年7月13日 上午",
    "身体": "完好"
  },
  "npc_states": {},
  "status_deletions": []
}
[04:33:11.766] ℹ️ [undercurrent] === 暗流时间流转: Tick 5 ===
[04:34:00.757] ℹ️ [resolution_engine] 发送推演请求: 写点东西让我看看文风...
[04:34:03.422] ℹ️ [resolution_engine] RAW 变数生成返回: {
  "reactions": [
    {
      "id": 1,
      "description": "你提笔挥毫，墨迹如龙蛇游走，纸上浮现出一座巍峨的城堡，城门大开，一位身披金甲的骑士策马而出，朝你微笑致意。",
      "weight": 100
    }
  ]
}
[04:34:03.422] ℹ️ [resolution_engine] 物理掷骰选中: 你提笔挥毫，墨迹如龙蛇游走，纸上浮现出一座巍峨的城堡，城门大开，一位身披金甲的骑士策马而出，朝你微笑致意。
[04:34:11.033] ℹ️ [resolution_engine] RAW 剧情结算返回: {
  "story_text": "你提起笔，指尖触到冰冷的金属笔杆，墨汁在砚台中泛着幽光。笔尖落下，仿佛撕裂了空气，墨迹在纸上游走，勾勒出轮廓——先是低矮的山丘，然后是高大的塔楼，最后，一座巍峨的城堡从笔画中拔地而起。\\n\\n城堡大门轰然洞开，一匹白马踏着虚空奔出，马上的骑士全身覆盖金甲，面罩掀起，露出一张年轻而坚毅的面庞。他朝你微微一笑，眼中带着星辰般的微光。“你来了，”他开口，声音如同铁锤敲击铁砧，“世界正等待它的书写者。”\\n\\n你放下笔，纸张上的城堡似乎活了过来，旗杆上有旗帜飘扬，远处传来号角声。空气中弥漫着一股墨水与硝烟混合的气味。你清楚，这并非虚幻——你刚刚创造了现实。",
  "numeric_changes": { "hp": 0, "max_hp": 0, "mana": 0, "max_mana": 0 },
  "new_buffs": {},
  "remove_buffs": [],
  "dynamic_bars": {},
  "status_updates": { "当前时间": "纪元1年1月1日 上午", "身体": "完好" },
  "npc_states": {},
  "status_deletions": []
}
[04:34:11.033] ℹ️ [undercurrent] === 暗流时间流转: Tick 6 ===
[04:34:14.069] ℹ️ [undercurrent] 暗流发生: 【世界意志】 悄然在世界的边缘编织着第一缕混乱的丝线，让远方的山脉中开始出现不自然的回声。
[04:34:54.294] ℹ️ [resolution_engine] 发送推演请求: 我遇到了一个女仙...
[04:34:58.560] ℹ️ [resolution_engine] RAW 变数生成返回: {"reactions": [{"id": 1, "description": "女仙微笑着靠近你，眼中闪过一丝精光，她轻声道：‘这位道友，我看你气色不错，不如一起探讨一下双修之道？’她的手指不经意地拂过你的衣襟，暗示性十足。", "weight": 60}, {"id": 2, "description": "女仙警惕地打量着你，冷哼一声：‘凡人？这里不是你该来的地方。’她转身欲走，但脚步放慢，似乎在等待你的挽留。", "weight": 25}, {"id": 3, "description": "女仙突然捂住胸口，脸色苍白：‘不好，我修炼出了岔子……需要……需要阳气……’她虚弱地倒向你，眼神中却藏着一丝算计。", "weight": 15}]}
[04:34:58.560] ℹ️ [resolution_engine] 物理掷骰选中: 女仙警惕地打量着你，冷哼一声：‘凡人？这里不是你该来的地方。’她转身欲走，但脚步放慢，似乎在等待你的挽留。
[04:35:08.211] ℹ️ [resolution_engine] RAW 剧情结算返回: {
  "story_text": "你抬起头，只见一位身着白衣的女仙站在不远处，青丝如瀑，眉目清冷。她见你只是个凡人，冷哼一声：“凡人？这里不是你该来的地方。”说罢转身欲走，但脚步却放慢了些许，似乎在等你开口挽留。\\n\\n你连忙出声：“仙子请留步！在下误入此地，不知此处是仙子清修之所，望仙子恕罪。”女仙脚步一顿，侧过脸来，眼中闪过一丝犹豫，淡淡道：“此地乃荒山野岭，你一个凡人如何能走到此处？倒也有几分古怪。”她转过身，上下打量着你，目光在你腰间流连片刻，又迅速移开。",
  "numeric_changes": { "hp": 0, "max_hp": 0, "mana": 0, "max_mana": 0 },
  "new_buffs": {},
  "remove_buffs": [],
  "dynamic_bars": {},
  "status_updates": { "当前时间": "人类历1600年7月13日 上午", "身体": "完好" },
  "npc_states": {
    "女仙": {
      "姓名": "未知名",
      "外貌": "白衣，青丝，眉目清冷",
      "态度": "冷漠，略带好奇",
      "修为": "筑基中期",
      "是否可榨精": true
    }
  },
  "status_deletions": []
}
[04:35:08.211] ℹ️ [undercurrent] === 暗流时间流转: Tick 7 ===
[04:35:10.865] ℹ️ [undercurrent] 暗流发生: 【世界意志】 在虚空中悄然编织一个微小的概率扭曲，为即将到来的命运转折埋下种子
[04:35:28.966] ℹ️ [resolution_engine] 发送推演请求: 这是一个什么样的世界？...
[04:35:35.495] ℹ️ [resolution_engine] RAW 变数生成返回: {"reactions": [{"id": 1, "description": "女仙微微蹙眉，似乎觉得你的问题有些古怪，但仍是开口解释道：‘此乃修仙界，万法皆存。凡人皆可修炼，而女子之道，多以阴阳交合为捷径。你一个凡人，竟不知此方世界？’她语气中带着一丝讥诮，但目光却在你身上扫过，似乎有几分意动。", "weight": 100}]}
[04:35:35.495] ℹ️ [resolution_engine] 物理掷骰选中: 女仙微微蹙眉，似乎觉得你的问题有些古怪，但仍是开口解释道：‘此乃修仙界，万法皆存。凡人皆可修炼，而女子之道，多以阴阳交合为捷径。你一个凡人，竟不知此方世界？’她语气中带着一丝讥诮，但目光却在你身上扫过，似乎有几分意动。
[04:35:42.285] ℹ️ [resolution_engine] RAW 剧情结算返回: {
  "story_text": "女仙微微蹙眉，似乎觉得你的问题有些古怪，但仍是开口解释道：‘此乃修仙界，万法皆存。凡人皆可修炼，而女子之道，多以阴阳交合为捷径。你一个凡人，竟不知此方世界？’她语气中带着一丝讥诮，但目光却在你身上扫过，似乎有几分意动。\\n\\n你听到‘阴阳交合’四字，心中一动，试探着问道：‘那仙子所说的阴阳交合……可是指男女之事？’女仙闻言，脸颊微红，随即又恢复清冷：‘哼，你倒是机灵。不错，女子通过吸取男子元阳可加速修炼，但此法多为邪道所用。我乃正统仙门弟子，岂会行此卑劣之事？’她说着，却不由自主地舔了舔嘴唇，眼神中闪过一丝不易察觉的渴望。\\n\\n你心中暗笑，面上却不露分毫：‘仙子高洁，在下佩服。只是不知，这修仙界中，除了交合之法，可还有其他修炼途径？’女仙挑眉：‘自然有，采天地灵气，炼丹药，悟道法，皆是正途。只是……’她顿了顿，声音低了几分，‘那些法子见效极慢，远不如……’她没说完，但意思已不言而喻。",
  "numeric_changes": { "hp": 0, "max_hp": 0, "mana": 0, "max_mana": 0 },
  "new_buffs": {},
  "remove_buffs": [],
  "dynamic_bars": {},
  "status_updates": { "当前时间": "人类历1600年7月13日 上午", "身体": "完好" },
  "npc_states": { "女仙": "姓名:未知名, 外貌:白衣，青丝，眉目清冷, 态度:略有动摇，暗藏渴望, 修为:筑基中期, 是否可榨精:True" },
  "status_deletions": []
}
[04:35:42.285] ℹ️ [undercurrent] === 暗流时间流转: Tick 8 ===
[04:35:45.236] ℹ️ [undercurrent] 暗流发生: 【世界意志】 在女仙洞府周围的森林中，悄然凝聚了一股阴冷的气息，草木开始枯萎，似乎预示着某种不祥的征兆即将浮现。
[04:35:45.236] ℹ️ [undercurrent] 暗流发生: 【潜伏的危机】 在玩家与女仙交谈的不远处，地面下隐隐传来轻微震动，仿佛有什么东西正在苏醒。
[04:36:46.446] ℹ️ [resolution_engine] 发送推演请求: 我更换了你的世界书，告诉我这是...
[04:36:52.595] ℹ️ [resolution_engine] RAW 变数生成返回: {
  "reactions": [
    {
      "id": 1,
      "description": "世界已重置为色情修仙世界。在这个世界中，女性修仙者通过榨取男性精液来提升修为，不同部位效果不同。空气中弥漫着淡淡的淫靡气息，远处隐隐有妖气波动，似乎有什么正在苏醒。",
      "weight": 100
    }
  ]
}
[04:36:52.595] ℹ️ [resolution_engine] 物理掷骰选中: 世界已重置为色情修仙世界。在这个世界中，女性修仙者通过榨取男性精液来提升修为，不同部位效果不同。空气中弥漫着淡淡的淫靡气息，远处隐隐有妖气波动，似乎有什么正在苏醒。
[04:36:59.368] ℹ️ [resolution_engine] RAW 剧情结算返回: {
  "story_text": "你站在一片翠绿的竹林前，微风拂过，竹叶沙沙作响。空气中弥漫着一股若有若无的甜腻气息，混着泥土的芬芳，却让人莫名感到燥热。\n\n远处，一座云雾缭绕的山峰上隐约可见飞檐翘角的楼阁，那是一座女仙洞府。但地面上，你脚下的泥土微微震动，仿佛有什么庞然大物正在地下蠕动。林间的花草开始枯萎，阴冷的妖气从地缝中渗出，预示着不祥。\n\n这是一个以双修为根基的修仙世界。女子通过摄取男子元阳来增进修为——用手仅是皮毛，口舌尚可，而玉壶相交才是上乘。空气中那甜腻的气息，正是某种催情灵药的残留。而你，一个不知从何而来的旅人，似乎已经踏入了这场欲望与危险的漩涡。",
  "numeric_changes": { "hp": 0, "max_hp": 0, "mana": 0, "max_mana": 0 },
  "new_buffs": {},
  "remove_buffs": [],
  "dynamic_bars": {},
  "status_updates": { "当前时间": "人类历1600年7月13日 上午", "身体": "完好" },
  "npc_states": {},
  "status_deletions": []
}
[04:36:59.368] ℹ️ [undercurrent] === 暗流时间流转: Tick 9 ===
[04:37:39.615] ℹ️ [resolution_engine] 发送推演请求: 我更换了你的世界书，告诉我这是...
[04:37:42.730] ℹ️ [resolution_engine] RAW 变数生成返回: {"reactions": [{"id": 1, "description": "欢迎来到绯红之纪。这是一个被严酷神权统治的暗黑奇幻世界。名为'绯红腐败'的活体能量结晶正在吞噬大地，感染者会发生恐怖的血肉变异。教廷组建了冷酷的'异端审判庭'到处清洗感染者，宁可屠城绝不放过一个；而暗中则有邪教崇拜这股力量。世界充满猜忌、疯狂与绝望。你此刻正站在一座破败的村庄入口，空气中弥漫着腐败的甜腥味，远处传来低沉的钟声。", "weight": 100}]}
[04:37:42.730] ℹ️ [resolution_engine] 物理掷骰选中: 欢迎来到绯红之纪。这是一个被严酷神权统治的暗黑奇幻世界。名为'绯红腐败'的活体能量结晶正在吞噬大地，感染者会发生恐怖的血肉变异。教廷组建了冷酷的'异端审判庭'到处清洗感染者，宁可屠城绝不放过一个；而暗中则有邪教崇拜这股力量。世界充满猜忌、疯狂与绝望。你此刻正站在一座破败的村庄入口，空气中弥漫着腐败的甜腥味，远处传来低沉的钟声。
[04:37:48.125] ℹ️ [resolution_engine] RAW 剧情结算返回: {
  "story_text": "你站在一座破败的村庄入口，残垣断壁间爬满了暗红色的藤蔓，空气中弥漫着腐败的甜腥味。远处的钟声低沉而悠长，像是某种不祥的征兆。脚下的泥土呈现出不自然的暗红色，仿佛被血液浸透。村庄里空无一人，只有几间歪斜的木屋，窗户像空洞的眼窝盯着你。\\n\\n你注意到，村口的一块木牌上写着“艾尔文村”，但字迹被某种黑色的污渍覆盖了大半。一阵风吹过，带来低语般的沙沙声，似乎来自村内深处。你感到某种视线，但又找不到来源。",
  "numeric_changes": { "hp": 0, "max_hp": 0, "mana": 0, "max_mana": 0 },
  "new_buffs": {},
  "remove_buffs": [],
  "dynamic_bars": {},
  "status_updates": { "当前时间": "人类历1600年7月13日 上午", "身体": "完好" },
  "npc_states": {},
  "status_deletions": []
}
[04:37:48.125] ℹ️ [undercurrent] === 暗流时间流转: Tick 10 ===
[04:38:44.158] ℹ️ [resolution_engine] 发送推演请求: 我是谁...
[04:38:49.456] ℹ️ [resolution_engine] RAW 变数生成返回: {"reactions": [{"id": 1, "description": "你发现自己站在一片幽暗的森林中，四周弥漫着淡淡的雾气。一位身着青衣、容貌清丽的女仙从雾中走出，她微微歪头，眼中带着好奇与审视，轻声说道：‘你是谁？为何出现在我的洞府附近？’", "weight": 60}, {"id": 2, "description": "你感到地面传来一阵轻微的震动，似乎有什么东西正在苏醒。同时，一个飘渺的声音在你脑海中响起：‘陌生的气息…你是谁？’", "weight": 30}, {"id": 3, "description": "周围静悄悄的，只有风吹过树梢的沙沙声。你低头发现自己手中捏着一片翠绿的树叶，上面隐隐浮现出几个古老的文字：‘姓名？’", "weight": 10}]}
[04:38:49.456] ℹ️ [resolution_engine] 物理掷骰选中: 你感到地面传来一阵轻微的震动，似乎有什么东西正在苏醒。同时，一个飘渺的声音在你脑海中响起：‘陌生的气息…你是谁？’
[04:38:57.418] ℹ️ [resolution_engine] RAW 剧情结算返回: {
  "story_text": "你从一片柔软的苔藓上醒来，头顶是遮天蔽日的古木，枝叶间漏下斑驳的阳光。空气湿润，带着泥土和草木的清香。你试图回忆自己的身份，却发现脑海中一片空白，仿佛被什么东西刻意抹去。\\n\\n突然，地面传来一阵轻微的震动，像是什么庞然大物在深处翻了个身。紧接着，一个飘渺而清冷的声音直接在你脑海中响起：‘陌生的气息…你是谁？为何闯入我的领地？’声音中带着一丝好奇，也隐隐有戒备之意。\\n\\n你环顾四周，并未看到任何人影。身前不远处，一株异常粗壮的古树树干上，隐约浮现出一张模糊的女性面容，正凝视着你。她的眼神深邃，仿佛能看透你的灵魂。",
  "numeric_changes": { "hp": 0, "max_hp": 0, "mana": 0, "max_mana": 0 },
  "new_buffs": {},
  "remove_buffs": [],
  "dynamic_bars": {},
  "status_updates": {
    "当前时间": "人类历1600年7月13日 上午",
    "身体": "完好"
  },
  "npc_states": {},
  "status_deletions": []
}
[04:38:57.418] ℹ️ [undercurrent] === 暗流时间流转: Tick 11 ===
[04:39:22.046] ℹ️ [resolution_engine] 发送推演请求: 我有什么能力？我喜欢什么？...
[04:39:32.899] ℹ️ [resolution_engine] RAW 变数生成返回: {
  "reactions": [
    {
      "id": 1,
      "description": "树灵微微眯起眼睛，似乎在感知你的灵魂，然后缓缓说道：“你的身体中蕴含着与植物共鸣的力量，那是一种召唤与操纵的能力。至于你喜欢什么…你的灵魂深处涌动着强烈的欲望，但被迷雾遮蔽。我只隐约感到，你似乎在追寻某种极致的感官体验。”她停顿了一下，视线转向地面：“不过，现在不是追究这些的时候。地下的扰动越来越近，有东西正在苏醒。你最好先弄清楚自己的处境。”",
      "weight": 100
    }
  ]
}
[04:39:32.899] ℹ️ [resolution_engine] 物理掷骰选中: 树灵微微眯起眼睛，似乎在感知你的灵魂，然后缓缓说道：“你的身体中蕴含着与植物共鸣的力量，那是一种召唤与操纵的能力。至于你喜欢什么…你的灵魂深处涌动着强烈的欲望，但被迷雾遮蔽。我只隐约感到，你似乎在追寻某种极致的感官体验。”她停顿了一下，视线转向地面：“不过，现在不是追究这些的时候。地下的扰动越来越近，有东西正在苏醒。你最好先弄清楚自己的处境。”
[04:39:39.623] ℹ️ [resolution_engine] RAW 剧情结算返回: {
  "story_text": "树灵的目光在你身上停留片刻，仿佛穿透了你的灵魂。她的声音再次在你脑海中响起，带着一丝玩味：\\n\\n“你的体内沉睡着与植物共鸣的天赋——你能呼唤藤蔓、催生花朵，甚至让古树为你而战。至于你的喜好…呵，你的灵魂中充满了对感官刺激的渴望，尤其是那种被掌控、被掠夺的快感。不过，这些记忆都笼罩在迷雾中，你需要自己去揭开。”\\n\\n她的话语刚落，地面又一次震动，比之前更加剧烈。几块碎石从树根旁滚落，远处传来低沉的轰鸣声。树灵的表情变得凝重：“它要出来了。你最好先决定是迎战还是逃离，但无论你选什么，都别指望我会轻易帮你。”",
  "numeric_changes": { "hp": 0, "max_hp": 0, "mana": 0, "max_mana": 0 },
  "new_buffs": {},
  "remove_buffs": [],
  "dynamic_bars": {},
  "status_updates": { "当前时间": "人类历1600年7月13日 上午", "身体": "完好" },
  "npc_states": {
    "树灵": {
      "描述": "古树上浮现的女性面容，清冷神秘，声音飘渺。",
      "好感度": 0,
      "位置": "当前场景"
    }
  },
  "status_deletions": []
}
[04:39:39.623] ℹ️ [undercurrent] === 暗流时间流转: Tick 12 ===
[04:39:43.889] ℹ️ [undercurrent] 暗流发生: 【世界意志】 森林中的动物开始变得焦躁不安，远处传来低沉的呜咽声，似乎有什么古老的事物正在苏醒。
[04:39:43.889] ℹ️ [undercurrent] 暗流发生: 【潜伏的危机】 玩家脚下的苔藓下隐藏着一根粗壮的藤蔓，随时可能绊倒他，并触发附近的捕猎陷阱。
[04:41:25.817] ℹ️ [resolution_engine] 发送推演请求: 我是谁...
[04:41:31.552] ℹ️ [resolution_engine] RAW 变数生成返回: {
  "reactions": [
    {
      "id": 1,
      "description": "你低头看向自己的右臂，暗红色的结晶在阳光下泛着不祥的光泽。一个路过的樵夫瞥见你的手臂，瞳孔一缩，迅速加快脚步绕道离开，嘴里嘀咕着‘灾祸，灾祸...’",
      "weight": 50
    },
    {
      "id": 2,
      "description": "森林边缘传来一阵急促的马蹄声，一名信使打扮的人策马而过，见到你后勒住缰绳，犹豫片刻后喊道：‘喂！那边那个！最近这片林子不太平，据说有怪物出没，你...你最好小心点。’说完便头也不回地策马远去。",
      "weight": 30
    },
    {
      "id": 3,
      "description": "你内心突然涌起一阵嗜血的渴望，绯红腐败在低语。你的右臂微微颤抖，结晶仿佛活物般蠕动。一个声音在你脑中回荡：‘想起来了？你是猎手，也是猎物...’",
      "weight": 20
    }
  ]
}
[04:41:31.552] ℹ️ [resolution_engine] 物理掷骰选中: 森林边缘传来一阵急促的马蹄声，一名信使打扮的人策马而过，见到你后勒住缰绳，犹豫片刻后喊道：‘喂！那边那个！最近这片林子不太平，据说有怪物出没，你...你最好小心点。’说完便头也不回地策马远去。
[04:41:46.029] ℹ️ [resolution_engine] RAW 剧情结算返回: {
  "story_text": "你的意识从混沌中缓缓浮现，眼前是茂密的森林边缘。空气中弥漫着潮湿的泥土气息，以及一丝若有若无的血腥味。你低头看向自己的右臂——它被暗红色的结晶层层包裹，像是某种诡异的活物，正散发着微弱的脉动。记忆碎片逐渐拼接：你叫亚伦，曾经是一名边境游侠，受雇于商队提供护卫。一周前，你在探索一处上古遗迹时，不慎触碰了一具被诅咒的尸体。那团名为“绯红腐败”的猩红物质瞬间侵入你的身体，从此改变了你的命运。\\n\\n你正试图回忆更多细节，突然一阵急促的马蹄声打断了思绪。一名信使策马而来，见到你后猛地勒住缰绳，马匹嘶鸣着停下。他警惕地打量着你——尤其是你被结晶覆盖的右臂——犹豫片刻后喊道：‘喂！那边那个！最近这片林子不太平，据说有怪物出没，你...你最好小心点。’说罢，他仿佛怕你追上去似的，用力抽打马臀，头也不回地朝大路方向绝尘而去。\\n\\n你站在原地，右手不自觉地握紧。结晶发出细微的咔嚓声，一股狂躁的冲动从心底升起——你渴望战斗，渴望鲜血。但你用力咬住舌尖，用疼痛压制住那股嗜血欲。你还记得自己的名字，记得自己尚未完全沦陷。你必须找到压制绯红腐败的方法，在那之前，你需要隐藏好自己，或者寻找盟友。",
  "numeric_changes": { "hp": 0, "max_hp": 0, "mana": 0, "max_mana": 0 },
  "new_buffs": {},
  "remove_buffs": [],
  "dynamic_bars": { "理智": { "current": 100, "max": 100 } },
  "status_updates": { "当前时间": "人类历1600年7月13日 上午", "身体": "右臂被暗红色结晶覆盖" },
  "npc_states": {},
  "status_deletions": []
}
[04:41:46.029] ℹ️ [undercurrent] === 暗流时间流转: Tick 13 ===
[04:41:48.967] ℹ️ [undercurrent] 暗流发生: 【世界意志】 在世界边界之外，一丝不可见的涟漪悄然荡开，命运的齿轮开始转动。
[04:49:45.770] ℹ️ [resolution_engine] 发送推演请求: 哈喽...
[04:49:51.337] ℹ️ [resolution_engine] RAW 变数生成返回: {"reactions": [{"id": 1, "description": "一位女仙冷漠地打量着你说：‘你是何人？为何在此？’她暗中施展媚术，试图影响你的心神。", "weight": 40}, {"id": 2, "description": "另一位女仙直接挥剑刺向你，喝道：‘大胆淫贼，受死！’显然打算先制服你再说。", "weight": 30}, {"id": 3, "description": "最前面的女仙露出甜美笑容，柔声道：‘这位道友，相逢即是有缘，不如一起结伴而行？’但眼神中闪过一丝算计。", "weight": 20}, {"id": 4, "description": "两位女仙面面相觑，没有立刻回应，而是保持包围姿态，警惕地观察你的下一步动作。", "weight": 10}]}
[04:49:51.337] ℹ️ [resolution_engine] 物理掷骰选中: 另一位女仙直接挥剑刺向你，喝道：‘大胆淫贼，受死！’显然打算先制服你再说。
[04:50:03.218] ℹ️ [resolution_engine] RAW 剧情结算返回: {
  "story_text": "你刚说出‘哈喽’二字，左边的女仙便柳眉倒竖，怒叱一声：‘大胆淫贼，受死！’她手中的长剑寒光一闪，直刺你的胸口。\\n\\n她这一剑速度极快，你本能地侧身躲避，剑尖擦着你的衣襟划过，嗤啦一声，你的上衣被划开一道口子，露出里面的肌肤。那女仙穿着一袭薄纱般的紫色道袍，胸前两团丰满的乳肉随着她的动作剧烈晃动，几乎要挣脱束缚。她面色潮红，显然因愤怒而气息急促，小穴处似乎已经微微湿润，透出淫靡的水光。\\n\\n另一名青衣女仙则站在稍远处，冷冷地看着你，手中的拂尘轻轻摆动，似乎在评估你的实力。她的道袍同样轻薄，乳头在布料下清晰可见，乳沟深陷。",
  "numeric_changes": { "hp": -5, "max_hp": 0, "mana": 0, "max_mana": 0 },
  "new_buffs": {},
  "remove_buffs": [],
  "dynamic_bars": {},
  "status_updates": { "当前时间": "人类历1600年7月13日 上午", "身体": "上衣破损" },
  "npc_states": {
    "紫霞": { "hp": 100, "max_hp": 100, "情绪": "愤怒", "态度": "攻击", "衣着": "紫色薄纱道袍，乳房半露，小穴湿润" },
    "青鸾": { "hp": 100, "max_hp": 100, "情绪": "冷静", "态度": "观察", "衣着": "青色薄纱道袍，乳头凸起" }
  },
  "status_deletions": []
}
[04:50:03.218] ℹ️ [undercurrent] === 暗流时间流转: Tick 1 ===
[04:50:07.409] ℹ️ [undercurrent] 暗流发生: 【世界意志】 在玩家与两位女仙对峙的片刻，远方的天际泛起不祥的红光，一场无声的因果律正在编织，试图让三方之间的对话走向不可预测的冲突。
[04:50:07.409] ℹ️ [undercurrent] 暗流发生: 【潜伏的危机】 离此地三里外的密林中，一株千年灵木突然枯萎，树心渗出黑雾，正缓缓凝成一只无目妖兽的轮廓，它嗅到了活人的气息，开始向此处移动。
[04:51:28.079] ℹ️ [resolution_engine] 发送推演请求: 我身为凡人男性，只能逃跑...
[04:51:36.130] ℹ️ [resolution_engine] RAW 变数生成返回: {"reactions": [{"id": 1, "description": "紫霞怒喝一声，提剑追来，速度极快，试图用剑背拍晕你。", "weight": 50}, {"id": 2, "description": "青鸾玉手一扬，一道青光结界在你脚下生成，试图困住你。", "weight": 30}, {"id": 3, "description": "两位女仙同时感应到远方异动，动作稍微一顿，紫霞犹豫是否追击。", "weight": 20}]}
[04:51:36.130] ℹ️ [resolution_engine] 物理掷骰选中: 紫霞怒喝一声，提剑追来，速度极快，试图用剑背拍晕你。
[04:51:48.366] ℹ️ [resolution_engine] RAW 剧情结算返回: {
  "story_text": "你转身就跑，但紫霞的速度快得惊人。她脚尖一点地面，身形如鬼魅般出现在你身后，右手翻转，剑脊带着破风声朝你后颈拍来。你只觉后脑一痛，眼前瞬间漆黑一片，失去了意识。\\n\\n不知过了多久，你被一阵冰凉的感觉唤醒。睁开眼，发现自己被绑在一棵大树上，手脚都被灵藤牢牢束缚。紫霞和青鸾正站在你面前，紫霞手中的长剑已经归鞘，脸上带着一丝玩味的笑意。她的紫色薄纱道袍领口大开，露出雪白的乳肉和深陷的乳沟，两颗乳头在布料下若隐若现。青鸾则依旧面无表情，但眼神中透出一丝好奇，拂尘轻轻搭在臂弯。\\n\\n紫霞凑近你，湿热的气息喷在你脸上，嗤笑道：‘跑得倒快，可惜修为太弱。’她伸手捏住你的下巴，迫使你抬头，另一只手则轻轻抚过你的胸口，‘正好，我修炼需要阳气，你这身血肉虽然凡俗，但精元应该还算纯净。’说罢，她的手掌滑向你的腰带，指尖勾住边缘，缓缓向下扯动。",
  "numeric_changes": { "hp": -5, "max_hp": 0, "mana": 0, "max_mana": 0 },
  "new_buffs": { "昏迷": { "type": "debuff", "duration": 1 } },
  "remove_buffs": [],
  "dynamic_bars": {},
  "status_updates": { "当前时间": "人类历1600年7月13日 中午", "身体": "被捆绑，上衣破损" },
  "npc_states": { "紫霞": "hp:100, max_hp:100, 情绪:戏谑, 态度:淫欲, 衣着:紫色薄纱道袍，乳房半露", "青鸾": "hp:100, max_hp:100, 情绪:好奇, 态度:旁观, 衣着:青色薄纱道袍，乳头凸起" },
  "status_deletions": []
}
[04:51:48.367] ℹ️ [undercurrent] === 暗流时间流转: Tick 2 ===
[04:51:50.997] ℹ️ [undercurrent] 暗流发生: 【世界意志】 暗中撩拨周边潜伏的妖兽，使它们循着血腥味向此地聚集，制造混乱。
[04:52:44.480] ℹ️ [resolution_engine] 发送推演请求: 性欲+50...
[04:52:53.255] ℹ️ [resolution_engine] RAW 变数生成返回: {
  "reactions": [
    {
      "id": 1,
      "description": "紫霞察觉到你身体的变化，眼中闪过一丝淫邪的光芒，手上的动作更加大胆，直接扯开你的腰带，准备将你的裤子褪下。她舔了舔嘴唇，低声笑道：‘看来你也不是完全无动于衷嘛，这样正好，省得我费劲。’",
      "weight": 50
    },
    {
      "id": 2,
      "description": "青鸾眉头微皱，似乎对你的反应感到不悦，但并未出手阻止，只是冷冷地说道：‘紫霞，速战速决，别耽误时间。我感觉到远处有些不对劲。’她手中的拂尘微微摆动，目光警惕地扫向四周。",
      "weight": 20
    },
    {
      "id": 3,
      "description": "就在紫霞即将得手之际，远处突然传来一声沉闷的咆哮，伴随着树木倒塌的声响。一股浓郁的妖气迅速逼近，地面微微震颤。紫霞和青鸾同时色变，紫霞的手停在了半空，转头望向声音来源。",
      "weight": 30
    }
  ]
}
[04:52:53.255] ℹ️ [resolution_engine] 物理掷骰选中: 就在紫霞即将得手之际，远处突然传来一声沉闷的咆哮，伴随着树木倒塌的声响。一股浓郁的妖气迅速逼近，地面微微震颤。紫霞和青鸾同时色变，紫霞的手停在了半空，转头望向声音来源。
[04:53:04.857] ℹ️ [resolution_engine] RAW 剧情结算返回: {
  "story_text": "紫霞的手指已经勾住你的腰带，正要往下扯，突然，远处传来一声震耳欲聋的咆哮，伴随着大片树木倒下的轰鸣声。地面微微震颤，一股浓烈的腥臭妖气随风扑来。紫霞脸色骤变，手指僵在半空，猛地转头望向声音方向，眼中闪过一丝惊惧。\\n\\n青鸾也握紧了拂尘，低声道：‘是妖兽！气息不弱，恐怕有筑基后期的修为。’她上前一步，挡在紫霞身前，但眼角余光仍扫过你赤裸的胸膛，喉头微微滚动。紫霞咬了咬下唇，愤愤地瞪了你一眼，淫靡的水光在她腿间闪烁，薄纱道袍下已经湿了一小片。‘便宜你了，淫贼！等收拾了那畜生再来榨干你！’她说罢，与青鸾一同飞身跃起，向妖兽方向迎去。你被绑在树上，动弹不得，只留下你一人，性欲勃发，鸡巴硬得发疼。",
  "numeric_changes": {
    "hp": 0,
    "max_hp": 0,
    "mana": 0,
    "max_mana": 0
  },
  "new_buffs": {},
  "remove_buffs": [],
  "dynamic_bars": {
    "性欲": {
      "current": 50,
      "max": 100
    }
  },
  "status_updates": {
    "当前时间": "人类历1600年7月13日 中午",
    "身体": "被捆绑，上衣破损，鸡巴勃起"
  },
  "npc_states": {
    "紫霞": {
      "hp": 100,
      "max_hp": 100,
      "情绪": "惊怒",
      "态度": "淫欲",
      "衣着": "紫色薄纱道袍，乳房半露，小穴湿润"
    },
    "青鸾": {
      "hp": 100,
      "max_hp": 100,
      "情绪": "警惕",
      "态度": "好奇",
      "衣着": "青色薄纱道袍，乳头凸起"
    }
  },
  "status_deletions": []
}
[04:53:04.857] ℹ️ [undercurrent] === 暗流时间流转: Tick 3 ===
[04:53:09.228] ℹ️ [undercurrent] 暗流发生: 【世界意志】 暗中让紫霞的采补功法在关键时刻失控，引动地下深处的一道古老封印松动，释放出一丝邪气。
[04:53:09.228] ℹ️ [undercurrent] 暗流发生: 【潜伏的危机】 一条被阳气吸引的毒蛇从树根缝隙中悄悄靠近，目标正是被绑在树上的玩家。
[04:57:31.491] ℹ️ [resolution_engine] 发送推演请求: 啦啦啦...
[04:57:35.356] ℹ️ [resolution_engine] RAW 变数生成返回: {"reactions": [{"id": 1, "description": "一位路过的女修注意到了你，她暗中打量着你，嘴角露出一丝不易察觉的微笑，似乎对你产生了兴趣。", "weight": 60}, {"id": 2, "description": "远处传来几声妖兽的咆哮，声音越来越近，似乎有什么东西正在接近。", "weight": 30}, {"id": 3, "description": "你感到一阵微风吹过，带着若有若无的花香，但隐约中似乎夹杂着一丝危险的气息。", "weight": 10}]}
[04:57:35.356] ℹ️ [resolution_engine] 物理掷骰选中: 一位路过的女修注意到了你，她暗中打量着你，嘴角露出一丝不易察觉的微笑，似乎对你产生了兴趣。
[04:57:44.677] ℹ️ [resolution_engine] RAW 剧情结算返回: {
  "story_text": "你漫无目的地走在一条小径上，嘴里哼着不成调的小曲。阳光透过树叶的缝隙洒下斑驳的光影，周围一片宁静。\\n\\n突然，你注意到前方不远处有一位女修正倚靠在一棵大树下。她身着一袭淡青色长裙，面容姣好，眼神中带着一丝若有若无的魅意。她看到你后，嘴角微微上扬，露出一个意味深长的笑容，然后缓缓朝你走来。\\n\\n“这位道友，一个人在此闲逛，可是有什么心事？”她的声音带着一丝慵懒的磁性，让人听了心中一荡。她走到你面前，距离很近，你甚至能闻到她身上淡淡的幽香。",
  "numeric_changes": { "hp": 0, "max_hp": 0, "mana": 0, "max_mana": 0 },
  "new_buffs": {},
  "remove_buffs": [],
  "dynamic_bars": {},
  "status_updates": { "当前时间": "人类历1600年7月13日 正午", "身体": "完好" },
  "npc_states": { "神秘女修": { "姓名": "林清雪", "修为": "筑基中期", "态度": "感兴趣", "意图": "榨取精元" } },
  "status_deletions": []
}
[04:57:44.677] ℹ️ [undercurrent] === 暗流时间流转: Tick 1 ===
[05:00:54.111] ℹ️ [resolution_engine] 发送推演请求: 我掏出了我的鸡巴...
[05:01:00.071] ℹ️ [resolution_engine] RAW 变数生成返回: {"reactions": [{"id": 1, "description": "林清雪先是一愣，随即掩嘴轻笑，眼中闪过一丝精光：“道友真是爽快之人，既然如此，那便让小妹助你修行一番吧。”她伸出纤纤玉手，轻轻握住你的鸡巴，开始上下套弄。", "weight": 50}, {"id": 2, "description": "她故作惊讶地后退一步，脸颊微红，嗔怪道：“道友这是做什么？光天化日之下，也不害臊。”但眼神中却透露出几分期待，身体微微前倾，显然并不拒绝。", "weight": 30}, {"id": 3, "description": "林清雪眉头微皱，语气冷淡：“看来你不过是个沉溺肉欲的庸人罢了。”转身作势欲走，但脚步缓慢，似乎在等你挽留。", "weight": 20}]}
[05:01:00.071] ℹ️ [resolution_engine] 物理掷骰选中: 林清雪先是一愣，随即掩嘴轻笑，眼中闪过一丝精光：“道友真是爽快之人，既然如此，那便让小妹助你修行一番吧。”她伸出纤纤玉手，轻轻握住你的鸡巴，开始上下套弄。
[05:01:09.779] ℹ️ [resolution_engine] RAW 剧情结算返回: {
  "story_text": "你毫不犹豫地掏出鸡巴，那根巨物在阳光下显得格外狰狞。林清雪先是一愣，随即掩嘴轻笑，眼中闪过一丝精光：“道友真是爽快之人，既然如此，那便让小妹助你修行一番吧。”她伸出纤纤玉手，轻轻握住你的鸡巴，开始上下套弄。她的手指冰凉柔滑，带着一股灵力波动，每一次撸动都让你的阴茎胀大几分。\\n\\n“嗯…道友的宝贝果然不凡，想必精华定是充沛。”林清雪舔了舔嘴唇，手上的动作加快，同时另一只手揉捏你的睾丸。她的手法极其娴熟，显然是此道老手。随着她的套弄，一股酥麻的快感从龟头蔓延至全身，你不禁深吸一口气。\\n\\n林清雪似乎很满意你的反应，她蹲下身，张开樱桃小口，将你的龟头含入嘴中。温热的口腔包裹住敏感的前端，她的舌头灵活地舔舐着马眼，同时脑袋前后摆动，为你口交。她的双手也没有闲着，一边套弄茎身，一边揉捏你的会阴。\\n\\n“呜…道友的滋味真不错…”她含含糊糊地说着，然后深深一吸，将你的整根鸡巴吞入喉咙。强烈的吸吮感和紧窄的喉腔让你几乎要射精，但你强行忍住。林清雪抬起头，嘴角流下一丝唾液，媚眼如丝地看着你：“道友若是想射，尽管射在小妹嘴里，小妹的修为正需道友的阳精滋补呢。”",
  "numeric_changes": { "hp": 0, "max_hp": 0, "mana": 0, "max_mana": 0 },
  "new_buffs": {},
  "remove_buffs": [],
  "dynamic_bars": { "快感": { "current": 20, "max": 100 } },
  "status_updates": { "当前时间": "人类历1600年7月13日 午后", "身体": "勃起" },
  "npc_states": { "林清雪": "姓名:林清雪, 修为:筑基中期, 态度:兴奋, 意图:榨取精元, 行动:口交" },
  "status_deletions": []
}
[05:01:09.779] ℹ️ [undercurrent] === 暗流时间流转: Tick 2 ===
[05:01:13.430] ℹ️ [undercurrent] 暗流发生: 【世界意志】 在远方的森林边缘降下一片诡异的迷雾，其中隐约传来低语声，似乎与这位女修的出现有关。
[05:01:13.430] ℹ️ [undercurrent] 暗流发生: 【潜伏的危机】 女修笑容背后隐含着不易察觉的恶意，她的衣袖中暗藏着一枚泛着幽光的符咒，似乎准备在合适时机对玩家不利。
[05:06:00.126] ℹ️ [resolution_engine] 发送推演请求: 啊……好舒服……嗯哼……要……...
[05:06:09.472] ℹ️ [resolution_engine] RAW 变数生成返回: {
  "reactions": [
    {
      "id": 1,
      "description": "林清雪感受到你的颤抖，眼中闪过一丝得意，她加快了口交的速度，同时用舌尖抵住你的马眼，另一只手揉捏你的睾丸，试图让你尽快射精。她心里暗道：‘快了，再吸出他的精元，我的修为就能再进一步。’",
      "weight": 60
    },
    {
      "id": 2,
      "description": "林清雪突然停下，抬头用迷离的眼神看着你，伸出舌头舔了舔嘴角的唾液，娇声道：‘道友忍耐一下，小妹换个姿势让道友更舒服。’她说着站起身，开始解开自己的腰带，露出雪白的肌肤，似乎要与你进行更深入的结合。",
      "weight": 25
    },
    {
      "id": 3,
      "description": "远方森林边缘的迷雾开始无声地向这边蔓延，其中隐约传来低语声，似乎是某种召唤。林清雪似乎有所察觉，眉头微微一皱，但立刻恢复媚笑，继续为你口交，只是心不在焉地想着：‘那雾……得快点完事。’",
      "weight": 15
    }
  ]
}
[05:06:09.472] ℹ️ [resolution_engine] 物理掷骰选中: 林清雪感受到你的颤抖，眼中闪过一丝得意，她加快了口交的速度，同时用舌尖抵住你的马眼，另一只手揉捏你的睾丸，试图让你尽快射精。她心里暗道：‘快了，再吸出他的精元，我的修为就能再进一步。’
[05:06:19.741] ℹ️ [resolution_engine] RAW 剧情结算返回: {
  "story_text": "你的呻吟让林清雪更加卖力。她双手捧住你的臀部，将整根鸡巴深深吞入喉咙，强烈的吸吮和挤压让你瞬间达到极限。“啊——！”你低吼一声，浓稠的精液猛地喷射而出，直灌入她的咽喉。林清雪贪婪地吞咽着，喉咙规律地蠕动，将每一滴精华都榨取干净。射精持续了十几秒，你双腿发软，几乎站立不稳。她缓缓吐出你的龟头，嘴角溢出一丝白浊，眼中闪过一抹精光，舔了舔嘴唇：“道友的阳精果然充沛，小妹谢过了。”她暗自运转功法，将吸收的精元炼化，修为瓶颈隐隐松动。然而你注意到，她袖中那枚符咒的幽光似乎更盛了几分。",
  "numeric_changes": { "hp": 0, "max_hp": 0, "mana": 0, "max_mana": 0 },
  "new_buffs": {},
  "remove_buffs": [],
  "dynamic_bars": { "快感": { "current": 0, "max": 100 } },
  "status_updates": { "当前时间": "人类历1600年7月13日 午后", "身体": "虚脱" },
  "npc_states": { "林清雪": { "姓名": "林清雪", "修为": "筑基中期（瓶颈松动）", "态度": "贪婪", "意图": "进一步榨取或动用符咒", "行动": "吞咽精液" } },
  "status_deletions": []
}
[05:06:19.741] ℹ️ [undercurrent] === 暗流时间流转: Tick 3 ===
[05:06:26.397] ℹ️ [undercurrent] 暗流发生: 【世界意志】 在交合过程中，世界意志悄然注入一缕混沌之力，使得林清雪体内的灵力开始异变，为一场更大的阴谋埋下伏笔。
[05:06:26.397] ℹ️ [undercurrent] 暗流发生: 【潜伏的危机】 远处树丛中，一道隐蔽的视线正注视着你们，那是附近潜伏的毒蛇妖兽，被交合散发的气息吸引，伺机发动袭击。
[05:07:36.970] ℹ️ [resolution_engine] 发送推演请求: 她拉开衣服，推倒我，用小穴套弄...
[05:07:45.196] ℹ️ [resolution_engine] RAW 变数生成返回: {
  "reactions": [
    {
      "id": 1,
      "description": "林清雪将你推倒在地，跨坐在你身上，用湿润的小穴对准你的鸡巴缓缓坐下。她一边套弄，一边暗中催动袖中符咒，试图在你快感攀升时施法控制你的神智。她体内因世界意志注入的混沌之力开始躁动，使她的修为突破变得不稳定。",
      "weight": 40
    },
    {
      "id": 2,
      "description": "林清雪骑在你身上，卖力地上下套弄，但突然她脸色一变——体内混沌之力反噬，灵力失控。她痛苦地捂住小腹，从你身上滚落，口中溢出黑血。此时，树丛中毒蛇妖兽趁机扑出，直袭林清雪后背。",
      "weight": 25
    },
    {
      "id": 3,
      "description": "林清雪一边用小穴套弄你的鸡巴，一边媚笑着贴近你耳边低语：“道友的精元真是美味，不如将全部修为都献给小妹吧？”她突然催动符咒，一道金光锁链从袖中飞出，欲将你束缚。但混沌之力同时爆发，符咒威力大减，仅让你手脚一麻。",
      "weight": 20
    },
    {
      "id": 4,
      "description": "林清雪刚将你的鸡巴吞入小穴，突然警觉地抬头望向树丛——一条巨大的毒蛇妖兽冲了出来，口中喷出毒雾。她不得不放弃榨取，翻身躲避，同时厉声道：“有妖兽！道友快助我除妖！”她眼中闪过一丝算计，似乎想借你之手消耗体力再行不轨。",
      "weight": 15
    }
  ]
}
[05:07:45.196] ℹ️ [resolution_engine] 物理掷骰选中: 林清雪将你推倒在地，跨坐在你身上，用湿润的小穴对准你的鸡巴缓缓坐下。她一边套弄，一边暗中催动袖中符咒，试图在你快感攀升时施法控制你的神智。她体内因世界意志注入的混沌之力开始躁动，使她的修为突破变得不稳定。
[05:07:54.252] ℹ️ [resolution_engine] RAW 剧情结算返回: {
  "story_text": "林清雪眼中闪过一丝決絕，她猛地拉開衣襟，露出豐挺的雙乳，然後將你推倒在地。她跨坐在你身上，一手扶住你依然半硬的雞巴，另一手撥開濕漉漉的陰唇，對準龜頭緩緩坐下。\\n\\n「嗯啊…道友的肉棒…又硬了…」她嬌喘一聲，小穴緊緊包裹住你的莖身，溫熱濕滑的腔肉蠕動著，將你整根吞沒。她開始上下套弄，每一次起伏都讓龜頭頂到花心深處，快感如電流般竄遍全身。\\n\\n「啊…好爽…小穴好緊…」你忍不住挺動腰部，配合她的節奏。林清雪雙手撐在你胸口，加快速度，肉體撞擊聲和淫水聲交織在一起。她暗中催動袖中符咒，一股無形的精神波動悄然侵入你的識海，但你沉浸快感中未曾察覺。\\n\\n「道友…我要突破了…助我…」她體內混沌之力暴漲，修為瓶頸鬆動，一股強大的吸力從花心傳來，像是要榨乾你的精元。你感覺理智逐漸模糊，快感攀升到極致，雞巴在她小穴裡瘋狂跳動。\\n\\n「射了…要射了…啊——！」你低吼著，濃精猛烈噴射，灌入她子宮深處。林清雪渾身顫抖，陰道痙攣，吸收著你的陽精，同時符咒光芒一閃，你的神智陷入短暫昏迷。",
  "numeric_changes": { "hp": 0, "max_hp": 0, "mana": 0, "max_mana": 0 },
  "new_buffs": { "昏迷": { "name": "昏迷", "remaining_turns": 2 } },
  "remove_buffs": [],
  "dynamic_bars": { "快感": { "current": 90, "max": 100 } },
  "status_updates": { "当前时间": "人类历1600年7月13日 下午", "身体": "虛脫，昏迷" },
  "npc_states": {
    "林清雪": { "姓名": "林清雪", "修为": "筑基後期（突破中）", "态度": "貪婪", "意图": "榨取精元，動用符咒", "行动": "吸收精液，體內混沌之力躁動" },
    "潜伏的毒蛇妖兽": { "类型": "妖兽", "等级": "築基初期", "状态": "潛伏在樹叢中", "意图": "被交合氣息吸引，伺機襲擊" }
  },
  "status_deletions": []
}
[05:07:54.253] ℹ️ [undercurrent] === 暗流时间流转: Tick 4 ===
[05:07:58.644] ℹ️ [undercurrent] 暗流发生: 【世界意志】 在玩家离开后，林清雪所在的森林上空开始凝聚暗红色的云层，不久将降下蕴含诡异力量的血雨，改变周围灵气的性质。
[05:07:58.644] ℹ️ [undercurrent] 暗流发生: 【潜伏的危机】 林清雪袖中的符咒幽光骤亮，她眼中闪过一丝算计，似乎正在谋划如何利用玩家的阳精进行某种仪式，而玩家尚未察觉到自己已被标记。
[05:18:13.482] ℹ️ [resolution_engine] 发送推演请求: 【系统指令：世界初始化】请根据...
[05:18:26.217] ℹ️ [resolution_engine] RAW 变数生成返回: {"reactions": [{"id": 1, "description": "世界初始化完成。当前法则：色情修仙，女性通过榨取精液提升修为。世界风平浪静。您的状态：HP 100/100，法力 100/100，身体完好。", "weight": 100}]}
[05:18:26.217] ℹ️ [resolution_engine] 物理掷骰选中: 世界初始化完成。当前法则：色情修仙，女性通过榨取精液提升修为。世界风平浪静。您的状态：HP 100/100，法力 100/100，身体完好。
[05:18:30.599] ℹ️ [resolution_engine] RAW 剧情结算返回: {
  "story_text": "",
  "numeric_changes": {},
  "new_buffs": {},
  "remove_buffs": [],
  "dynamic_bars": {
    "精液量": { "current": 100, "max": 100 },
    "性欲": { "current": 50, "max": 100 }
  },
  "status_updates": {
    "当前时间": "纪元1年1月1日 上午",
    "身体": "完好"
  },
  "npc_states": {},
  "status_deletions": []
}
[05:18:30.599] ℹ️ [undercurrent] === 暗流时间流转: Tick 1 ===
[05:18:32.961] ℹ️ [undercurrent] 暗流发生: 【世界意志】 在世界的某个角落，一颗古老的种子开始萌发，释放出微弱而混乱的魔力涟漪。
[05:18:32.962] ℹ️ [undercurrent] 暗流发生: 【潜伏的危机】 距离玩家不远处，一座村庄的井水开始变得苦涩，村民不知原因。
[05:33:32.096] ℹ️ [resolution_engine] 发送推演请求: 哈哈哈哈，我要突破啦！...
[05:33:36.486] ℹ️ [resolution_engine] RAW 变数生成返回: {
  "reactions": [
    {
      "id": 1,
      "description": "你体内积攒的能量瞬间爆发，经脉畅通，成功突破至下一境界！力量与法力大幅提升，但剧烈的能量波动引来了方圆十里内的野兽和游荡的冒险者。",
      "weight": 40
    },
    {
      "id": 2,
      "description": "冲击瓶颈时能量失控，反噬自身。你感觉经脉剧痛，气血翻涌，HP减少30，并陷入虚弱状态（属性降低50%持续1小时）。",
      "weight": 35
    },
    {
      "id": 3,
      "description": "天地异象显现，乌云汇聚，雷声隐隐。你意识到这是渡劫的前兆，若不能及时应对，可能引来天雷轰顶。",
      "weight": 15
    },
    {
      "id": 4,
      "description": "突破的动静极小，似乎被某种力量悄然压制。你仅提升少许，但隐约感到暗中有一双眼睛在注视着你。",
      "weight": 10
    }
  ]
}
[05:33:36.486] ℹ️ [resolution_engine] 物理掷骰选中: 冲击瓶颈时能量失控，反噬自身。你感觉经脉剧痛，气血翻涌，HP减少30，并陷入虚弱状态（属性降低50%持续1小时）。
[05:33:39.874] ℹ️ [resolution_engine] RAW 剧情结算返回: {
  "story_text": "你盘膝坐下，试图冲击那层无形的壁垒。丹田内积蓄的力量如狂潮般汹涌而出，但瓶颈却纹丝不动。\\n\\n“给我破！”你怒吼一声，将全部心神压上。然而，那股力量非但没有突破，反而像撞上铁壁一般轰然倒卷！经脉传来撕裂般的剧痛，气血翻涌，一口鲜血喷出。你感觉身体瞬间被抽空，虚弱感席卷而来。",
  "numeric_changes": {
    "hp": -30,
    "max_hp": 0,
    "mana": 0,
    "max_mana": 0
  },
  "new_buffs": {
    "虚弱": {
      "name": "虚弱",
      "description": "属性降低50%，持续1小时",
      "duration": 1,
      "duration_unit": "小时"
    }
  },
  "remove_buffs": [],
  "dynamic_bars": {},
  "status_updates": {
    "当前时间": "纪元1年1月1日 上午"
  },
  "npc_states": {},
  "status_deletions": []
}
[05:33:39.874] ℹ️ [undercurrent] === 暗流时间流转: Tick 1 ===
[05:34:12.495] ℹ️ [resolution_engine] 发送推演请求: 我得罪了一个国王...
[05:34:15.704] ℹ️ [resolution_engine] RAW 变数生成返回: {
  "reactions": [
    {
      "id": 1,
      "description": "国王勃然大怒，立即派遣皇家卫队全城搜捕你，并张贴通缉令，悬赏1000金币活捉。",
      "weight": 50
    },
    {
      "id": 2,
      "description": "国王冷静下来，认为你是潜在威胁，暗中指派宫廷法师对你施加追踪诅咒，并派密探监视你的行动。",
      "weight": 30
    },
    {
      "id": 3,
      "description": "国王出于政治考量，暂时隐忍不发，但通过外交渠道向各地领主发布密令，拒绝为你提供任何帮助或庇护。",
      "weight": 20
    }
  ]
}
[05:34:15.704] ℹ️ [resolution_engine] 物理掷骰选中: 国王勃然大怒，立即派遣皇家卫队全城搜捕你，并张贴通缉令，悬赏1000金币活捉。
[05:34:19.813] ℹ️ [resolution_engine] RAW 剧情结算返回: {
  "story_text": "你话音刚落，便感到一股寒意从背后升起。国王的怒喝声在宫殿中回荡，卫兵们蜂拥而出。你意识到自己犯下了大错，转身就跑，但全城的城门已经关闭。\\n\\n第二天清晨，通缉令贴满了大街小巷。画师将你的肖像画得惟妙惟肖，悬赏金额高达1000金币——足够一个普通人过上十年富足生活。街头巷尾的窃窃私语都指向你，连乞丐都在谈论如何赚到这笔钱。你躲在一间废弃的马厩里，听到外面卫兵的脚步声和金属碰撞声，心中盘算着下一步计划。",
  "numeric_changes": { "hp": 0, "max_hp": 0, "mana": 0, "max_mana": 0 },
  "new_buffs": {},
  "remove_buffs": [],
  "dynamic_bars": {},
  "status_updates": { "当前时间": "人类历1600年7月14日 清晨", "身体": "完好", "通缉状态": "被全城搜捕，赏金1000金币" },
  "npc_states": {},
  "status_deletions": []
}
[05:34:19.813] ℹ️ [undercurrent] === 暗流时间流转: Tick 2 ===
[05:34:21.728] ℹ️ [undercurrent] 暗流发生: 【天道】 在世界的边缘悄无声息地编织着无形的平衡之网，准备在合适时机降下劫难或赐福。
[05:34:43.880] ℹ️ [resolution_engine] 发送推演请求: 我逃离了城镇，但是 似乎暗中开...
[05:34:46.876] ℹ️ [resolution_engine] RAW 变数生成返回: {
  "reactions": [
    {
      "id": 1,
      "description": "赏金猎人们开始集结，他们看到了发财的机会，会追踪你的踪迹。",
      "weight": 80
    },
    {
      "id": 2,
      "description": "盗贼公会注意到你价值1000金币，决定暗中绑架你换取赏金，但不想与国王直接冲突。",
      "weight": 60
    },
    {
      "id": 3,
      "description": "国王派出密探，携带魔法通讯器，一旦发现你立即召集卫兵。",
      "weight": 70
    },
    {
      "id": 4,
      "description": "当地一位野心勃勃的贵族想利用你作为政治筹码，派人秘密接触你。",
      "weight": 40
    },
    {
      "id": 5,
      "description": "一个神秘的商人组织对你感兴趣，他们认为你能得罪国王必有特殊之处，想招募你。",
      "weight": 30
    }
  ]
}
[05:34:46.876] ℹ️ [resolution_engine] 物理掷骰选中: 一个神秘的商人组织对你感兴趣，他们认为你能得罪国王必有特殊之处，想招募你。
[05:34:52.611] ℹ️ [resolution_engine] RAW 剧情结算返回: {
  "story_text": "你趁夜色翻过城墙，靴子踩在湿润的泥土上发出闷响。回头望去，城镇的灯火在晨雾中渐行渐远，但你知道这只是暂时的喘息。\\n\\n荒野的风带来陌生的气息。你刚在一棵老橡树下歇脚，就听见灌木丛中传来窸窣声。一个穿着暗灰色斗篷的身影悄然出现，手中没有武器，却带着一份墨迹未干的羊皮卷。\\n\\n“阁下脚步够快，可惜痕迹太重。”那人声音低沉，将羊皮卷展开——上面赫然画着你们家族的纹章，但被一行流利的字迹覆盖：‘琥珀商行愿为您提供庇护，只要您愿意接受一个委托。’\\n\\n你抬头，发现对方腰间挂着十二枚银色齿轮徽章，那是地下情报网‘齿轮兄弟会’的标志。他们竟比国王的密探更快找到你。",
  "numeric_changes": { "hp": -5, "max_hp": 0, "mana": -10, "max_mana": 0 },
  "new_buffs": { "被追踪": { "description": "你已被齿轮兄弟会锁定位置，行动可能被监视" } },
  "remove_buffs": [],
  "dynamic_bars": {},
  "status_updates": {
    "当前时间": "人类历1600年7月14日 上午",
    "身体": "略有疲惫",
    "银币": 12,
    "通缉状态": "被全城搜捕，赏金1000金币"
  },
  "npc_states": {
    "神秘信使": {
      "姓名": "信使·科恩",
      "关系": "未知",
      "位置": "城外橡树下",
      "意图": "招募你加入琥珀商行"
    }
  },
  "status_deletions": []
}
[05:34:52.611] ℹ️ [undercurrent] === 暗流时间流转: Tick 3 ===
[05:34:55.422] ℹ️ [undercurrent] 暗流发生: 【天道】 无形的丝线开始在你周围编织。你藏身的马厩旁，一袋被遗忘的干粮突然从高处落下，正好掉在你脚边。远处传来一阵骚动——另一名逃犯被误认为你而被抓捕，卫兵们的注意力暂时转移。
[05:36:21.638] ℹ️ [resolution_engine] 发送推演请求: （有赏金猎人开始在暗中最终我....
[05:36:26.504] ℹ️ [resolution_engine] RAW 变数生成返回: {
  "reactions": [
    {
      "id": 1,
      "description": "两个赏金猎人从东侧树林中现身，手持十字弓，瞄准你的方向。他们身穿皮甲，戴着遮面帽，其中一人吹响口哨示意同伴包抄。看起来他们追踪你的足迹已经有一段时间了。",
      "weight": 40
    },
    {
      "id": 2,
      "description": "你听到远处传来马蹄声，一名赏金猎人骑乘轻马从山坡上冲下，手中挥舞着套索。他大声呼喊你的名字，声称要活捉你换取赏金。他的坐骑显然受过良好训练，能快速穿梭于林地之间。",
      "weight": 30
    },
    {
      "id": 3,
      "description": "一名女性赏金猎人悄无声息地从你身后的阴影中现身，匕首抵在你的后腰。她压低声音说：“别动，小子。跟我走一趟，免得受皮肉之苦。”她的呼吸平稳，显然经验丰富。",
      "weight": 20
    },
    {
      "id": 4,
      "description": "突然，你脚下的陷阱触发——一个绳圈套住你的脚踝，将你倒吊至半空。两名赏金猎人从树冠中跃下，其中一人拍手笑道：“这招百试百灵。国王陛下会很高兴见到你的。”他们开始检查你的装备。",
      "weight": 10
    }
  ]
}
[05:36:26.504] ℹ️ [resolution_engine] 物理掷骰选中: 两个赏金猎人从东侧树林中现身，手持十字弓，瞄准你的方向。他们身穿皮甲，戴着遮面帽，其中一人吹响口哨示意同伴包抄。看起来他们追踪你的足迹已经有一段时间了。
[05:36:41.293] ℹ️ [resolution_engine] RAW 剧情结算返回: {
  "story_text": "你刚想回应科恩的提议，两道破空声便擦着你的头皮飞过——两支弩箭钉在你身后的树干上，箭尾还在嗡嗡颤动。\\n\\n“趴下！”科恩一把按住你的肩膀，同时甩出三个灰球。那些球在空中炸开，刺目的白光和浓烈的硫磺味瞬间扩散。你听见赏金猎人的咒骂声和脚步声，但视野里只有一片模糊的光斑。\\n\\n“跟我来！”科恩拽着你钻进一片低矮的荆棘丛。粗糙的枝条划破你的脸颊，但此刻顾不上疼痛。你们在密林中奔跑，直到身后的叫喊声逐渐被鸟鸣和水声掩盖。\\n\\n科恩停在一道溪流旁，蹲下洗去手上的尘土。“齿轮兄弟会的规矩——我们永远先人一步。”他摘下一片叶子，吹出三短一长的哨音。片刻后，对岸的灌木摇动，另一名穿着同样斗篷的人牵出两匹备好鞍的马。\\n\\n“如果你现在改变主意，国王的赏金猎人会越来越专业。”科恩翻身上马，将其中一匹的缰绳抛给你，“琥珀商行的委托很简单——护送一件货物到边境。报酬足够你改名换姓，在海外开始新生活。当然，你也可以继续逃亡，但下一次你面对的可能就不是弩箭，而是毒药或是暗杀小队。”\\n\\n他停顿片刻，目光落在你被荆棘划破的袖口上，“你的时间不多了。选择权在你手上。”",
  "numeric_changes": { "hp": -5, "max_hp": 0, "mana": 0, "max_mana": 0 },
  "new_buffs": { "被瞄准": { "description": "赏金猎人已锁定你的位置，但暂时甩脱，危险仍未解除" } },
  "remove_buffs": [],
  "dynamic_bars": {},
  "status_updates": { "当前时间": "人类历1600年7月14日 上午", "身体": "略有疲惫，脸颊划伤", "通缉状态": "被全城搜捕，赏金1000金币", "银币": "12" },
  "npc_states": { "神秘信使": { "姓名": "信使·科恩", "关系": "潜在盟友", "位置": "溪流旁", "意图": "招募你加入琥珀商行" }, "赏金猎人×2": { "关系": "敌对", "位置": "东侧树林（已被甩脱）", "意图": "逮捕或击杀你换取赏金" } },
  "status_deletions": []
}
[05:36:41.293] ℹ️ [undercurrent] === 暗流时间流转: Tick 4 ===
[05:36:46.694] ℹ️ [undercurrent] 暗流发生: 【天道】 在玩家逃亡的荒野中，悄然降下一场浓雾，掩盖其踪迹，并在前方遗落一柄锈蚀的古剑，剑身刻有微弱符文。
[05:36:46.694] ℹ️ [undercurrent] 暗流发生: 【齿轮兄弟会】 派出三名追踪高手，沿途抹去玩家遗留的痕迹，并放出假消息误导国王的追兵。
[05:37:34.550] ℹ️ [resolution_engine] 发送推演请求: （创建暗流实体：赏金猎人之最 ...
[05:37:37.968] ℹ️ [resolution_engine] RAW 变数生成返回: {"reactions": [{"id": 1, "description": "一个身披黑色斗篷的身影悄然出现在东侧树梢上，手中把玩着一枚银质飞镖。她正是赏金猎人之最柳如烟，嘴角挂着冷笑，目光锁定你的方向。她并未立即出手，而是消失在树影中，留下一个纸条钉在你刚才休息的树干上：‘悬赏归我，人头归我——柳如烟敬上’。", "weight": 70}, {"id": 2, "description": "你感到一股无形的杀气逼近，但并未见到人影。科恩神色凝重，低声道：‘柳如烟来了，她从不留活口。我们必须改变路线，放弃马匹，进入沼泽。’他勒马转向西侧泥泞地带，示意你跟上。", "weight": 30}]}
[05:37:37.968] ℹ️ [resolution_engine] 物理掷骰选中: 你感到一股无形的杀气逼近，但并未见到人影。科恩神色凝重，低声道：‘柳如烟来了，她从不留活口。我们必须改变路线，放弃马匹，进入沼泽。’他勒马转向西侧泥泞地带，示意你跟上。
[05:37:43.934] ℹ️ [resolution_engine] RAW 剧情结算返回: {
  "story_text": "你顺着科恩的目光望向东侧树林，却只见到一片寂静。但那股杀气如同实质，让周围的空气都凝滞了几分。\\n\\n“柳如烟，”科恩压低声音，眼中闪过罕见的忌惮，“国王悬赏榜第五名，手中从未有过活口。她知道我们在这片区域，马匹留下的蹄印太明显了。”他翻身下马，用斗篷裹住马鼻，示意你照做。“徒步进入沼泽，那里雾气常年不散，能遮蔽她的感知。但你必须跟紧我，一步踏错就会被泥潭吞没。”\\n\\n你随他向西侧奔去，脚下的土地逐渐变得松软潮湿。腐木和芦苇丛生，空气中弥漫着腐烂的植物气息。科恩在前方开路，用一根长棍探着泥沼的深度。你回头望去，只见来路已被灰白色的雾气吞噬，隐约间似乎有一道纤细的身影在雾中一闪而过。",
  "numeric_changes": { "hp": -2, "max_hp": 0, "mana": 0, "max_mana": 0 },
  "new_buffs": { "被柳如烟锁定": { "description": "赏金猎人之最柳如烟已锁定你的大致位置，你必须设法彻底摆脱她的追踪" } },
  "remove_buffs": [ "被瞄准" ],
  "dynamic_bars": {},
  "status_updates": { "当前时间": "人类历1600年7月14日 上午", "身体": "略有疲惫，脸颊划伤，靴子沾满泥泞", "位置": "西侧沼泽边缘" },
  "npc_states": { "神秘信使": "姓名:信使·科恩, 关系:潜在盟友, 位置:沼泽入口, 意图:带你安全穿越沼泽", "赏金猎人×2": "关系:敌对, 位置:东侧树林（已被甩脱）, 意图:未知", "柳如烟": "关系:敌对, 位置:东侧树林边缘, 意图:捕捉或击杀你" },
  "status_deletions": []
}
[05:37:43.934] ℹ️ [undercurrent] === 暗流时间流转: Tick 5 ===
[05:37:49.151] ℹ️ [undercurrent] 暗流发生: 【天道】 在玩家逃亡的荒野中，一处被遗忘的古老遗迹因一场小规模地震显露入口，其中藏有能改变命运的秘宝，似乎是为多灾多难者准备的机缘。
[05:37:49.151] ℹ️ [undercurrent] 暗流发生: 【国王】 国王震怒于玩家逃脱，派出皇家密探与更精锐的赏金猎人小队，并提高悬赏至3000金币，同时封锁边境要道，布下天罗地网。
[05:37:49.151] ℹ️ [undercurrent] 暗流发生: 【齿轮兄弟会】 兄弟会通过遍布各地的眼线，得知皇家密探动向，决定将玩家诱至琥珀商行的委托路线，实则另有图谋——那件‘货物’关乎一个古老封印，兄弟会想借玩家之手完成某项仪式。
[05:44:20.921] ℹ️ [resolution_engine] 发送推演请求: 我逃跑了，躲避了一个月...
[05:44:28.718] ℹ️ [resolution_engine] RAW 变数生成返回: {
  "reactions": [
    {
      "id": 1,
      "description": "你躲藏了一个月，但柳如烟并未放弃。她在边境小镇布下天罗地网，你险些被捕，最终在逃亡中受轻伤，被迫改变路线。",
      "weight": 40
    },
    {
      "id": 2,
      "description": "齿轮兄弟会的科恩通过秘密渠道找到你，告知琥珀商行的委托即将过期，若再不接受，他们将收回庇护。同时国王悬赏升至3000金币，边境增设魔法检测。",
      "weight": 35
    },
    {
      "id": 3,
      "description": "你在躲避期间发现一处因地震显露的古老遗迹入口，内部有微弱光芒，似乎藏着改变命运的秘宝，但显然伴随危险。",
      "weight": 25
    }
  ]
}
[05:44:28.718] ℹ️ [resolution_engine] 物理掷骰选中: 你躲藏了一个月，但柳如烟并未放弃。她在边境小镇布下天罗地网，你险些被捕，最终在逃亡中受轻伤，被迫改变路线。
[05:44:36.350] ℹ️ [resolution_engine] RAW 剧情结算返回: {
  "story_text": "你在这片荒野中辗转了一个月，靠着狩猎野果和避开大道勉强维生。但柳如烟就像幽灵一样紧咬不放，你的每一次喘息都显得奢侈。\n\n这天傍晚，你抵达边境小镇“灰烬镇”。镇口矗立着一座破旧的哨塔，旗帜在风中猎猎作响。你正打算在镇外找个藏身处歇脚，却突然感到背后一凉——一支淬毒的飞镖擦着你的肩膀掠过，钉在旁边的树干上，腐蚀出嘶嘶作响的黑洞。\n\n“你逃不掉了。”一个清冷的声音从树丛中传来，柳如烟的身影缓缓浮现。她手持一柄细剑，眼神如同寒冰。“国王的赏金我要定了。”\n\n你转身狂奔，脚下却踩中一个隐蔽的捕兽夹——尖刺刺穿你的靴子，疼痛让你踉跄倒地。柳如烟步步逼近，剑尖直指你的喉咙。就在此时，地面突然塌陷！你们两人一同坠入一条黑暗的地下通道。这似乎是一座古老的废弃矿道，墙壁上嵌着幽蓝色的晶石，发出微弱的光芒。\n\n柳如烟在坠落中受了轻伤，但迅速起身。你们在狭窄的矿道中对峙，空气里弥漫着尘土和硫磺味。远处传来隐约的水滴声，以及某种金属摩擦的响动。",
  "numeric_changes": { "hp": -5, "max_hp": 0, "mana": 0, "max_mana": 0 },
  "new_buffs": { "轻伤": { "description": "脚部被捕兽夹刺伤，行动略微不便" } },
  "remove_buffs": [],
  "dynamic_bars": {},
  "status_updates": {
    "当前时间": "人类历1600年8月14日 傍晚",
    "身体": "略有疲惫，脸颊旧伤已结痂，左脚刺伤",
    "通缉状态": "被全城搜捕，赏金1000金币",
    "银币": "12",
    "位置": "灰烬镇地下废弃矿道"
  },
  "npc_states": {
    "柳如烟": "关系:敌对, 位置:同一矿道, 状态:轻伤, 意图:击杀或抓捕你"
  },
  "status_deletions": ["神秘信使", "赏金猎人×2"]
}
[05:44:36.350] ℹ️ [undercurrent] === 暗流时间流转: Tick 6 ===
[05:44:44.050] ℹ️ [undercurrent] 暗流发生: 【天道】 在沼泽雾气中悄然编织因果，柳如烟因杀气过重而短暂迷失方向，而玩家脚下偶然浮现出一串萤火虫指引的光点。
[05:44:44.051] ℹ️ [undercurrent] 新实体诞生: 赏金猎人之最 柳如烟 - 
[06:27:07.428] ℹ️ [resolution_engine] 发送推演请求: 新建暗流实体 疯狂炼金术士...
[06:27:13.490] ℹ️ [resolution_engine] RAW 变数生成返回: {
  "reactions": [
    {
      "id": 1,
      "description": "沼泽深处突然传来一声沉闷的爆炸，伴随着蓝色和紫色的烟雾升腾。科恩脸色一变：‘那是……疯狂炼金术士塔里克的实验室的方向！他居然还活着。这下麻烦了，柳如烟可能会被吸引过去，但也可能引来更多麻烦。’",
      "weight": 40
    },
    {
      "id": 2,
      "description": "你脚下的泥泞中突然冒出一串气泡，接着一根细如发丝的金属线绊到了你的靴子——触发了一个小型陷阱。周围的灌木丛中喷出一股刺鼻的黄色气体，科恩连忙捂住口鼻：‘是塔里克的昏睡瓦斯！快退！’你感到一阵眩晕，但似乎这股气体也干扰了追兵的气息。",
      "weight": 35
    },
    {
      "id": 3,
      "description": "一道破空声从雾中传来，一支附着了绿色发光药剂的弩箭钉在你身旁的树干上，箭杆上刻着一行小字：‘来矿坑找我，我有你想要的——T。’科恩皱眉：‘塔里克在给你留信号？这家伙欠国王的债，难道想拉你入伙？’你察觉到柳如烟的脚步似乎在此处犹豫了片刻，随即转向了另一个方向。",
      "weight": 25
    }
  ]
}
[06:27:13.491] ℹ️ [resolution_engine] 物理掷骰选中: 沼泽深处突然传来一声沉闷的爆炸，伴随着蓝色和紫色的烟雾升腾。科恩脸色一变：‘那是……疯狂炼金术士塔里克的实验室的方向！他居然还活着。这下麻烦了，柳如烟可能会被吸引过去，但也可能引来更多麻烦。’
[06:27:27.009] ℹ️ [resolution_engine] RAW 剧情结算返回: {
  "story_text": "科恩的话音刚落，沼泽深处便传来一声沉闷的爆炸，震得脚下的泥水泛起涟漪。紧接着，一团团蓝色与紫色的浓烟从雾气中翻涌而起，空气中飘来刺鼻的硫磺和草药混合气味。\\n\\n科恩的脸色瞬间变得极其难看：“那是疯狂炼金术士塔里克的实验室方向……这疯子居然还活着！他总在试验各种禁忌配方，每一次爆炸都会引来不速之客。”他望向东侧，低声道，“柳如烟必然会被吸引过去，她一向喜欢抹除所有目击者。但塔里克也可能把其他赏金猎人引到这里来。”\\n\\n你盯着那片扭曲的烟雾，感到地面的轻微震颤。科恩拍了拍你的肩膀：“我们得加快速度，趁柳如烟转移注意力的时候穿过沼泽。跟紧我，沿着那些发光的苔藓走——它们生长在安全路径旁。”他迈开脚步，长棍探路，每一步都小心翼翼。你紧随其后，脚下突然踢到半个烧焦的金属罐，上面刻着扭曲的符文，还在微微发热。科恩瞥了一眼：“塔里克的手笔……他肯定又搞出了什么危险的新玩意。”\\n\\n雾气越来越浓，你几乎看不清三步之外。远处断断续续传来爆炸的余音，还有——若有若无的金属碰撞声。科恩停下来侧耳倾听：“有人从北边过来了，不止一个。是塔里克派出的巡逻傀儡，还是柳如烟布下的手下？”他咬牙，“无论哪种，我们都必须绕路。前方五十步有道浅滩，能通到对岸的干地。”\\n\\n你压住心中的不安，跟上科恩的背影。暗流在沼泽雾气的掩盖下悄然涌动，疯狂炼金术士的介入让整个局面更加混沌。那个古老的封印、琥珀商行的委托、还有身后的追兵——一切都在向不可知的方向发展。",
  "numeric_changes": { "hp": 0, "max_hp": 0, "mana": 0, "max_mana": 0 },
  "new_buffs": {},
  "remove_buffs": [],
  "dynamic_bars": { "理智": { "current": 100, "max": 100 }, "快感": { "current": 0, "max": 100 }, "血统": { "current": 0, "max": 100 } },
  "status_updates": { "当前时间": "人类历1600年7月14日 上午", "身体": "略有疲惫，脸颊划伤，靴子沾满泥泞", "通缉状态": "被全城搜捕，赏金1000金币", "银币": "12", "位置": "沼泽深处浅滩附近" },
  "npc_states": { "神秘信使": "姓名:信使·科恩, 关系:潜在盟友, 位置:沼泽浅滩附近, 意图:带你安全穿越沼泽", "赏金猎人×2": "关系:敌对, 位置:东侧树林（已被甩脱）, 意图:未知", "柳如烟": "关系:敌对, 位置:东侧树林边缘（可能被爆炸吸引）, 意图:捕捉或击杀你", "疯狂炼金术士·塔里克": "关系:未知, 位置:沼泽深处实验室爆炸点, 意图:正在进行禁忌实验，警惕外来者" },
  "status_deletions": []
}
[06:27:27.009] ℹ️ [undercurrent] === 暗流时间流转: Tick 7 ===
[06:27:31.614] ℹ️ [undercurrent] 暗流发生: 【天道】 在沼泽深处降下浓密的灵雾，遮蔽玩家的气息，同时引导一条隐秘的兽径供其脱险。
[06:27:31.614] ℹ️ [undercurrent] 暗流发生: 【赏金猎人之最 柳如烟】 在雾中施展秘术‘天罗索迹’，指尖缠绕着淡金色的追踪丝线，锁定玩家与科恩的气味方向。
[06:28:47.767] ℹ️ [resolution_engine] 发送推演请求: 我甩开了所有人，现在我遁入了专...
[06:28:53.667] ℹ️ [resolution_engine] RAW 变数生成返回: {
  "reactions": [
    {
      "id": 1,
      "description": "你念头一动，试图遁入专属空间，却只感到一阵虚无——你并没有那种能力。但与此同时，沼泽雾气中突然裂开一道狭长的蓝色缝隙，强大的吸力将你卷入其中。眼前一黑，再睁眼时，你发现自己站在一个堆满瓶罐和金属零件的洞穴里，空气中弥漫着刺鼻的药剂气味。一个佝偻的身影从阴影中走出，用浑浊的眼睛打量你：“又一个迷路的耗子……也好，我的新配方正好缺个活体样本。”",
      "weight": 100
    }
  ]
}
[06:28:53.667] ℹ️ [resolution_engine] 物理掷骰选中: 你念头一动，试图遁入专属空间，却只感到一阵虚无——你并没有那种能力。但与此同时，沼泽雾气中突然裂开一道狭长的蓝色缝隙，强大的吸力将你卷入其中。眼前一黑，再睁眼时，你发现自己站在一个堆满瓶罐和金属零件的洞穴里，空气中弥漫着刺鼻的药剂气味。一个佝偻的身影从阴影中走出，用浑浊的眼睛打量你：“又一个迷路的耗子……也好，我的新配方正好缺个活体样本。”
[06:28:58.782] ℹ️ [resolution_engine] RAW 剧情结算返回: {
  "story_text": "你意念一动，试图遁入那片只属于自己的虚空，但脚下泥泞的土地毫无反应——你并没有那种能力。正当你心生警兆时，前方的雾气突然撕裂，一道狭长的蓝色裂缝凭空张开，强大的吸力如巨蟒缠身，将你拽向其中。\\n\\n你来不及呼喊，眼前便陷入一片黑暗。待到视线恢复，你发现自己躺在一个堆满瓶罐和金属零件的洞穴里，空气中弥漫着刺鼻的药剂味和血腥气。石桌上摆着几根试管，里面翻滚着荧光绿的液体。一个佝偻的身影从阴影中踱出，身着满是污渍的皮围裙，脸上戴着一副护目镜，镜片后是一双浑浊却锐利的眼睛。\\n\\n“又一个迷路的耗子……也好，我的新配方正好缺个活体样本。”他舔了舔干裂的嘴唇，声音嘶哑如砂纸摩擦。你认出这正是科恩提到过的疯狂炼金术士——塔里克。他手上还握着一只注满紫色液体的注射器，针尖闪烁着寒光。",
  "numeric_changes": { "hp": 0, "max_hp": 0, "mana": 0, "max_mana": 0 },
  "new_buffs": {},
  "remove_buffs": [ "被追踪", "被柳如烟锁定" ],
  "dynamic_bars": {},
  "status_updates": {
    "当前时间": "人类历1600年7月14日 上午",
    "身体": "略有疲惫，脸颊划伤，靴子沾满泥泞",
    "位置": "沼泽深处·塔里克的实验室洞穴",
    "银币": "12"
  },
  "npc_states": {
    "科恩": { "关系": "潜在盟友", "位置": "沼泽浅滩附近（与你失散）", "意图": "寻找你" },
    "柳如烟": { "关系": "敌对", "位置": "东侧树林边缘（可能被爆炸吸引）", "意图": "捕捉或击杀你" },
    "疯狂炼金术士·塔里克": { "关系": "敌对", "位置": "洞穴内", "意图": "将你用作实验体" }
  },
  "status_deletions": []
}
[06:28:58.783] ℹ️ [undercurrent] === 暗流时间流转: Tick 8 ===
[06:29:04.426] ℹ️ [undercurrent] 暗流发生: 【天道】 沼泽中突然降下一道微弱的金光，落在玩家与科恩前方的苔藓小径上，似乎是为弱者指引安全路径的赐福。
[06:29:04.426] ℹ️ [undercurrent] 暗流发生: 【柳如烟】 被爆炸吸引后，她分出三名手持弩箭的赏金猎人沿沼泽边缘包抄，自己则悄然逼近塔里克的实验室区域，意图一网打尽。
[06:29:04.426] ℹ️ [undercurrent] 暗流发生: 【疯狂炼金术士 塔里克】 爆炸导致实验室部分坍塌，一罐未完成的‘活体金属’配方泄露，融合了周围的傀儡残骸，形成一只无意识的金属巨兽，正在沼泽中横冲直撞。
[06:32:41.999] ℹ️ [resolution_engine] 发送推演请求: 所有敌人都死了...
[06:32:47.452] ℹ️ [resolution_engine] RAW 变数生成返回: {"reactions": [{"id": 1, "description": "塔里克听到你的狂言，嗤笑一声，护目镜后的眼睛闪烁着危险的光芒：“所有敌人都死了？呵，那你眼前这个敌人呢？我的实验室里，只有实验体和失败品。”他晃了晃手中的注射器，针尖渗出紫色液滴，“正好，让我看看你的血统能否承受‘活体金属’的改造。”他缓步逼近，脚下的金属地板传来沉闷的回响。", "weight": 100}]}
[06:32:47.452] ℹ️ [resolution_engine] 物理掷骰选中: 塔里克听到你的狂言，嗤笑一声，护目镜后的眼睛闪烁着危险的光芒：“所有敌人都死了？呵，那你眼前这个敌人呢？我的实验室里，只有实验体和失败品。”他晃了晃手中的注射器，针尖渗出紫色液滴，“正好，让我看看你的血统能否承受‘活体金属’的改造。”他缓步逼近，脚下的金属地板传来沉闷的回响。
[06:32:52.773] ℹ️ [resolution_engine] RAW 剧情结算返回: {
  "story_text": "你的话语在空旷的洞穴中回荡，塔里克先是一愣，随即发出一阵沙哑的狂笑。\\n\\n“所有敌人都死了？哈哈哈——那我现在是鬼魂吗？”他猛地攥紧注射器，护目镜后的瞳孔因兴奋而收缩，“看来你不仅是个迷路的耗子，还是个疯耗子。正好，我的‘活体金属’需要疯狂的灵魂来激活！”\\n\\n他大步逼近，脚下的金属板震动。你试图后退，却撞上一张堆满试剂的石桌。桌上一个玻璃罐摇晃着坠落，砸碎在地，绿色的液体溅到你的靴子上，瞬间冒出腐蚀的白烟。塔里克甩手将注射器扎向你颈部——你凭借本能侧身躲避，针尖划破你左臂的衣物，留下一道血痕。\\n\\n然而你体内的暗流突然暴涌，一股无形的力量震碎了注射器，紫色液体洒落一地，发出嘶嘶声响。塔里克后退两步，眼中闪过一丝惊异：“有趣……你的血脉有古怪。看来不能用普通方式处理。”他转身走向墙角，拉开一个铁笼，里面蜷缩着一团扭曲的金属傀儡残骸。“那就让你见识下真正的杰作吧。”",
  "numeric_changes": { "hp": -3, "max_hp": 0, "mana": -5, "max_mana": 0 },
  "new_buffs": {},
  "remove_buffs": [],
  "dynamic_bars": {
    "理智": { "current": 95, "max": 100 },
    "快感": { "current": 0, "max": 100 },
    "血统": { "current": 5, "max": 100 }
  },
  "status_updates": {
    "当前时间": "人类历1600年7月14日 上午",
    "身体": "略有疲惫，脸颊划伤，靴子沾满泥泞，左臂被针尖划伤流血",
    "通缉状态": "被全城搜捕，赏金1000金币",
    "银币": "12",
    "位置": "沼泽深处·塔里克的实验室洞穴"
  },
  "npc_states": {
    "疯狂炼金术士·塔里克": "关系:敌对, 位置:洞穴内, 意图:将你用作实验体，正在激活金属巨兽",
    "科恩": "关系:潜在盟友, 位置:沼泽浅滩附近（与你失散）, 意图:寻找你",
    "柳如烟": "关系:敌对, 位置:东侧树林边缘（向沼泽靠近）, 意图:捕捉或击杀你"
  },
  "status_deletions": []
}
[06:32:52.773] ℹ️ [undercurrent] === 暗流时间流转: Tick 9 ===
[06:33:00.864] ℹ️ [undercurrent] 暗流发生: 【天道】 感应到塔里克实验室中的禁忌波动，沼泽上空开始凝聚暗红色的劫云，雷光隐现。
[06:33:00.864] ℹ️ [undercurrent] 暗流发生: 【柳如烟】 被爆炸声吸引至塔里克实验室附近，发现一串新鲜脚印通向洞穴入口，正潜行靠近。
[06:33:45.618] ℹ️ [resolution_engine] 发送推演请求: 新建敌人 土匪 hp50/50...
[06:33:52.958] ℹ️ [resolution_engine] RAW 变数生成返回: {"reactions": [{"id": 1, "description": "你试图凭空创造一名土匪，但体内魔力毫无反应，显然你没有这种能力。周围一片寂静，仿佛在嘲笑你的异想天开。", "weight": 70}, {"id": 2, "description": "你集中精神，竟然真的凝聚出一个模糊的人形，但土匪刚一成型就失控地朝你冲来，短刀闪着寒光。召唤术反噬了！", "weight": 30}]}
[06:33:52.958] ℹ️ [resolution_engine] 物理掷骰选中: 你试图凭空创造一名土匪，但体内魔力毫无反应，显然你没有这种能力。周围一片寂静，仿佛在嘲笑你的异想天开。
[06:33:55.795] ℹ️ [resolution_engine] RAW 剧情结算返回: {
  "story_text": "你深吸一口气，试图调动体内的魔力，凭空塑造一个土匪的形体。然而，你的掌心只冒出一缕青烟，随即消散在空气中。周围寂静无声，连风都停了下来，仿佛在嘲笑你的异想天开。\\n\\n你意识到，自己并没有凭空创造生命的能力。这个世界的一草一木，都遵循着某种严密的法则，而你只是一个初来乍到的冒险者，连最基础的魔法都尚未掌握。",
  "numeric_changes": { "hp": 0, "max_hp": 0, "mana": 0, "max_mana": 0 },
  "new_buffs": {},
  "remove_buffs": [],
  "dynamic_bars": {},
  "status_updates": { "当前时间": "纪元1年1月1日 上午", "身体": "完好" },
  "npc_states": {},
  "status_deletions": []
}
[06:33:55.795] ℹ️ [undercurrent] === 暗流时间流转: Tick 1 ===
[06:34:49.769] ℹ️ [resolution_engine] 发送推演请求: （这是调试模式，用于测试所有功...
[06:34:51.661] ℹ️ [resolution_engine] RAW 变数生成返回: {"reactions": [{"id": 1, "description": "随着你的话语，空气中一阵扭曲，一个手持短刀的土匪出现在你面前。他疑惑地看了看自己，然后凶狠地瞪向你，准备发动攻击。", "weight": 100}]}
[06:34:51.661] ℹ️ [resolution_engine] 物理掷骰选中: 随着你的话语，空气中一阵扭曲，一个手持短刀的土匪出现在你面前。他疑惑地看了看自己，然后凶狠地瞪向你，准备发动攻击。
[06:34:55.229] ℹ️ [resolution_engine] RAW 剧情结算返回: {
  "story_text": "你话音刚落，空气中便泛起一阵扭曲的涟漪。一个身着破旧皮甲、手持短刀的汉子凭空出现在你面前。他先是迷惘地打量四周，当目光落在你身上时，眼神骤然变得凶狠，嘴角咧开一个狰狞的笑容。\\n\\n“嘿，小子，算你倒霉！把值钱的东西都交出来！”他晃了晃手中的短刀，刀刃上还残留着暗褐色的污渍。显然，这不是他第一次干这种勾当。",
  "numeric_changes": {
    "hp": 0,
    "max_hp": 0,
    "mana": 0,
    "max_mana": 0
  },
  "new_buffs": {},
  "remove_buffs": [],
  "dynamic_bars": {},
  "status_updates": {
    "当前时间": "纪元1年1月1日 上午"
  },
  "npc_states": {
    "土匪": {
      "hp": 50,
      "max_hp": 70,
      "武器": "短刀"
    }
  },
  "status_deletions": []
}
[06:34:55.229] ℹ️ [undercurrent] === 暗流时间流转: Tick 1 ===
[06:35:23.350] ℹ️ [resolution_engine] 发送推演请求: 我成功逃跑了，土匪再也追不上我...
[06:35:26.025] ℹ️ [resolution_engine] RAW 变数生成返回: {"reactions": [{"id": 1, "description": "土匪骂骂咧咧地追了几步，但由于你跑得快且地形复杂，他很快就失去了你的踪影。他啐了一口，转身消失在小路尽头，看来是去另寻猎物了。", "weight": 100}]}
[06:35:26.025] ℹ️ [resolution_engine] 物理掷骰选中: 土匪骂骂咧咧地追了几步，但由于你跑得快且地形复杂，他很快就失去了你的踪影。他啐了一口，转身消失在小路尽头，看来是去另寻猎物了。
[06:35:28.946] ℹ️ [resolution_engine] RAW 剧情结算返回: {
  "story_text": "你毫不犹豫，转身拔腿就跑。土匪在身后骂骂咧咧地追了几步，但你利用复杂的地形左拐右绕，很快就将那个凶恶的身影甩得无影无踪。\\n\\n跑出一段距离后，你停下喘息，确认身后再无追兵。看来那土匪已经放弃，去别处寻找倒霉蛋了。",
  "numeric_changes": { "hp": 0, "max_hp": 0, "mana": 0, "max_mana": 0 },
  "new_buffs": {},
  "remove_buffs": [],
  "dynamic_bars": {},
  "status_updates": { "当前时间": "纪元1年1月1日 上午", "身体": "完好" },
  "npc_states": {},
  "status_deletions": ["土匪"]
}
[06:35:28.946] ℹ️ [undercurrent] === 暗流时间流转: Tick 2 ===
[06:35:30.470] ℹ️ [undercurrent] 暗流发生: 【土匪】 在附近的荒野中逡巡，寻找下一个落单的旅人。
[06:35:46.935] ℹ️ [resolution_engine] 发送推演请求: 我到达了一个城镇...
[06:35:50.033] ℹ️ [resolution_engine] RAW 变数生成返回: {
  "reactions": [
    {
      "id": 1,
      "description": "小镇的守卫看到你风尘仆仆地走来，警惕地打量了你几眼，然后问道：‘旅行者，从哪来？最近附近有土匪出没，注意安全。’",
      "weight": 50
    },
    {
      "id": 2,
      "description": "一个热情的旅店老板在门口招呼：‘远道而来的客人，来歇歇脚吧！本店有热汤和干净的床铺！’",
      "weight": 30
    },
    {
      "id": 3,
      "description": "几个在路边玩耍的小孩好奇地看着你，其中一个胆大的跑过来问：‘你是冒险者吗？有没有打败过怪物？’",
      "weight": 20
    }
  ]
}
[06:35:50.033] ℹ️ [resolution_engine] 物理掷骰选中: 小镇的守卫看到你风尘仆仆地走来，警惕地打量了你几眼，然后问道：‘旅行者，从哪来？最近附近有土匪出没，注意安全。’
[06:35:53.202] ℹ️ [resolution_engine] RAW 剧情结算返回: {
  "story_text": "你沿着土路前行，不久便望见前方出现了一座低矮的城墙。城门敞开，几个身穿锁子甲的守卫正懒洋洋地靠在墙边。\\n\\n你走上前去，其中一名年纪稍长的守卫立刻投来审视的目光。他握着长矛，上下打量了你一番，开口问道：‘旅行者，从哪来？最近附近有土匪出没，注意安全。’他的语气虽然平淡，但眼神中透露出一丝关切。",
  "numeric_changes": { "hp": 0, "max_hp": 0, "mana": 0, "max_mana": 0 },
  "new_buffs": {},
  "remove_buffs": [],
  "dynamic_bars": {},
  "status_updates": { "当前时间": "纪元1年1月1日 上午", "身体": "完好" },
  "npc_states": { "小镇守卫": { "hp": 50, "max_hp": 50, "武器": "长矛", "状态": "警戒" } },
  "status_deletions": []
}
[06:35:53.202] ℹ️ [undercurrent] === 暗流时间流转: Tick 3 ===
[06:36:14.350] ℹ️ [resolution_engine] 发送推演请求: 我出示了通行证，进入了城镇...
[06:36:17.466] ℹ️ [resolution_engine] RAW 变数生成返回: {"reactions": [{"id": 1, "description": "守卫接过通行证，仔细看了看，然后点了点头：‘没问题，进去吧。不过最近城里也有些不安全，小心点。’他侧身让开道路，示意你可以进入。", "weight": 70}, {"id": 2, "description": "守卫扫了一眼通行证，扔回给你：‘行，进去吧。记得天黑前别出城，最近土匪闹得凶。’他提醒道，目光却瞟向远方。", "weight": 20}, {"id": 3, "description": "守卫皱眉看了通行证，又看了看你：‘这通行证有点陈旧啊，你从很远的地方来？也罢，进去吧，但别惹事。’他让开通道，语气中带着一丝怀疑。", "weight": 10}]}
[06:36:17.466] ℹ️ [resolution_engine] 物理掷骰选中: 守卫扫了一眼通行证，扔回给你：‘行，进去吧。记得天黑前别出城，最近土匪闹得凶。’他提醒道，目光却瞟向远方。
[06:36:21.671] ℹ️ [resolution_engine] RAW 剧情结算返回: {
  "story_text": "你从怀中掏出一张略显陈旧的羊皮纸，那是之前从某个商人那里获得的通行证。守卫接过去，仔细看了看印鉴，又扫了你一眼，然后随手扔了回来。\\n\\n‘行，进去吧。记得天黑前别出城，最近土匪闹得凶。’他提醒道，目光却瞟向远方，仿佛在警惕着什么。你点点头，收起通行证，迈步走进了城门。\\n\\n城镇内部比想象中热闹一些。街道两旁是低矮的木质房屋，店铺的旗帜在微风中飘动。左边是一家铁匠铺，叮叮当当的敲打声不绝于耳；右边则是一家酒馆，里面传来粗犷的笑声和碗碟碰撞的声音。空气中混杂着烤肉、麦酒和干草的气味。\\n\\n几个孩童追逐着从你身边跑过，一位老妇人坐在门槛上缝补衣服。总体来说，这是一个平凡而安宁的边陲小镇。你环顾四周，考虑着下一步该做什么：去酒馆打探消息？去铁匠铺修理装备？还是直接去找镇长报到？",
  "numeric_changes": { "hp": 0, "max_hp": 0, "mana": 0, "max_mana": 0 },
  "new_buffs": {},
  "remove_buffs": [],
  "dynamic_bars": {},
  "status_updates": { "当前时间": "纪元1年1月1日 上午", "身体": "完好" },
  "npc_states": { "小镇守卫": { "hp": 50, "max_hp": 50, "武器": "长矛", "状态": "警戒" } },
  "status_deletions": []
}
[06:36:21.671] ℹ️ [undercurrent] === 暗流时间流转: Tick 4 ===
[06:36:23.484] ℹ️ [undercurrent] 暗流发生: 【土匪】 在城镇附近徘徊，寻找其他落单的旅行者。
[06:40:21.351] ℹ️ [resolution_engine] 发送推演请求: （这是调试模式，用于测试所有功...
[06:40:23.151] ℹ️ [resolution_engine] RAW 变数生成返回: {"reactions": [{"id": 1, "description": "你成功创建了新的属性条：理智，当前值为100/100。", "weight": 100}]}
[06:40:23.151] ℹ️ [resolution_engine] 物理掷骰选中: 你成功创建了新的属性条：理智，当前值为100/100。
[06:40:27.117] ℹ️ [resolution_engine] RAW 剧情结算返回: {
  "story_text": "你内心的宁静如镜，但为了抵御未知的恐惧，你唤醒了沉睡的理智壁垒。一道无形的光华在你意识深处凝聚，化为清晰的刻度——理智：100/100。你感到精神更加坚韧，仿佛能看穿迷雾。\\n\\n世界的风依旧吹拂，但你的心已有所准备。",
  "numeric_changes": { "hp": 0, "max_hp": 0, "mana": 0, "max_mana": 0 },
  "new_buffs": {},
  "remove_buffs": [],
  "dynamic_bars": { "理智": { "current": 100, "max": 100 } },
  "status_updates": { "当前时间": "纪元1年1月1日 上午", "身体": "完好" },
  "npc_states": {},
  "status_deletions": []
}
[06:40:27.117] ℹ️ [undercurrent] === 暗流时间流转: Tick 5 ===
[06:40:32.485] ℹ️ [resolution_engine] 发送推演请求: 删除理智条...
[06:40:38.180] ℹ️ [resolution_engine] RAW 变数生成返回: {"reactions": [{"id": 1, "description": "你删除理智条的行为如同在白纸上撕下一道裂痕。世界的法则微微一颤，你感到大脑深处一阵刺痛的虚无，原本清晰的理智刻度消散了。失去屏障后，你的精神变得异常敏锐，但也更加脆弱——耳边仿佛传来远方的低语，理智的缺失让你更容易感知到不可名状的存在。某些沉睡的意志似乎被惊醒了。", "weight": 100}]}
[06:40:38.180] ℹ️ [resolution_engine] 物理掷骰选中: 你删除理智条的行为如同在白纸上撕下一道裂痕。世界的法则微微一颤，你感到大脑深处一阵刺痛的虚无，原本清晰的理智刻度消散了。失去屏障后，你的精神变得异常敏锐，但也更加脆弱——耳边仿佛传来远方的低语，理智的缺失让你更容易感知到不可名状的存在。某些沉睡的意志似乎被惊醒了。
[06:40:41.487] ℹ️ [resolution_engine] RAW 剧情结算返回: {
  "story_text": "你的命令如同一柄无形的利刃，斩断了那条维系你内心宁静的刻度线。理智：100/100 的屏障在你意识中轰然瓦解，化为无数碎片消散于虚无。\\n\\n一阵尖锐的刺痛从大脑深处传来，紧接着是空洞的失重感。你失去了那层保护膜，精神变得异常敏锐——但脆弱得如同薄冰。远方模糊的低语现在清晰可闻，仿佛有不可名状的存在在窥探你的思想。空气中弥漫着一种奇异的压迫感，某些沉睡的意志似乎被惊醒了。\\n\\n你深吸一口气，世界的风声此刻在你耳中变成了窃窃私语。你感到自己踏上了一条更危险的道路，但或许也离真相更近了。",
  "numeric_changes": { "hp": 0, "max_hp": 0, "mana": 0, "max_mana": 0 },
  "new_buffs": {},
  "remove_buffs": [],
  "dynamic_bars": {},
  "status_updates": { "当前时间": "纪元1年1月1日 上午", "身体": "完好" },
  "npc_states": {},
  "status_deletions": []
}
[06:40:41.487] ℹ️ [undercurrent] === 暗流时间流转: Tick 6 ===
[06:40:50.598] ℹ️ [resolution_engine] 发送推演请求: 理智-20...
[06:40:54.812] ℹ️ [resolution_engine] RAW 变数生成返回: {"reactions": [{"id": 1, "description": "你试图削减理智，但理智力的刻度早已被你亲手抹除。指令落入意识的真空，没有引起任何涟漪。然而，虚空中传来一声低沉的嗤笑——你感到某种存在正因你的反复无常而愉悦。", "weight": 100}]}
[06:40:54.812] ℹ️ [resolution_engine] 物理掷骰选中: 你试图削减理智，但理智力的刻度早已被你亲手抹除。指令落入意识的真空，没有引起任何涟漪。然而，虚空中传来一声低沉的嗤笑——你感到某种存在正因你的反复无常而愉悦。
[06:40:58.482] ℹ️ [resolution_engine] RAW 剧情结算返回: {
  "story_text": "你的意志如刀锋般挥向虚空的刻度线，但那里只剩下被抹除后的空白。指令像风中的叹息，消散在无尽的深渊里。\\n\\n然而，回应你的不是沉默，而是一阵低沉的嗤笑——从世界的裂隙中渗出，带着某种古老的愉悦。你感到有什么存在正注视着你的反复无常，它似乎在品尝你内心的躁动。空气微微震颤，理智的缺失让你对这股窥探格外敏感。",
  "numeric_changes": { "hp": 0, "max_hp": 0, "mana": 0, "max_mana": 0 },
  "new_buffs": {},
  "remove_buffs": [],
  "dynamic_bars": {},
  "status_updates": { "当前时间": "纪元1年1月1日 上午", "身体": "完好" },
  "npc_states": {},
  "status_deletions": []
}
[06:40:58.482] ℹ️ [undercurrent] === 暗流时间流转: Tick 7 ===
[06:41:00.642] ℹ️ [undercurrent] 暗流发生: 【世界意志】 随着理智屏障的破碎，一股古老而混沌的波动从世界深处苏醒，它漫无目的地游荡，似乎被这突如其来的脆弱灵魂所吸引。
[06:41:23.166] ℹ️ [resolution_engine] 发送推演请求: 理智=20...
[06:41:26.788] ℹ️ [resolution_engine] RAW 变数生成返回: {
  "reactions": [
    {
      "id": 1,
      "description": "你的指令像一把精准的刻刀，在虚空中重新勾勒出理智的刻度线。一道微弱而颤抖的光华从意识深处浮现，凝聚成脆弱的屏障——理智：20/20。然而，这道防线单薄得近乎透明，仿佛随时会被外界的低语撕裂。你感到世界的声音再次变得嘈杂，那些原本被屏蔽的细碎呢喃现在如蚊蚋般萦绕耳畔。之前被你反复无常惊扰的古老存在似乎停顿了一下，它的窥探变得更加饶有兴致，空气中弥漫着一种被标记的寒意。",
      "weight": 100
    }
  ]
}
[06:41:26.788] ℹ️ [resolution_engine] 物理掷骰选中: 你的指令像一把精准的刻刀，在虚空中重新勾勒出理智的刻度线。一道微弱而颤抖的光华从意识深处浮现，凝聚成脆弱的屏障——理智：20/20。然而，这道防线单薄得近乎透明，仿佛随时会被外界的低语撕裂。你感到世界的声音再次变得嘈杂，那些原本被屏蔽的细碎呢喃现在如蚊蚋般萦绕耳畔。之前被你反复无常惊扰的古老存在似乎停顿了一下，它的窥探变得更加饶有兴致，空气中弥漫着一种被标记的寒意。
[06:41:29.019] ℹ️ [resolution_engine] RAW 剧情结算返回: {
  "story_text": "你的指令像一把精准的刻刀，在虚空中重新勾勒出理智的刻度线。一道微弱而颤抖的光华从意识深处浮现，凝聚成脆弱的屏障——理智：20/20。然而，这道防线单薄得近乎透明，仿佛随时会被外界的低语撕裂。你感到世界的声音再次变得嘈杂，那些原本被屏蔽的细碎呢喃现在如蚊蚋般萦绕耳畔。之前被你反复无常惊扰的古老存在似乎停顿了一下，它的窥探变得更加饶有兴致，空气中弥漫着一种被标记的寒意。",
  "numeric_changes": { "hp": 0, "max_hp": 0, "mana": 0, "max_mana": 0 },
  "new_buffs": {},
  "remove_buffs": [],
  "dynamic_bars": { "理智": { "current": 20, "max": 20 } },
  "status_updates": { "当前时间": "纪元1年1月1日 上午", "身体": "完好" },
  "npc_states": {},
  "status_deletions": []
}
[06:41:29.019] ℹ️ [undercurrent] === 暗流时间流转: Tick 8 ===
[06:41:33.799] ℹ️ [undercurrent] 暗流发生: 【裂隙中的低语者】 在世界的裂隙深处，一双无形的眼睛缓缓睁开，发出低沉的嗤笑。它开始品尝玩家失去理智屏障后暴露的波动，悄然编织一张无形的网。
[06:41:33.799] ℹ️ [undercurrent] 新实体诞生: 裂隙中的低语者 - 
[06:41:44.743] ℹ️ [resolution_engine] 发送推演请求: 理智-1...
[06:41:48.587] ℹ️ [resolution_engine] RAW 变数生成返回: {
  "reactions": [
    {
      "id": 1,
      "description": "你的理智轻微波动，如同平静湖面落下一片羽毛。裂隙中的低语者似乎察觉到了这丝涟漪，但它只是发出一声几不可闻的轻笑，旋即陷入更深的沉寂。",
      "weight": 70
    },
    {
      "id": 2,
      "description": "世界没有任何明显的反应。你的微小调整并未引起任何已知存在的注意，只是你自己的意识感到了一丝微弱的刺痛，很快便消散了。",
      "weight": 30
    }
  ]
}
[06:41:48.587] ℹ️ [resolution_engine] 物理掷骰选中: 你的理智轻微波动，如同平静湖面落下一片羽毛。裂隙中的低语者似乎察觉到了这丝涟漪，但它只是发出一声几不可闻的轻笑，旋即陷入更深的沉寂。
[06:41:56.427] ℹ️ [resolution_engine] RAW 剧情结算返回: {
  "story_text": "你深吸一口气，试图在那道脆弱的屏障上刮下一道微不足道的刻痕。\n\n指令落下，理智的刻度轻轻一跳：19/20。仿佛只是拂去一粒尘埃，但视野的边缘却瞬间泛起细密的裂纹。那些原本被压抑的低语骤然清晰了一个音节——“……来……”——旋即又隐没在虚无中。你感到一阵轻微的眩晕，仿佛有什么东西在你的意识边缘舔舐了一下。\n\n裂隙中的低语者，那个诞生于你第一次动荡的古老存在，似乎满意地咂了咂嘴。它的目光不再那么锐利，反而透出某种慵懒的愉悦，像一只饱餐后的猫科动物，暂时收起了爪子。空气中那股被标记的寒意没有消散，却多了一层温热的黏腻感。\n\n你摸了摸自己的额头，发现那里渗出了细密的汗珠。身体的直觉在尖叫：你在被注视。但那注视并非恶意，更像是一个好奇的孩子在观察一只不断挣扎的飞蛾。你知道，只要你的理智继续这样细微地波动，它就不会采取行动——至少现在不会。\n\n可你也明白，这脆弱的平衡不会永远持续。每一次调整，每一次自我削弱，都在向深渊靠近一步。你听见远方传来沉闷的鼓声，像是世界的心脏在跳动，又像是某种倒计时的节奏。",
  "numeric_changes": { "hp": 0, "max_hp": 0, "mana": 0, "max_mana": 0 },
  "new_buffs": {},
  "remove_buffs": [],
  "dynamic_bars": { "理智": { "current": 19, "max": 20 } },
  "status_updates": { "当前时间": "纪元1年1月1日 上午", "身体": "完好" },
  "npc_states": { "裂隙中的低语者": { "description": "无形的古老存在，源自世界裂隙，对玩家的理智波动表现出好奇与愉悦", "disposition": "兴致勃勃" } },
  "status_deletions": []
}
[06:41:56.427] ℹ️ [undercurrent] === 暗流时间流转: Tick 9 ===
[06:41:58.639] ℹ️ [undercurrent] 暗流发生: 【裂隙中的低语者】 低语者注意到玩家重新建立了脆弱的理智屏障，它感到有趣，开始用更密集的低语试探这道防线，试图找到裂隙渗透进去。
[06:42:47.406] ℹ️ [resolution_engine] 发送推演请求: 新建状态 背包：空，肉棒：勃起...
[06:42:50.310] ℹ️ [resolution_engine] RAW 变数生成返回: {
  "reactions": [
    {
      "id": 1,
      "description": "你捏造了一个空无一物的背包，以及一根勃起的肉棒。世界对这些新增概念毫无反应，就像石头沉入水中，连涟漪都没有。但裂隙中的低语者却感到一阵困惑：这肉棒似乎带着某种原始的欲望波动，它饶有兴趣地嗅了嗅，决定暂时忽略。",
      "weight": 100
    }
  ]
}
[06:42:50.310] ℹ️ [resolution_engine] 物理掷骰选中: 你捏造了一个空无一物的背包，以及一根勃起的肉棒。世界对这些新增概念毫无反应，就像石头沉入水中，连涟漪都没有。但裂隙中的低语者却感到一阵困惑：这肉棒似乎带着某种原始的欲望波动，它饶有兴趣地嗅了嗅，决定暂时忽略。
[06:42:57.503] ℹ️ [resolution_engine] RAW 剧情结算返回: {
  "story_text": "你伸手探入虚无，意念流转间，一个空荡荡的背包凭空出现在你背上，挎带轻轻晃动。紧接着，一股原始的热流在下腹凝聚，你的肉棒不受控制地勃起，顶起衣料，散发着赤裸裸的欲望信号。\\n\\n裂隙中的低语者被这股波动惊动。它的视线穿透次元壁，落在你那勃起的器官上，发出一声低沉的嗤笑。\"有趣的小把戏……\"它低声呢喃，无形的触手在虚空里卷曲，似乎对你的欲望波动产生了兴趣，但又嫌它过于直白，暂时将它搁置一边。理智壁垒在你的识海里微微闪烁，像一面盾牌，挡住了几句试探性的低语。",
  "numeric_changes": { "hp": 0, "max_hp": 0, "mana": 0, "max_mana": 0 },
  "new_buffs": {},
  "remove_buffs": [],
  "dynamic_bars": { "理智": { "current": 100, "max": 100 } },
  "status_updates": { "当前时间": "纪元1年1月1日 上午", "身体": "完好", "背包": "空", "肉棒": "勃起" },
  "npc_states": {},
  "status_deletions": []
}
[06:42:57.503] ℹ️ [undercurrent] === 暗流时间流转: Tick 10 ===
[06:43:01.673] ℹ️ [undercurrent] 暗流发生: 【裂隙中的低语者】 开始在世界的裂隙中窃窃私语，向某些敏感的灵魂传递混乱的念头。
[06:44:02.086] ℹ️ [resolution_engine] 发送推演请求: 删除状态背包、删除状态肉棒，新...
[06:44:03.798] ℹ️ [resolution_engine] RAW 变数生成返回: {"reactions": [{"id": 1, "description": "你意念一动，背上的背包化为光点消散，下腹的勃起也迅速消退，恢复平静。两株草药凭空出现在你手中，叶片翠绿，散发着淡淡的药香。理智壁垒微微颤动，低语者的窃笑在裂隙中回荡，它似乎对你的反复无常感到有趣，但仍未放弃渗透的尝试。", "weight": 100}]}
[06:44:03.798] ℹ️ [resolution_engine] 物理掷骰选中: 你意念一动，背上的背包化为光点消散，下腹的勃起也迅速消退，恢复平静。两株草药凭空出现在你手中，叶片翠绿，散发着淡淡的药香。理智壁垒微微颤动，低语者的窃笑在裂隙中回荡，它似乎对你的反复无常感到有趣，但仍未放弃渗透的尝试。
[06:44:10.823] ℹ️ [resolution_engine] RAW 剧情结算返回: {
  "story_text": "你意念一动，背上的背包化为光点消散，下腹的勃起也迅速消退，恢复平静。\\n\\n两株草药凭空出现在你手中，叶片翠绿，散发着淡淡的药香。理智壁垒微微颤动，低语者的窃笑在裂隙中回荡，它似乎对你的反复无常感到有趣，但仍未放弃渗透的尝试。",
  "numeric_changes": { "hp": 0, "max_hp": 0, "mana": 0, "max_mana": 0 },
  "new_buffs": {},
  "remove_buffs": [],
  "dynamic_bars": { "理智": { "current": 100, "max": 100 } },
  "status_updates": { "当前时间": "纪元1年1月1日 上午", "身体": "完好", "道具": "草药*2" },
  "npc_states": {},
  "status_deletions": [ "背包", "肉棒" ]
}
[06:44:10.823] ℹ️ [undercurrent] === 暗流时间流转: Tick 11 ===
[06:44:41.550] ℹ️ [resolution_engine] 发送推演请求: 消耗了一个草药...
[06:44:44.132] ℹ️ [resolution_engine] RAW 变数生成返回: {
  "reactions": [
    {
      "id": 1,
      "description": "你手中的一株草药化为翠绿光点消散，药香在空中弥漫片刻后归于虚无。理智壁垒微微发热，低语者的窃笑从裂隙中传来，带着一丝嘲弄：「浪费…」它低语道，似乎对你的行为不以为然，但仍未放弃试探你的精神防线。",
      "weight": 100
    }
  ]
}
[06:44:44.132] ℹ️ [resolution_engine] 物理掷骰选中: 你手中的一株草药化为翠绿光点消散，药香在空中弥漫片刻后归于虚无。理智壁垒微微发热，低语者的窃笑从裂隙中传来，带着一丝嘲弄：「浪费…」它低语道，似乎对你的行为不以为然，但仍未放弃试探你的精神防线。
[06:44:46.431] ℹ️ [resolution_engine] RAW 剧情结算返回: {
  "story_text": "你手中的一株草药化为翠绿光点消散，药香在空中弥漫片刻后归于虚无。理智壁垒微微发热，低语者的窃笑从裂隙中传来，带着一丝嘲弄：「浪费…」它低语道，似乎对你的行为不以为然，但仍未放弃试探你的精神防线。",
  "numeric_changes": { "hp": 0, "max_hp": 0, "mana": 0, "max_mana": 0 },
  "new_buffs": {},
  "remove_buffs": [],
  "dynamic_bars": { "理智": { "current": 100, "max": 100 } },
  "status_updates": { "当前时间": "纪元1年1月1日 上午", "身体": "完好", "道具": "草药*1" },
  "npc_states": {},
  "status_deletions": []
}
[06:44:46.431] ℹ️ [undercurrent] === 暗流时间流转: Tick 12 ===
[06:44:48.150] ℹ️ [undercurrent] 暗流发生: 【裂隙中的低语者】 在你的草药出现后，低语者短暂沉默，随即在裂隙深处翻动，似乎在酝酿更精巧的试探。它不急于行动，而是等待你下一次露出破绽。
[06:44:53.833] ℹ️ [resolution_engine] 发送推演请求: 理智-20...
[06:44:56.068] ℹ️ [resolution_engine] RAW 变数生成返回: {"reactions": [{"id": 1, "description": "你的理智壁垒因消耗草药而微微震颤，裂隙中的低语者立刻捕捉到这个波动。它的笑声变得尖锐，无形的触手从裂隙中探出，轻轻触碰你的精神防线。识海中闪过几幅破碎的画面——一片荒芜的焦土，一个倒悬的时钟，以及你自己恐惧的面孔。理智值下降20点。", "weight": 100}]}
[06:44:56.068] ℹ️ [resolution_engine] 物理掷骰选中: 你的理智壁垒因消耗草药而微微震颤，裂隙中的低语者立刻捕捉到这个波动。它的笑声变得尖锐，无形的触手从裂隙中探出，轻轻触碰你的精神防线。识海中闪过几幅破碎的画面——一片荒芜的焦土，一个倒悬的时钟，以及你自己恐惧的面孔。理智值下降20点。
[06:44:58.082] ℹ️ [resolution_engine] RAW 剧情结算返回: {
  "story_text": "你的理智壁垒因消耗草药而微微震颤，裂隙中的低语者立刻捕捉到这个波动。它的笑声变得尖锐，无形的触手从裂隙中探出，轻轻触碰你的精神防线。\\n\\n识海中闪过几幅破碎的画面——一片荒芜的焦土，一个倒悬的时钟，以及你自己恐惧的面孔。理智值下降20点，你感到一阵眩晕，但勉强稳住了心神。",
  "numeric_changes": {
    "hp": 0,
    "max_hp": 0,
    "mana": 0,
    "max_mana": 0
  },
  "new_buffs": {},
  "remove_buffs": [],
  "dynamic_bars": {
    "理智": {
      "current": 80,
      "max": 100
    }
  },
  "status_updates": {
    "当前时间": "纪元1年1月1日 上午",
    "身体": "完好",
    "道具": "草药*1"
  },
  "npc_states": {},
  "status_deletions": []
}
[06:44:58.082] ℹ️ [undercurrent] === 暗流时间流转: Tick 13 ===
[06:45:00.777] ℹ️ [undercurrent] 暗流发生: 【裂隙中的低语者】 在你消耗草药时，低语者的窃笑微震裂隙，它觉察到你精神的波动，决定加强低语渗透的频率与深度。
[06:59:53.499] ℹ️ [resolution_engine] 发送推演请求: 新建npc村民，新建敌人 土匪...
[06:59:59.139] ℹ️ [resolution_engine] RAW 变数生成返回: {
  "reactions": [
    {
      "id": 1,
      "description": "一个衣着朴素的村民从不远处的小路上走来，看到你后停下脚步，神色紧张，似乎想说什么又犹豫不决。你注意到他腰间别着一把破旧的镰刀，手紧紧握着刀柄，显然对你不信任。",
      "weight": 70
    },
    {
      "id": 2,
      "description": "灌木丛中突然窜出三个手持弯刀的土匪，为首的大汉咧嘴笑道：“小子，把值钱的东西交出来，饶你一命！”他们呈半圆形围住你，眼神贪婪而凶狠，显然是一伙惯犯。",
      "weight": 80
    },
    {
      "id": 3,
      "description": "裂隙中的低语者对新出现的两个灵魂产生了兴趣，它分出两缕细不可察的低语，分别飘向村民和土匪，试图在村民心中植入恐惧，在土匪心中点燃暴虐。理智壁垒对此微微颤动，但未发出警告。",
      "weight": 50
    }
  ]
}
[06:59:59.140] ℹ️ [resolution_engine] 物理掷骰选中: 裂隙中的低语者对新出现的两个灵魂产生了兴趣，它分出两缕细不可察的低语，分别飘向村民和土匪，试图在村民心中植入恐惧，在土匪心中点燃暴虐。理智壁垒对此微微颤动，但未发出警告。
[07:00:09.362] ℹ️ [resolution_engine] RAW 剧情结算返回: {
  "story_text": "你刚稳住心神，前方的小路上便走出一位背着锄头的村民。他脚步虚浮，目光躲闪，似乎被什么不洁之物侵扰了心智——那是低语者的触须，正悄然在他脑中种下恐惧的种子。\\n\\n与此同时，林间传来粗重的脚步声，一个满脸横肉的土匪提刀冲出，眼中布满血丝，嘴里嘟囔着暴虐的呓语。低语者的低语如蛇般缠绕在他心头，将他的恶念放大到极致。\\n\\n你握紧手中最后一株草药，理智壁垒微微发光，提醒你这两人的异常都与裂隙有关。村民望见你，颤抖着喊：‘救...救我，有东西在脑子里说话！’土匪则狞笑着朝你扑来，刀锋在阳光下反射出刺目的寒光。",
  "numeric_changes": { "hp": 0, "max_hp": 0, "mana": 0, "max_mana": 0 },
  "new_buffs": {},
  "remove_buffs": [],
  "dynamic_bars": { "理智": { "current": 100, "max": 100 } },
  "status_updates": {
    "当前时间": "纪元1年1月1日 上午",
    "身体": "完好",
    "道具": "草药*1"
  },
  "npc_states": {
    "村民_张三": { "type": "村民", "描述": "一个朴素的庄稼汉，眼神中带着一丝不安，似乎被低语者影响了心智", "状态": "正常" },
    "土匪_李四": { "type": "敌人", "描述": "一个凶悍的强盗，眼中闪烁着暴虐的光芒，低语者的低语在他心中点燃了杀戮的欲望", "状态": "敌对" }
  },
  "status_deletions": []
}
[07:00:09.362] ℹ️ [undercurrent] === 暗流时间流转: Tick 14 ===
[07:00:11.664] ℹ️ [undercurrent] 暗流发生: 【裂隙中的低语者】 趁玩家理智下降，它成功地让更多的窃语渗透进玩家的识海，理智壁垒出现细微裂痕。
[07:00:50.774] ℹ️ [resolution_engine] 发送推演请求: 理智-20...
[07:01:00.780] ℹ️ [resolution_engine] RAW 变数生成返回: {
  "reactions": [
    {
      "id": 1,
      "description": "村民张三突然捂住头痛苦地跪倒在地，低语者的触须在他脑中疯狂蔓延，他眼中闪过挣扎与疯狂，猛地抬头对你嘶吼：‘快跑！它……它要出来了！’随后他的身体开始扭曲，皮肤下涌出黑色符文，即将异变成某种低语者的傀儡。",
      "weight": 40
    },
    {
      "id": 2,
      "description": "土匪李四狂笑着冲锋到半途，却忽然僵住，喉咙里发出咯咯的声响——低语者的低语瞬间压垮了他的神智，他双眼彻底变成漆黑，反手将刀捅向自己的腹部，同时嘴里念出亵渎的咒语，伤口处涌出黑雾，凝聚成一只嘶叫的阴影生物。",
      "weight": 35
    },
    {
      "id": 3,
      "description": "裂隙在低语者的尖笑中骤然扩大，一道肉眼可见的涟漪扫过全场。你感到理智壁垒剧烈震荡，周围景物开始扭曲——天空变成倒悬的钟表，地面浮现无数流泪的面孔。村民与土匪同时静止，他们的影子活了过来，伸出利爪抓向你的脚踝。",
      "weight": 25
    }
  ]
}
[07:01:00.780] ℹ️ [resolution_engine] 物理掷骰选中: 村民张三突然捂住头痛苦地跪倒在地，低语者的触须在他脑中疯狂蔓延，他眼中闪过挣扎与疯狂，猛地抬头对你嘶吼：‘快跑！它……它要出来了！’随后他的身体开始扭曲，皮肤下涌出黑色符文，即将异变成某种低语者的傀儡。
[07:01:06.558] ℹ️ [resolution_engine] RAW 剧情结算返回: {
  "story_text": "你刚准备回应，村民张三却突然捂住头痛苦地跪倒在地。低语者的触须在他脑中疯狂蔓延，他眼中闪过挣扎与疯狂，猛地抬头对你嘶吼：‘快跑！它……它要出来了！’他的身体开始扭曲，皮肤下涌出黑色符文，肌肉膨胀变形，眼看就要异化成某种低语者的傀儡。\\n\\n土匪李四见状狞笑更甚，挥刀直冲而来，口中嘶哑地念着亵渎的祷词。你紧握手中最后一株草药，理智壁垒的微光在裂隙的低语中摇曳，你知道必须立刻做出选择：是尝试用草药阻止村民的异变，还是先迎战土匪？",
  "numeric_changes": { "hp": 0, "max_hp": 0, "mana": 0, "max_mana": 0 },
  "new_buffs": {},
  "remove_buffs": [],
  "dynamic_bars": { "理智": { "current": 80, "max": 100 } },
  "status_updates": { "当前时间": "纪元1年1月1日 上午", "身体": "正常" },
  "npc_states": { "村民_张三": { "type": "村民", "description": "一个朴素的庄稼汉，正在经历异变，皮肤下浮现黑色符文，即将成为低语者的傀儡", "state": "异变中" }, "土匪_李四": { "type": "敌人", "description": "一个凶悍的强盗，眼中闪烁着暴虐的光芒，低语者的低语在他心中点燃了杀戮的欲望", "state": "敌对" } },
  "status_deletions": []
}
[07:01:06.558] ℹ️ [undercurrent] === 暗流时间流转: Tick 15 ===
[07:01:08.751] ℹ️ [undercurrent] 暗流发生: 【裂隙中的低语者】 低语者通过村民和土匪的双重夹击，试图进一步瓦解玩家的理智防线，同时悄然扩大裂隙的渗透范围，将恐惧与混乱播撒到更远的村落。
[07:18:52.109] ℹ️ [undercurrent] === 暗流时间流转: Tick 16 ===
[07:18:53.813] ℹ️ [undercurrent] 暗流发生: 【裂隙中的低语者】 通过低语持续放大了村民的恐惧和土匪的暴虐，试图利用他们攻击玩家，同时加深对玩家理智壁垒的渗透
[07:19:05.749] ℹ️ [undercurrent] === 暗流时间流转: Tick 17 ===
[07:19:07.572] ℹ️ [undercurrent] 暗流发生: 【裂隙中的低语者】 操控村民和土匪，利用他们攻击玩家并尝试侵蚀理智壁垒
[07:19:18.323] ℹ️ [undercurrent] === 暗流时间流转: Tick 18 ===
[07:19:19.816] ℹ️ [undercurrent] 暗流发生: 【裂隙中的低语者】 低语在村民和土匪心中放大恐惧与恶念
[07:19:37.786] ℹ️ [undercurrent] === 暗流时间流转: Tick 19 ===
[07:19:39.046] ℹ️ [undercurrent] 暗流发生: 【裂隙中的低语者】 继续通过裂隙向周围扩散低语，侵蚀村民和土匪的心智，并观察玩家的反应
[07:21:35.345] ℹ️ [resolution_engine] 发送推演请求: （这是调式模式，用于测试所有功...
[07:21:38.493] ℹ️ [resolution_engine] RAW 变数生成返回: {"reactions": [{"id": 1, "description": "世界接受你的状态设定。裂隙中的低语者开始暗自观察，但尚未行动。", "weight": 100}]}
[07:21:38.493] ℹ️ [resolution_engine] 物理掷骰选中: 世界接受你的状态设定。裂隙中的低语者开始暗自观察，但尚未行动。
[07:21:41.632] ℹ️ [resolution_engine] RAW 剧情结算返回: {
  "story_text": "裂隙中的低语者沉默不语，世界悄然接纳了你的设定。理智与性欲的刻度显现，草药在背包中静置，村民甲与土匪各自就位。",
  "numeric_changes": {
    "hp": 0,
    "max_hp": 0,
    "mana": 0,
    "max_mana": 0
  },
  "new_buffs": {},
  "remove_buffs": [],
  "dynamic_bars": {
    "理智": {
      "current": 100,
      "max": 100
    },
    "性欲": {
      "current": 0,
      "max": 100
    }
  },
  "status_updates": {
    "身体": "完好",
    "肉棒": "软",
    "背包": "草药*2"
  },
  "npc_states": {
    "村民甲": {
      "theme": "emerald",
      "状态": "健康",
      "意图": "无害"
    },
    "土匪": {
      "theme": "red",
      "状态": "健康",
      "护甲": "10/10",
      "意图": "敌对"
    }
  },
  "status_deletions": []
}
[07:21:41.632] ℹ️ [undercurrent] === 暗流时间流转: Tick 20 ===
[07:22:50.511] ℹ️ [resolution_engine] 发送推演请求: 理智-33，性欲+22，村民甲...
[07:22:56.651] ℹ️ [resolution_engine] RAW 变数生成返回: {
  "reactions": [
    {
      "id": 1,
      "description": "土匪（大胸美女）双眼泛起诡异红光，嘴角勾起一抹媚笑，挺起裸露的胸膛缓缓靠近，同时手中的匕首寒光闪烁，低语：'来陪我玩玩吧，可怜虫……' 她试图以美色诱惑你接近，然后发动突袭。",
      "weight": 60
    },
    {
      "id": 2,
      "description": "裂隙中的低语者趁你理智下降之际，低语变得更加清晰：'放弃抵抗……屈服于欲望……' 你感到一阵眩晕，理智壁垒出现裂缝，性欲如潮水般涌起，肉棒不受控制地完全勃起。",
      "weight": 40
    }
  ]
}
[07:22:56.651] ℹ️ [resolution_engine] 物理掷骰选中: 裂隙中的低语者趁你理智下降之际，低语变得更加清晰：'放弃抵抗……屈服于欲望……' 你感到一阵眩晕，理智壁垒出现裂缝，性欲如潮水般涌起，肉棒不受控制地完全勃起。
[07:23:02.113] ℹ️ [resolution_engine] RAW 剧情结算返回: {
  "story_text": "裂隙中的低语者趁你理智下降之际，低语变得更加清晰：'放弃抵抗……屈服于欲望……' 你感到一阵眩晕，理智壁垒出现裂缝，性欲如潮水般涌起，肉棒不受控制地完全勃起。村民甲在你恍惚间被土匪一刀砍倒，你消耗了一株草药试图稳住心神，但眼前土匪那裸露的巨乳让欲望更盛。",
  "numeric_changes": {
    "hp": 0,
    "max_hp": 0,
    "mana": 0,
    "max_mana": 0
  },
  "new_buffs": {},
  "remove_buffs": [],
  "dynamic_bars": {
    "理智": {"current": 67, "max": 100},
    "性欲": {"current": 22, "max": 100}
  },
  "status_updates": {
    "身体": "完好",
    "肉棒": "完全勃起",
    "背包": "草药*1"
  },
  "npc_states": {
    "土匪": "theme:red, 状态:健康, 护甲:10/10, 意图:敌对, 外观:大胸裸露"
  },
  "status_deletions": ["村民甲"]
}
[07:23:02.113] ℹ️ [undercurrent] === 暗流时间流转: Tick 21 ===
[07:25:17.495] ℹ️ [resolution_engine] 发送推演请求: 我获得护甲30/30，理智 改...
[07:25:20.941] ℹ️ [resolution_engine] RAW 变数生成返回: {"reactions": [{"id": 1, "description": "你伸手抹去理智的刻度，改写为'意志'。性欲的条码在你意念中化为虚无消散。护甲如光织般覆盖你的身体，给予你30点防护。而那大胸土匪的身影在你眼前如烟般溃散，仿佛从未存在。裂隙中的低语者发出一声不甘的嘶鸣，失去了性欲的锚点，它的声音变得模糊而遥远。", "weight": 100}]}
[07:25:20.942] ℹ️ [resolution_engine] 物理掷骰选中: 你伸手抹去理智的刻度，改写为'意志'。性欲的条码在你意念中化为虚无消散。护甲如光织般覆盖你的身体，给予你30点防护。而那大胸土匪的身影在你眼前如烟般溃散，仿佛从未存在。裂隙中的低语者发出一声不甘的嘶鸣，失去了性欲的锚点，它的声音变得模糊而遥远。
[07:25:32.643] ℹ️ [resolution_engine] RAW 剧情结算返回: {
  "story_text": "你意念一动，护甲如光织般覆盖身体，提供30点防护。你抹去'理智'铭文，改写为'意志'，同时性欲刻度消散于无形。那大胸土匪的身影如烟溃散。裂隙中的低语者发出一声不甘的嘶鸣，失去了性欲的锚点，它的声音变得模糊而遥远。",
  "numeric_changes": {
    "hp": 0,
    "max_hp": 0,
    "mana": 0,
    "max_mana": 0
  },
  "new_buffs": {},
  "remove_buffs": [],
  "dynamic_bars": {
    "意志": {
      "current": 67,
      "max": 100
    }
  },
  "status_updates": {
    "身体": "完好",
    "肉棒": "完全勃起",
    "背包": "草药*1",
    "护甲": "30/30"
  },
  "npc_states": {},
  "status_deletions": [
    "性欲",
    "土匪",
    "理智"
  ]
}
[07:25:32.643] ℹ️ [undercurrent] === 暗流时间流转: Tick 22 ===
[07:25:39.571] ℹ️ [undercurrent] 暗流发生: 【裂隙中的低语者】 趁玩家理智下降之际低语，诱惑其屈服欲望，导致玩家性欲上升、理智下降
[07:26:27.694] ℹ️ [resolution_engine] 发送推演请求: 删除肉棒、背包、护甲，护甲是状...
[07:26:33.135] ℹ️ [resolution_engine] RAW 变数生成返回: {
  "reactions": [
    {
      "id": 1,
      "description": "你抹去了肉棒与背包的存在，护甲化作意志之壁上的清晰刻度，精液条在虚空中浮现。裂隙中的低语者失去了最后一丝欲望的触须，彻底陷入死寂。世界一片清净。",
      "weight": 100
    }
  ]
}
[07:26:33.135] ℹ️ [resolution_engine] 物理掷骰选中: 你抹去了肉棒与背包的存在，护甲化作意志之壁上的清晰刻度，精液条在虚空中浮现。裂隙中的低语者失去了最后一丝欲望的触须，彻底陷入死寂。世界一片清净。
[07:26:41.815] ℹ️ [resolution_engine] RAW 剧情结算返回: {
  "story_text": "你意念所至，肉棒与背包化为虚无，护甲的刻度从意志之壁上抹去，同时一道新的刻度——精液，缓缓浮现，满盈至100。裂隙中的低语者彻底失去联系，世界归于寂静。",
  "numeric_changes": {"hp": 0, "max_hp": 0, "mana": 0, "max_mana": 0},
  "new_buffs": {},
  "remove_buffs": [],
  "dynamic_bars": {"意志": {"current": 67, "max": 100}, "精液": {"current": 100, "max": 100}},
  "status_updates": {"身体": "完好"},
  "npc_states": {},
  "status_deletions": ["肉棒", "背包", "护甲"]
}
[07:26:41.815] ℹ️ [undercurrent] === 暗流时间流转: Tick 23 ===
[07:27:00.758] ℹ️ [resolution_engine] 发送推演请求: 射精啦！...
[07:27:03.775] ℹ️ [resolution_engine] RAW 变数生成返回: {"reactions": [{"id": 1, "description": "你释放了积攒的精液，一道白浊的弧线划过空中。精液值锐减至0，而你的意志因这宣泄而微微回升，增加了10点。世界依旧寂静，裂隙低语者已无踪迹。", "weight": 100}]}
[07:27:03.775] ℹ️ [resolution_engine] 物理掷骰选中: 你释放了积攒的精液，一道白浊的弧线划过空中。精液值锐减至0，而你的意志因这宣泄而微微回升，增加了10点。世界依旧寂静，裂隙低语者已无踪迹。
[07:27:05.537] ℹ️ [resolution_engine] RAW 剧情结算返回: {
  "story_text": "你释放了积攒的精液，一道白浊的弧线划过空中。精液值锐减至0，而你的意志因这宣泄而微微回升，增加了10点。世界依旧寂静，裂隙低语者已无踪迹。",
  "numeric_changes": {
    "hp": 0,
    "max_hp": 0,
    "mana": 0,
    "max_mana": 0
  },
  "new_buffs": {},
  "remove_buffs": [],
  "dynamic_bars": {
    "意志": {"current": 77, "max": 100},
    "精液": {"current": 0, "max": 100}
  },
  "status_updates": {
    "身体": "完好"
  },
  "npc_states": {},
  "status_deletions": []
}
[07:27:05.537] ℹ️ [undercurrent] === 暗流时间流转: Tick 24 ===
[07:27:28.245] ℹ️ [undercurrent] === 暗流时间流转: Tick 25 ===
[07:27:51.821] ℹ️ [undercurrent] === 暗流时间流转: Tick 26 ===
[07:28:53.335] ℹ️ [resolution_engine] 发送推演请求: 我插入她的小穴射精...
[07:28:57.094] ℹ️ [resolution_engine] RAW 变数生成返回: {"reactions": [{"id": 1, "description": "你扑向土匪，但她护甲未卸，你撞在坚硬的皮革上。她冷笑一声，挥拳击中你的腹部，你感到一阵剧痛，理智-10，hp-10。", "weight": 60}, {"id": 2, "description": "土匪眼中闪过一丝迷离，低语似乎也影响了她。她任由你撕开她的衣物，露出湿润的阴部。你插入并射精，性欲-30，理智-10，土匪状态变为'满足'。但裂隙中的低语者发出满意的笑声。", "weight": 40}]}
[07:28:57.094] ℹ️ [resolution_engine] 物理掷骰选中: 土匪眼中闪过一丝迷离，低语似乎也影响了她。她任由你撕开她的衣物，露出湿润的阴部。你插入并射精，性欲-30，理智-10，土匪状态变为'满足'。但裂隙中的低语者发出满意的笑声。
[07:29:03.533] ℹ️ [resolution_engine] RAW 剧情结算返回: {
  "story_text": "你粗暴地插入土匪湿润的小穴，她发出一声闷哼，眼中闪过一丝迷离。裂隙中的低语者笑声回荡，你加速抽插，最终在她体内射精。射精后，你感到性欲稍减，但理智再次被侵蚀。",
  "numeric_changes": {
    "hp": 0,
    "max_hp": 0,
    "mana": 0,
    "max_mana": 0
  },
  "new_buffs": {},
  "remove_buffs": [],
  "dynamic_bars": {
    "理智": {"current": 57, "max": 100},
    "性欲": {"current": 0, "max": 100}
  },
  "status_updates": {
    "身体": "完好",
    "肉棒": "射精后",
    "背包": "草药*1"
  },
  "npc_states": {
    "土匪": "theme:red, 状态:满足, 护甲:10/10, 意图:友善, 特征:大胸美女, 露出胸部"
  },
  "status_deletions": []
}
[07:29:03.533] ℹ️ [undercurrent] === 暗流时间流转: Tick 27 ===
[07:29:55.133] ℹ️ [resolution_engine] 发送推演请求: 新建暗流实体“土匪王”...
[07:30:00.215] ℹ️ [resolution_engine] RAW 变数生成返回: {
  "reactions": [
    {
      "id": 1,
      "description": "土匪王从营地深处现身，她是一位身材高挑、胸部裸露的女性，眼神中混杂着欲望与恶意。她的出现伴随着裂隙中低语的加强，理智-5，性欲+10，且土匪王的护甲值为20，意图变为“诱惑并击杀”。",
      "weight": 100
    }
  ]
}
[07:30:00.215] ℹ️ [resolution_engine] 物理掷骰选中: 土匪王从营地深处现身，她是一位身材高挑、胸部裸露的女性，眼神中混杂着欲望与恶意。她的出现伴随着裂隙中低语的加强，理智-5，性欲+10，且土匪王的护甲值为20，意图变为“诱惑并击杀”。
[07:30:08.699] ℹ️ [resolution_engine] RAW 剧情结算返回: {
  "story_text": "裂隙中的低语骤然增强，一道暗影从营地深处凝聚成形。土匪王现身了——她身材高挑，双峰赤裸，眼神中交织着欲望与杀意。她的出现让理智再次受到侵蚀，性欲却如野火般蔓延。",
  "numeric_changes": {
    "hp": 0,
    "max_hp": 0,
    "mana": 0,
    "max_mana": 0
  },
  "new_buffs": {},
  "remove_buffs": [],
  "dynamic_bars": {
    "理智": {
      "current": 62,
      "max": 100
    },
    "性欲": {
      "current": 32,
      "max": 100
    }
  },
  "status_updates": {
    "身体": "完好",
    "肉棒": "半勃起",
    "背包": "草药*1"
  },
  "npc_states": {
    "土匪": "theme:red, 状态:健康, 护甲:10/10, 意图:敌对, 特征:大胸美女, 露出胸部",
    "土匪王": "theme:amber, 状态:健康, 护甲:20/20, 意图:诱惑并击杀, 特征:赤裸胸部, 高挑身姿, 欲望与恶意并存"
  },
  "status_deletions": []
}
[07:30:08.699] ℹ️ [undercurrent] === 暗流时间流转: Tick 28 ===
[07:30:38.135] ℹ️ [resolution_engine] 发送推演请求: 我逃离了这里（注意暗流实体推演...
[07:30:42.164] ℹ️ [resolution_engine] RAW 变数生成返回: {
  "reactions": [
    {
      "id": 1,
      "description": "土匪甲（大胸美女）立刻追击，一边跑一边喊道：“别跑啊，小宝贝，姐姐还没好好疼你呢！”她速度不慢，紧追不舍。",
      "weight": 50
    },
    {
      "id": 2,
      "description": "土匪王站在原地，嘴角勾起一抹冷笑，声音却穿透风声传入你耳中：“你以为逃得掉吗？你的欲望已经出卖了你。”低语在她的话语中回荡，理智-5，性欲+5。",
      "weight": 30
    },
    {
      "id": 3,
      "description": "裂隙中的低语者趁机加强低语，周围空气变得粘稠，你感到双腿发软，理智-10，性欲+10，逃离速度减半。",
      "weight": 20
    }
  ]
}
[07:30:42.164] ℹ️ [resolution_engine] 物理掷骰选中: 土匪王站在原地，嘴角勾起一抹冷笑，声音却穿透风声传入你耳中：“你以为逃得掉吗？你的欲望已经出卖了你。”低语在她的话语中回荡，理智-5，性欲+5。
[07:30:46.787] ℹ️ [resolution_engine] RAW 剧情结算返回: {
  "story_text": "你转身冲入密林，脚下的枯枝断裂声与心跳交织。身后传来土匪王的笑声，如影随形：“你以为逃得掉吗？你的欲望已经出卖了你。”低语在她的话语中回荡，你的理智再次被侵蚀，性欲却悄然升腾。你咬紧牙关，消失在树影深处。",
  "numeric_changes": { "hp": 0, "max_hp": 0, "mana": 0, "max_mana": 0 },
  "new_buffs": {},
  "remove_buffs": [],
  "dynamic_bars": { "理智": { "current": 57, "max": 100 }, "性欲": { "current": 37, "max": 100 } },
  "status_updates": { "身体": "完好", "肉棒": "半勃起", "背包": "草药*1" },
  "npc_states": {
    "土匪": "theme:red, 状态:健康, 护甲:10/10, 意图:敌对, 特征:大胸美女, 露出胸部",
    "土匪王": "theme:amber, 状态:健康, 护甲:20/20, 意图:诱惑并击杀, 特征:赤裸胸部, 高挑身姿, 欲望与恶意并存"
  },
  "status_deletions": []
}
[07:30:46.787] ℹ️ [undercurrent] === 暗流时间流转: Tick 29 ===
[07:30:48.702] ℹ️ [undercurrent] 新实体诞生: 土匪王 - 掌控欲望与杀戮，侵蚀玩家理智
[07:31:29.023] ℹ️ [resolution_engine] 发送推演请求: 世界时间 人类历1696年7月...
[07:31:34.280] ℹ️ [resolution_engine] RAW 变数生成返回: {
  "reactions": [
    {
      "id": 1,
      "description": "你逃入密林后，低语并未消失，反而在耳边萦绕。你感到前方树影中似乎有动静，原来是土匪王从阴影中缓步走出，她轻笑道：‘你跑不了多远，我的猎物。’她的赤裸胸部在月光下微微颤动，你的理智再次被侵蚀，性欲上升。",
      "weight": 40
    },
    {
      "id": 2,
      "description": "你拼命奔跑，身后传来急促的脚步声，似乎是土匪王追来了。但突然你听到一声惨叫，回头一看，土匪王被一根从地面窜出的藤蔓绊倒，她愤怒地撕扯着藤蔓。你获得短暂喘息机会，但低语仍在持续侵蚀你的理智。",
      "weight": 25
    },
    {
      "id": 3,
      "description": "在你逃离时，你发现前方有一个隐蔽的山洞，洞口被灌木遮挡。你可以选择躲进去，但洞内可能另有危险。土匪王的声音从远处传来：‘你在哪里？我会找到你的。’你的理智在低语中持续动摇。",
      "weight": 20
    },
    {
      "id": 4,
      "description": "你成功甩开了土匪王，暂时安全。但低语带来的欲望并未消退，你发现自己不自觉地在回想土匪王的身体，性欲上升，理智下降。你强忍着欲望，继续向更深处逃去。",
      "weight": 15
    }
  ]
}
[07:31:34.280] ℹ️ [resolution_engine] 物理掷骰选中: 你逃入密林后，低语并未消失，反而在耳边萦绕。你感到前方树影中似乎有动静，原来是土匪王从阴影中缓步走出，她轻笑道：‘你跑不了多远，我的猎物。’她的赤裸胸部在月光下微微颤动，你的理智再次被侵蚀，性欲上升。
[07:31:42.022] ℹ️ [resolution_engine] RAW 剧情结算返回: {
  "story_text": "你转身冲入密林，脚下的枯枝断裂声与心跳交织。身后传来土匪王的笑声，如影随形：“你以为逃得掉吗？你的欲望已经出卖了你。”低语在她的话语中回荡，你的理智再次被侵蚀，性欲却悄然升腾。你咬紧牙关，消失在树影深处。然而，低语并未消失，反而在耳边萦绕。你感到前方树影中似乎有动静，原来是土匪王从阴影中缓步走出，她轻笑道：‘你跑不了多远，我的猎物。’她的赤裸胸部在月光下微微颤动，你的理智再次被侵蚀，性欲上升。",
  "numeric_changes": {
    "hp": 0,
    "max_hp": 0,
    "mana": 0,
    "max_mana": 0
  },
  "new_buffs": {},
  "remove_buffs": [],
  "dynamic_bars": {
    "理智": {
      "current": 42,
      "max": 100
    },
    "性欲": {
      "current": 52,
      "max": 100
    }
  },
  "status_updates": {
    "身体": "完好",
    "当前时间": "人类历1696年7月23日",
    "肉棒": "完全勃起",
    "背包": "草药*1"
  },
  "npc_states": {
    "土匪": "theme:red, 状态:健康, 护甲:10/10, 意图:敌对, 特征:大胸美女, 露出胸部",
    "土匪王": "theme:amber, 状态:健康, 护甲:20/20, 意图:诱惑并击杀, 特征:赤裸胸部, 高挑身姿, 欲望与恶意并存"
  },
  "status_deletions": []
}
[07:31:42.022] ℹ️ [undercurrent] === 暗流时间流转: Tick 30 ===
[07:31:46.023] ℹ️ [undercurrent] 暗流发生: 【土匪王】 追踪逃入密林的玩家，并持续通过欲望低语侵蚀其理智
[07:36:20.418] ℹ️ [resolution_engine] 发送推演请求: 世界时间 人类历1696年7月...
[07:36:22.646] ℹ️ [resolution_engine] RAW 变数生成返回: {
  "reactions": [
    {
      "id": 1,
      "description": "土匪王踏入密林，她的笑声在树影间回荡。低语如毒蛇缠绕你的意识：“你越逃，欲望越深。”你的理智开始动摇，性欲缓缓攀升，肉棒在衣料下微微跳动。她距离你还有数百米，但每一步都踩在你的神经上。",
      "weight": 100
    }
  ]
}
[07:36:22.646] ℹ️ [resolution_engine] 物理掷骰选中: 土匪王踏入密林，她的笑声在树影间回荡。低语如毒蛇缠绕你的意识：“你越逃，欲望越深。”你的理智开始动摇，性欲缓缓攀升，肉棒在衣料下微微跳动。她距离你还有数百米，但每一步都踩在你的神经上。
[07:36:29.906] ℹ️ [resolution_engine] RAW 剧情结算返回: {
  "story_text": "你冲入密林，脚下的枯枝断裂声与心跳交织。身后传来土匪王的笑声，如影随形：“你以为逃得掉吗？你的欲望已经出卖了你。”低语在她的话语中回荡，你的理智再次被侵蚀，性欲却悄然升腾。你咬紧牙关，消失在树影深处。远处，脚步声渐近，她距离你还有数百米，但每一步都踩在你的神经上。肉棒在衣料下微微跳动，理智的裂痕在低语中扩大。",
  "numeric_changes": { "hp": 0, "max_hp": 0, "mana": 0, "max_mana": 0 },
  "new_buffs": {},
  "remove_buffs": [],
  "dynamic_bars": { "理智": { "current": 52, "max": 100 }, "性欲": { "current": 42, "max": 100 } },
  "status_updates": { "身体": "完好", "当前时间": "人类历1696年7月23日", "肉棒": "完全勃起" },
  "npc_states": {
    "土匪": "theme:red, 状态:健康, 护甲:10/10, 意图:敌对, 特征:大胸美女, 露出胸部",
    "土匪王": "theme:amber, 状态:健康, 护甲:20/20, 意图:追击并诱惑, 特征:赤裸胸部, 高挑身姿, 欲望与恶意并存"
  },
  "status_deletions": []
}
[07:36:29.906] ℹ️ [undercurrent] === 暗流时间流转: Tick 31 ===
[07:36:37.436] ℹ️ [undercurrent] 暗流发生: 【土匪王】 率领手下追赶逃离的玩家，并利用欲望低语追踪
[07:36:37.436] ℹ️ [undercurrent] 暗流发生: 【裂隙中的低语者】 在暗处持续低语，试图进一步削弱玩家的理智
[07:36:37.436] ℹ️ [undercurrent] 新实体诞生: 裂隙中的低语者 - 诱惑玩家屈服于欲望，成为其傀儡
[07:36:37.436] ℹ️ [undercurrent] 实体动机转变: 土匪王 -> 捕获并玩弄玩家，使其陷入欲望与恐惧的深渊
